{"/Users/atuldhakad/Documents/Projects/New Coaching FInder/Coaching_Finder-main/frontend/src/App.jsx": {"path":"/Users/atuldhakad/Documents/Projects/New Coaching FInder/Coaching_Finder-main/frontend/src/App.jsx","statementMap":{"0":{"start":{"line":28,"column":28},"end":{"line":68,"column":1}},"1":{"start":{"line":29,"column":44},"end":{"line":29,"column":53}},"2":{"start":{"line":32,"column":2},"end":{"line":41,"column":3}},"3":{"start":{"line":33,"column":4},"end":{"line":40,"column":6}},"4":{"start":{"line":44,"column":2},"end":{"line":46,"column":3}},"5":{"start":{"line":45,"column":4},"end":{"line":45,"column":44}},"6":{"start":{"line":49,"column":2},"end":{"line":65,"column":3}},"7":{"start":{"line":50,"column":4},"end":{"line":64,"column":6}},"8":{"start":{"line":57,"column":27},"end":{"line":57,"column":48}},"9":{"start":{"line":67,"column":2},"end":{"line":67,"column":18}},"10":{"start":{"line":72,"column":12},"end":{"line":179,"column":1}},"11":{"start":{"line":73,"column":34},"end":{"line":73,"column":49}},"12":{"start":{"line":75,"column":19},"end":{"line":75,"column":32}},"13":{"start":{"line":77,"column":2},"end":{"line":81,"column":9}},"14":{"start":{"line":78,"column":26},"end":{"line":78,"column":69}},"15":{"start":{"line":79,"column":4},"end":{"line":79,"column":31}},"16":{"start":{"line":80,"column":4},"end":{"line":80,"column":69}},"17":{"start":{"line":83,"column":2},"end":{"line":85,"column":9}},"18":{"start":{"line":84,"column":4},"end":{"line":84,"column":13}},"19":{"start":{"line":87,"column":2},"end":{"line":89,"column":17}},"20":{"start":{"line":88,"column":4},"end":{"line":88,"column":55}},"21":{"start":{"line":91,"column":25},"end":{"line":101,"column":3}},"22":{"start":{"line":92,"column":20},"end":{"line":92,"column":29}},"23":{"start":{"line":93,"column":4},"end":{"line":93,"column":25}},"24":{"start":{"line":94,"column":4},"end":{"line":94,"column":46}},"25":{"start":{"line":95,"column":4},"end":{"line":95,"column":63}},"26":{"start":{"line":103,"column":2},"end":{"line":178,"column":4}}},"fnMap":{"0":{"name":"(anonymous_0)","decl":{"start":{"line":28,"column":28},"end":{"line":28,"column":29}},"loc":{"start":{"line":28,"column":46},"end":{"line":68,"column":1}},"line":28},"1":{"name":"(anonymous_1)","decl":{"start":{"line":57,"column":21},"end":{"line":57,"column":22}},"loc":{"start":{"line":57,"column":27},"end":{"line":57,"column":48}},"line":57},"2":{"name":"(anonymous_2)","decl":{"start":{"line":72,"column":12},"end":{"line":72,"column":13}},"loc":{"start":{"line":72,"column":18},"end":{"line":179,"column":1}},"line":72},"3":{"name":"(anonymous_3)","decl":{"start":{"line":77,"column":12},"end":{"line":77,"column":13}},"loc":{"start":{"line":77,"column":18},"end":{"line":81,"column":3}},"line":77},"4":{"name":"(anonymous_4)","decl":{"start":{"line":83,"column":12},"end":{"line":83,"column":13}},"loc":{"start":{"line":83,"column":18},"end":{"line":85,"column":3}},"line":83},"5":{"name":"(anonymous_5)","decl":{"start":{"line":87,"column":12},"end":{"line":87,"column":13}},"loc":{"start":{"line":87,"column":18},"end":{"line":89,"column":3}},"line":87},"6":{"name":"(anonymous_6)","decl":{"start":{"line":91,"column":25},"end":{"line":91,"column":26}},"loc":{"start":{"line":91,"column":31},"end":{"line":101,"column":3}},"line":91}},"branchMap":{"0":{"loc":{"start":{"line":32,"column":2},"end":{"line":41,"column":3}},"type":"if","locations":[{"start":{"line":32,"column":2},"end":{"line":41,"column":3}},{"start":{},"end":{}}],"line":32},"1":{"loc":{"start":{"line":44,"column":2},"end":{"line":46,"column":3}},"type":"if","locations":[{"start":{"line":44,"column":2},"end":{"line":46,"column":3}},{"start":{},"end":{}}],"line":44},"2":{"loc":{"start":{"line":49,"column":2},"end":{"line":65,"column":3}},"type":"if","locations":[{"start":{"line":49,"column":2},"end":{"line":65,"column":3}},{"start":{},"end":{}}],"line":49},"3":{"loc":{"start":{"line":105,"column":22},"end":{"line":105,"column":44}},"type":"cond-expr","locations":[{"start":{"line":105,"column":33},"end":{"line":105,"column":39}},{"start":{"line":105,"column":42},"end":{"line":105,"column":44}}],"line":105}},"s":{"0":0,"1":0,"2":0,"3":0,"4":0,"5":0,"6":0,"7":0,"8":0,"9":0,"10":0,"11":0,"12":0,"13":0,"14":0,"15":0,"16":0,"17":0,"18":0,"19":0,"20":0,"21":0,"22":0,"23":0,"24":0,"25":0,"26":0},"f":{"0":0,"1":0,"2":0,"3":0,"4":0,"5":0,"6":0},"b":{"0":[0,0],"1":[0,0],"2":[0,0],"3":[0,0]}}
,"/Users/atuldhakad/Documents/Projects/New Coaching FInder/Coaching_Finder-main/frontend/src/Routes.jsx": {"path":"/Users/atuldhakad/Documents/Projects/New Coaching FInder/Coaching_Finder-main/frontend/src/Routes.jsx","statementMap":{"0":{"start":{"line":8,"column":16},"end":{"line":16,"column":1}},"1":{"start":{"line":9,"column":2},"end":{"line":15,"column":4}}},"fnMap":{"0":{"name":"(anonymous_0)","decl":{"start":{"line":8,"column":16},"end":{"line":8,"column":17}},"loc":{"start":{"line":8,"column":22},"end":{"line":16,"column":1}},"line":8}},"branchMap":{},"s":{"0":0,"1":0},"f":{"0":0},"b":{}}
,"/Users/atuldhakad/Documents/Projects/New Coaching FInder/Coaching_Finder-main/frontend/src/api.js": {"path":"/Users/atuldhakad/Documents/Projects/New Coaching FInder/Coaching_Finder-main/frontend/src/api.js","statementMap":{"0":{"start":{"line":4,"column":12},"end":{"line":7,"column":2}}},"fnMap":{},"branchMap":{"0":{"loc":{"start":{"line":5,"column":11},"end":{"line":5,"column":67}},"type":"binary-expr","locations":[{"start":{"line":5,"column":11},"end":{"line":5,"column":40}},{"start":{"line":5,"column":44},"end":{"line":5,"column":67}}],"line":5}},"s":{"0":0},"f":{},"b":{"0":[0,0]}}
,"/Users/atuldhakad/Documents/Projects/New Coaching FInder/Coaching_Finder-main/frontend/src/firebase.jsx": {"path":"/Users/atuldhakad/Documents/Projects/New Coaching FInder/Coaching_Finder-main/frontend/src/firebase.jsx","statementMap":{"0":{"start":{"line":6,"column":23},"end":{"line":14,"column":1}},"1":{"start":{"line":16,"column":12},"end":{"line":16,"column":41}},"2":{"start":{"line":17,"column":13},"end":{"line":17,"column":25}},"3":{"start":{"line":18,"column":11},"end":{"line":18,"column":28}}},"fnMap":{},"branchMap":{},"s":{"0":2,"1":2,"2":2,"3":2},"f":{},"b":{},"_coverageSchema":"1a1c01bbd47fc00a2c39e90264f33305004495a9","hash":"42094134c37a8a15d3df3626147ee9a6e52e885f"}
,"/Users/atuldhakad/Documents/Projects/New Coaching FInder/Coaching_Finder-main/frontend/src/index.jsx": {"path":"/Users/atuldhakad/Documents/Projects/New Coaching FInder/Coaching_Finder-main/frontend/src/index.jsx","statementMap":{"0":{"start":{"line":11,"column":13},"end":{"line":11,"column":65}},"1":{"start":{"line":13,"column":0},"end":{"line":23,"column":2}}},"fnMap":{},"branchMap":{},"s":{"0":0,"1":0},"f":{},"b":{}}
,"/Users/atuldhakad/Documents/Projects/New Coaching FInder/Coaching_Finder-main/frontend/src/postcss.config.js": {"path":"/Users/atuldhakad/Documents/Projects/New Coaching FInder/Coaching_Finder-main/frontend/src/postcss.config.js","statementMap":{"0":{"start":{"line":1,"column":0},"end":{"line":6,"column":1}}},"fnMap":{},"branchMap":{},"s":{"0":0},"f":{},"b":{}}
,"/Users/atuldhakad/Documents/Projects/New Coaching FInder/Coaching_Finder-main/frontend/src/tailwind.config.js": {"path":"/Users/atuldhakad/Documents/Projects/New Coaching FInder/Coaching_Finder-main/frontend/src/tailwind.config.js","statementMap":{"0":{"start":{"line":2,"column":0},"end":{"line":44,"column":2}}},"fnMap":{},"branchMap":{},"s":{"0":0},"f":{},"b":{}}
,"/Users/atuldhakad/Documents/Projects/New Coaching FInder/Coaching_Finder-main/frontend/src/components/AdminDebug.jsx": {"path":"/Users/atuldhakad/Documents/Projects/New Coaching FInder/Coaching_Finder-main/frontend/src/components/AdminDebug.jsx","statementMap":{"0":{"start":{"line":4,"column":19},"end":{"line":98,"column":1}},"1":{"start":{"line":5,"column":49},"end":{"line":5,"column":58}},"2":{"start":{"line":7,"column":2},"end":{"line":97,"column":4}},"3":{"start":{"line":59,"column":14},"end":{"line":59,"column":64}},"4":{"start":{"line":60,"column":14},"end":{"line":60,"column":39}},"5":{"start":{"line":79,"column":12},"end":{"line":79,"column":57}},"6":{"start":{"line":80,"column":12},"end":{"line":80,"column":37}}},"fnMap":{"0":{"name":"(anonymous_0)","decl":{"start":{"line":4,"column":19},"end":{"line":4,"column":20}},"loc":{"start":{"line":4,"column":25},"end":{"line":98,"column":1}},"line":4},"1":{"name":"(anonymous_1)","decl":{"start":{"line":58,"column":21},"end":{"line":58,"column":22}},"loc":{"start":{"line":58,"column":27},"end":{"line":61,"column":13}},"line":58},"2":{"name":"(anonymous_2)","decl":{"start":{"line":78,"column":19},"end":{"line":78,"column":20}},"loc":{"start":{"line":78,"column":25},"end":{"line":81,"column":11}},"line":78}},"branchMap":{"0":{"loc":{"start":{"line":27,"column":37},"end":{"line":27,"column":68}},"type":"binary-expr","locations":[{"start":{"line":27,"column":37},"end":{"line":27,"column":55}},{"start":{"line":27,"column":59},"end":{"line":27,"column":68}}],"line":27},"1":{"loc":{"start":{"line":28,"column":45},"end":{"line":28,"column":78}},"type":"binary-expr","locations":[{"start":{"line":28,"column":45},"end":{"line":28,"column":69}},{"start":{"line":28,"column":73},"end":{"line":28,"column":78}}],"line":28},"2":{"loc":{"start":{"line":29,"column":36},"end":{"line":29,"column":87}},"type":"binary-expr","locations":[{"start":{"line":29,"column":36},"end":{"line":29,"column":78}},{"start":{"line":29,"column":82},"end":{"line":29,"column":87}}],"line":29},"3":{"loc":{"start":{"line":30,"column":29},"end":{"line":30,"column":60}},"type":"cond-expr","locations":[{"start":{"line":30,"column":39},"end":{"line":30,"column":48}},{"start":{"line":30,"column":51},"end":{"line":30,"column":60}}],"line":30},"4":{"loc":{"start":{"line":31,"column":42},"end":{"line":31,"column":77}},"type":"cond-expr","locations":[{"start":{"line":31,"column":52},"end":{"line":31,"column":61}},{"start":{"line":31,"column":64},"end":{"line":31,"column":77}}],"line":31},"5":{"loc":{"start":{"line":33,"column":46},"end":{"line":33,"column":93}},"type":"binary-expr","locations":[{"start":{"line":33,"column":46},"end":{"line":33,"column":82}},{"start":{"line":33,"column":86},"end":{"line":33,"column":93}}],"line":33},"6":{"loc":{"start":{"line":34,"column":49},"end":{"line":34,"column":123}},"type":"cond-expr","locations":[{"start":{"line":34,"column":114},"end":{"line":34,"column":117}},{"start":{"line":34,"column":120},"end":{"line":34,"column":123}}],"line":34},"7":{"loc":{"start":{"line":34,"column":49},"end":{"line":34,"column":111}},"type":"binary-expr","locations":[{"start":{"line":34,"column":49},"end":{"line":34,"column":67}},{"start":{"line":34,"column":71},"end":{"line":34,"column":111}}],"line":34},"8":{"loc":{"start":{"line":39,"column":9},"end":{"line":76,"column":9}},"type":"cond-expr","locations":[{"start":{"line":40,"column":10},"end":{"line":55,"column":14}},{"start":{"line":57,"column":10},"end":{"line":75,"column":19}}],"line":39}},"s":{"0":0,"1":0,"2":0,"3":0,"4":0,"5":0,"6":0},"f":{"0":0,"1":0,"2":0},"b":{"0":[0,0],"1":[0,0],"2":[0,0],"3":[0,0],"4":[0,0],"5":[0,0],"6":[0,0],"7":[0,0],"8":[0,0]}}
,"/Users/atuldhakad/Documents/Projects/New Coaching FInder/Coaching_Finder-main/frontend/src/components/AdminNavbar.js": {"path":"/Users/atuldhakad/Documents/Projects/New Coaching FInder/Coaching_Finder-main/frontend/src/components/AdminNavbar.js","statementMap":{"0":{"start":{"line":4,"column":20},"end":{"line":33,"column":1}},"1":{"start":{"line":5,"column":34},"end":{"line":5,"column":81}},"2":{"start":{"line":7,"column":2},"end":{"line":23,"column":17}},"3":{"start":{"line":8,"column":25},"end":{"line":18,"column":5}},"4":{"start":{"line":9,"column":19},"end":{"line":9,"column":35}},"5":{"start":{"line":10,"column":6},"end":{"line":17,"column":7}},"6":{"start":{"line":11,"column":8},"end":{"line":11,"column":28}},"7":{"start":{"line":12,"column":27},"end":{"line":12,"column":40}},"8":{"start":{"line":13,"column":8},"end":{"line":16,"column":9}},"9":{"start":{"line":14,"column":10},"end":{"line":14,"column":60}},"10":{"start":{"line":15,"column":10},"end":{"line":15,"column":34}},"11":{"start":{"line":20,"column":4},"end":{"line":20,"column":19}},"12":{"start":{"line":21,"column":21},"end":{"line":21,"column":53}},"13":{"start":{"line":22,"column":4},"end":{"line":22,"column":41}},"14":{"start":{"line":22,"column":17},"end":{"line":22,"column":40}},"15":{"start":{"line":25,"column":2},"end":{"line":32,"column":4}}},"fnMap":{"0":{"name":"(anonymous_0)","decl":{"start":{"line":4,"column":20},"end":{"line":4,"column":21}},"loc":{"start":{"line":4,"column":26},"end":{"line":33,"column":1}},"line":4},"1":{"name":"(anonymous_1)","decl":{"start":{"line":7,"column":12},"end":{"line":7,"column":13}},"loc":{"start":{"line":7,"column":18},"end":{"line":23,"column":3}},"line":7},"2":{"name":"(anonymous_2)","decl":{"start":{"line":8,"column":25},"end":{"line":8,"column":26}},"loc":{"start":{"line":8,"column":37},"end":{"line":18,"column":5}},"line":8},"3":{"name":"(anonymous_3)","decl":{"start":{"line":22,"column":11},"end":{"line":22,"column":12}},"loc":{"start":{"line":22,"column":17},"end":{"line":22,"column":40}},"line":22}},"branchMap":{"0":{"loc":{"start":{"line":10,"column":6},"end":{"line":17,"column":7}},"type":"if","locations":[{"start":{"line":10,"column":6},"end":{"line":17,"column":7}},{"start":{},"end":{}}],"line":10},"1":{"loc":{"start":{"line":13,"column":8},"end":{"line":16,"column":9}},"type":"if","locations":[{"start":{"line":13,"column":8},"end":{"line":16,"column":9}},{"start":{},"end":{}}],"line":13},"2":{"loc":{"start":{"line":27,"column":7},"end":{"line":29,"column":7}},"type":"binary-expr","locations":[{"start":{"line":27,"column":7},"end":{"line":27,"column":15}},{"start":{"line":28,"column":8},"end":{"line":28,"column":106}}],"line":27}},"s":{"0":0,"1":0,"2":0,"3":0,"4":0,"5":0,"6":0,"7":0,"8":0,"9":0,"10":0,"11":0,"12":0,"13":0,"14":0,"15":0},"f":{"0":0,"1":0,"2":0,"3":0},"b":{"0":[0,0],"1":[0,0],"2":[0,0]}}
,"/Users/atuldhakad/Documents/Projects/New Coaching FInder/Coaching_Finder-main/frontend/src/components/AdminRequestsPanel.jsx": {"path":"/Users/atuldhakad/Documents/Projects/New Coaching FInder/Coaching_Finder-main/frontend/src/components/AdminRequestsPanel.jsx","statementMap":{},"fnMap":{},"branchMap":{},"s":{},"f":{},"b":{}}
,"/Users/atuldhakad/Documents/Projects/New Coaching FInder/Coaching_Finder-main/frontend/src/components/ErrorBondary.jsx": {"path":"/Users/atuldhakad/Documents/Projects/New Coaching FInder/Coaching_Finder-main/frontend/src/components/ErrorBondary.jsx","statementMap":{"0":{"start":{"line":5,"column":4},"end":{"line":5,"column":17}},"1":{"start":{"line":6,"column":4},"end":{"line":6,"column":37}},"2":{"start":{"line":10,"column":4},"end":{"line":10,"column":30}},"3":{"start":{"line":14,"column":4},"end":{"line":14,"column":68}},"4":{"start":{"line":19,"column":4},"end":{"line":28,"column":5}},"5":{"start":{"line":20,"column":6},"end":{"line":27,"column":8}},"6":{"start":{"line":30,"column":4},"end":{"line":30,"column":31}}},"fnMap":{"0":{"name":"(anonymous_0)","decl":{"start":{"line":4,"column":2},"end":{"line":4,"column":3}},"loc":{"start":{"line":4,"column":21},"end":{"line":7,"column":3}},"line":4},"1":{"name":"(anonymous_1)","decl":{"start":{"line":9,"column":2},"end":{"line":9,"column":3}},"loc":{"start":{"line":9,"column":36},"end":{"line":11,"column":3}},"line":9},"2":{"name":"(anonymous_2)","decl":{"start":{"line":13,"column":2},"end":{"line":13,"column":3}},"loc":{"start":{"line":13,"column":33},"end":{"line":16,"column":3}},"line":13},"3":{"name":"(anonymous_3)","decl":{"start":{"line":18,"column":2},"end":{"line":18,"column":3}},"loc":{"start":{"line":18,"column":11},"end":{"line":31,"column":3}},"line":18}},"branchMap":{"0":{"loc":{"start":{"line":19,"column":4},"end":{"line":28,"column":5}},"type":"if","locations":[{"start":{"line":19,"column":4},"end":{"line":28,"column":5}},{"start":{},"end":{}}],"line":19}},"s":{"0":0,"1":0,"2":0,"3":0,"4":0,"5":0,"6":0},"f":{"0":0,"1":0,"2":0,"3":0},"b":{"0":[0,0]}}
,"/Users/atuldhakad/Documents/Projects/New Coaching FInder/Coaching_Finder-main/frontend/src/components/ErrorBoundary.jsx": {"path":"/Users/atuldhakad/Documents/Projects/New Coaching FInder/Coaching_Finder-main/frontend/src/components/ErrorBoundary.jsx","statementMap":{"0":{"start":{"line":6,"column":4},"end":{"line":6,"column":17}},"1":{"start":{"line":7,"column":4},"end":{"line":7,"column":54}},"2":{"start":{"line":11,"column":4},"end":{"line":11,"column":30}},"3":{"start":{"line":15,"column":4},"end":{"line":15,"column":67}},"4":{"start":{"line":16,"column":4},"end":{"line":16,"column":33}},"5":{"start":{"line":21,"column":4},"end":{"line":36,"column":5}},"6":{"start":{"line":22,"column":6},"end":{"line":35,"column":8}},"7":{"start":{"line":28,"column":29},"end":{"line":28,"column":53}},"8":{"start":{"line":38,"column":4},"end":{"line":38,"column":31}}},"fnMap":{"0":{"name":"(anonymous_0)","decl":{"start":{"line":5,"column":2},"end":{"line":5,"column":3}},"loc":{"start":{"line":5,"column":21},"end":{"line":8,"column":3}},"line":5},"1":{"name":"(anonymous_1)","decl":{"start":{"line":10,"column":2},"end":{"line":10,"column":3}},"loc":{"start":{"line":10,"column":36},"end":{"line":12,"column":3}},"line":10},"2":{"name":"(anonymous_2)","decl":{"start":{"line":14,"column":2},"end":{"line":14,"column":3}},"loc":{"start":{"line":14,"column":38},"end":{"line":18,"column":3}},"line":14},"3":{"name":"(anonymous_3)","decl":{"start":{"line":20,"column":2},"end":{"line":20,"column":3}},"loc":{"start":{"line":20,"column":11},"end":{"line":39,"column":3}},"line":20},"4":{"name":"(anonymous_4)","decl":{"start":{"line":28,"column":23},"end":{"line":28,"column":24}},"loc":{"start":{"line":28,"column":29},"end":{"line":28,"column":53}},"line":28}},"branchMap":{"0":{"loc":{"start":{"line":21,"column":4},"end":{"line":36,"column":5}},"type":"if","locations":[{"start":{"line":21,"column":4},"end":{"line":36,"column":5}},{"start":{},"end":{}}],"line":21}},"s":{"0":0,"1":0,"2":0,"3":0,"4":0,"5":0,"6":0,"7":0,"8":0},"f":{"0":0,"1":0,"2":0,"3":0,"4":0},"b":{"0":[0,0]}}
,"/Users/atuldhakad/Documents/Projects/New Coaching FInder/Coaching_Finder-main/frontend/src/components/Footer.jsx": {"path":"/Users/atuldhakad/Documents/Projects/New Coaching FInder/Coaching_Finder-main/frontend/src/components/Footer.jsx","statementMap":{"0":{"start":{"line":7,"column":15},"end":{"line":96,"column":1}},"1":{"start":{"line":8,"column":2},"end":{"line":95,"column":4}}},"fnMap":{"0":{"name":"(anonymous_0)","decl":{"start":{"line":7,"column":15},"end":{"line":7,"column":16}},"loc":{"start":{"line":7,"column":21},"end":{"line":96,"column":1}},"line":7}},"branchMap":{},"s":{"0":0,"1":0},"f":{"0":0},"b":{}}
,"/Users/atuldhakad/Documents/Projects/New Coaching FInder/Coaching_Finder-main/frontend/src/components/ImageCropper.jsx": {"path":"/Users/atuldhakad/Documents/Projects/New Coaching FInder/Coaching_Finder-main/frontend/src/components/ImageCropper.jsx","statementMap":{"0":{"start":{"line":5,"column":21},"end":{"line":257,"column":1}},"1":{"start":{"line":6,"column":26},"end":{"line":6,"column":75}},"2":{"start":{"line":7,"column":38},"end":{"line":7,"column":53}},"3":{"start":{"line":8,"column":36},"end":{"line":8,"column":60}},"4":{"start":{"line":9,"column":38},"end":{"line":9,"column":53}},"5":{"start":{"line":10,"column":19},"end":{"line":10,"column":31}},"6":{"start":{"line":11,"column":23},"end":{"line":11,"column":35}},"7":{"start":{"line":13,"column":2},"end":{"line":50,"column":17}},"8":{"start":{"line":14,"column":4},"end":{"line":49,"column":5}},"9":{"start":{"line":15,"column":18},"end":{"line":15,"column":34}},"10":{"start":{"line":17,"column":25},"end":{"line":42,"column":7}},"11":{"start":{"line":18,"column":8},"end":{"line":18,"column":40}},"12":{"start":{"line":21,"column":8},"end":{"line":41,"column":16}},"13":{"start":{"line":22,"column":23},"end":{"line":22,"column":50}},"14":{"start":{"line":23,"column":10},"end":{"line":23,"column":46}},"15":{"start":{"line":26,"column":27},"end":{"line":26,"column":66}},"16":{"start":{"line":29,"column":24},"end":{"line":29,"column":51}},"17":{"start":{"line":30,"column":24},"end":{"line":30,"column":52}},"18":{"start":{"line":32,"column":27},"end":{"line":37,"column":11}},"19":{"start":{"line":39,"column":10},"end":{"line":39,"column":57}},"20":{"start":{"line":40,"column":10},"end":{"line":40,"column":28}},"21":{"start":{"line":44,"column":6},"end":{"line":48,"column":7}},"22":{"start":{"line":45,"column":8},"end":{"line":45,"column":21}},"23":{"start":{"line":47,"column":8},"end":{"line":47,"column":32}},"24":{"start":{"line":52,"column":26},"end":{"line":70,"column":3}},"25":{"start":{"line":53,"column":4},"end":{"line":53,"column":23}},"26":{"start":{"line":54,"column":4},"end":{"line":54,"column":24}},"27":{"start":{"line":56,"column":17},"end":{"line":56,"column":61}},"28":{"start":{"line":57,"column":14},"end":{"line":57,"column":35}},"29":{"start":{"line":58,"column":14},"end":{"line":58,"column":34}},"30":{"start":{"line":61,"column":4},"end":{"line":69,"column":5}},"31":{"start":{"line":63,"column":6},"end":{"line":63,"column":53}},"32":{"start":{"line":64,"column":6},"end":{"line":64,"column":26}},"33":{"start":{"line":65,"column":6},"end":{"line":68,"column":9}},"34":{"start":{"line":72,"column":26},"end":{"line":92,"column":3}},"35":{"start":{"line":73,"column":4},"end":{"line":73,"column":28}},"36":{"start":{"line":73,"column":21},"end":{"line":73,"column":28}},"37":{"start":{"line":75,"column":17},"end":{"line":75,"column":61}},"38":{"start":{"line":76,"column":14},"end":{"line":76,"column":35}},"39":{"start":{"line":77,"column":14},"end":{"line":77,"column":34}},"40":{"start":{"line":79,"column":17},"end":{"line":79,"column":32}},"41":{"start":{"line":80,"column":17},"end":{"line":80,"column":32}},"42":{"start":{"line":83,"column":20},"end":{"line":83,"column":60}},"43":{"start":{"line":84,"column":17},"end":{"line":84,"column":43}},"44":{"start":{"line":85,"column":17},"end":{"line":85,"column":45}},"45":{"start":{"line":87,"column":4},"end":{"line":91,"column":8}},"46":{"start":{"line":87,"column":21},"end":{"line":91,"column":5}},"47":{"start":{"line":94,"column":24},"end":{"line":99,"column":3}},"48":{"start":{"line":95,"column":4},"end":{"line":97,"column":5}},"49":{"start":{"line":96,"column":6},"end":{"line":96,"column":54}},"50":{"start":{"line":98,"column":4},"end":{"line":98,"column":25}},"51":{"start":{"line":101,"column":21},"end":{"line":198,"column":3}},"52":{"start":{"line":102,"column":4},"end":{"line":102,"column":50}},"53":{"start":{"line":104,"column":4},"end":{"line":107,"column":5}},"54":{"start":{"line":105,"column":6},"end":{"line":105,"column":72}},"55":{"start":{"line":106,"column":6},"end":{"line":106,"column":13}},"56":{"start":{"line":109,"column":4},"end":{"line":109,"column":24}},"57":{"start":{"line":111,"column":4},"end":{"line":197,"column":5}},"58":{"start":{"line":112,"column":18},"end":{"line":112,"column":34}},"59":{"start":{"line":115,"column":21},"end":{"line":115,"column":53}},"60":{"start":{"line":116,"column":18},"end":{"line":116,"column":41}},"61":{"start":{"line":119,"column":25},"end":{"line":119,"column":28}},"62":{"start":{"line":120,"column":6},"end":{"line":120,"column":32}},"63":{"start":{"line":121,"column":6},"end":{"line":121,"column":33}},"64":{"start":{"line":123,"column":6},"end":{"line":123,"column":88}},"65":{"start":{"line":126,"column":22},"end":{"line":126,"column":49}},"66":{"start":{"line":127,"column":27},"end":{"line":127,"column":43}},"67":{"start":{"line":128,"column":28},"end":{"line":128,"column":45}},"68":{"start":{"line":130,"column":6},"end":{"line":133,"column":9}},"69":{"start":{"line":136,"column":21},"end":{"line":136,"column":49}},"70":{"start":{"line":137,"column":21},"end":{"line":137,"column":51}},"71":{"start":{"line":140,"column":22},"end":{"line":140,"column":37}},"72":{"start":{"line":141,"column":22},"end":{"line":141,"column":37}},"73":{"start":{"line":142,"column":26},"end":{"line":142,"column":45}},"74":{"start":{"line":143,"column":27},"end":{"line":143,"column":47}},"75":{"start":{"line":145,"column":6},"end":{"line":153,"column":9}},"76":{"start":{"line":156,"column":6},"end":{"line":156,"column":50}},"77":{"start":{"line":159,"column":6},"end":{"line":159,"column":39}},"78":{"start":{"line":160,"column":6},"end":{"line":160,"column":41}},"79":{"start":{"line":163,"column":6},"end":{"line":163,"column":54}},"80":{"start":{"line":164,"column":6},"end":{"line":174,"column":8}},"81":{"start":{"line":176,"column":6},"end":{"line":176,"column":61}},"82":{"start":{"line":179,"column":6},"end":{"line":191,"column":29}},"83":{"start":{"line":180,"column":8},"end":{"line":189,"column":9}},"84":{"start":{"line":181,"column":10},"end":{"line":181,"column":78}},"85":{"start":{"line":182,"column":10},"end":{"line":182,"column":49}},"86":{"start":{"line":183,"column":10},"end":{"line":183,"column":58}},"87":{"start":{"line":184,"column":10},"end":{"line":184,"column":23}},"88":{"start":{"line":186,"column":10},"end":{"line":186,"column":68}},"89":{"start":{"line":187,"column":10},"end":{"line":187,"column":49}},"90":{"start":{"line":188,"column":10},"end":{"line":188,"column":65}},"91":{"start":{"line":190,"column":8},"end":{"line":190,"column":29}},"92":{"start":{"line":194,"column":6},"end":{"line":194,"column":47}},"93":{"start":{"line":195,"column":6},"end":{"line":195,"column":60}},"94":{"start":{"line":196,"column":6},"end":{"line":196,"column":27}},"95":{"start":{"line":200,"column":2},"end":{"line":200,"column":29}},"96":{"start":{"line":200,"column":17},"end":{"line":200,"column":29}},"97":{"start":{"line":202,"column":2},"end":{"line":256,"column":4}}},"fnMap":{"0":{"name":"(anonymous_0)","decl":{"start":{"line":5,"column":21},"end":{"line":5,"column":22}},"loc":{"start":{"line":5,"column":56},"end":{"line":257,"column":1}},"line":5},"1":{"name":"(anonymous_1)","decl":{"start":{"line":13,"column":12},"end":{"line":13,"column":13}},"loc":{"start":{"line":13,"column":18},"end":{"line":50,"column":3}},"line":13},"2":{"name":"(anonymous_2)","decl":{"start":{"line":17,"column":25},"end":{"line":17,"column":26}},"loc":{"start":{"line":17,"column":31},"end":{"line":42,"column":7}},"line":17},"3":{"name":"(anonymous_3)","decl":{"start":{"line":21,"column":19},"end":{"line":21,"column":20}},"loc":{"start":{"line":21,"column":25},"end":{"line":41,"column":9}},"line":21},"4":{"name":"(anonymous_4)","decl":{"start":{"line":52,"column":26},"end":{"line":52,"column":27}},"loc":{"start":{"line":52,"column":33},"end":{"line":70,"column":3}},"line":52},"5":{"name":"(anonymous_5)","decl":{"start":{"line":72,"column":26},"end":{"line":72,"column":27}},"loc":{"start":{"line":72,"column":33},"end":{"line":92,"column":3}},"line":72},"6":{"name":"(anonymous_6)","decl":{"start":{"line":87,"column":12},"end":{"line":87,"column":13}},"loc":{"start":{"line":87,"column":21},"end":{"line":91,"column":5}},"line":87},"7":{"name":"(anonymous_7)","decl":{"start":{"line":94,"column":24},"end":{"line":94,"column":25}},"loc":{"start":{"line":94,"column":30},"end":{"line":99,"column":3}},"line":94},"8":{"name":"(anonymous_8)","decl":{"start":{"line":101,"column":21},"end":{"line":101,"column":22}},"loc":{"start":{"line":101,"column":33},"end":{"line":198,"column":3}},"line":101},"9":{"name":"(anonymous_9)","decl":{"start":{"line":179,"column":20},"end":{"line":179,"column":21}},"loc":{"start":{"line":179,"column":30},"end":{"line":191,"column":7}},"line":179}},"branchMap":{"0":{"loc":{"start":{"line":14,"column":4},"end":{"line":49,"column":5}},"type":"if","locations":[{"start":{"line":14,"column":4},"end":{"line":49,"column":5}},{"start":{},"end":{}}],"line":14},"1":{"loc":{"start":{"line":14,"column":8},"end":{"line":14,"column":36}},"type":"binary-expr","locations":[{"start":{"line":14,"column":8},"end":{"line":14,"column":24}},{"start":{"line":14,"column":28},"end":{"line":14,"column":36}}],"line":14},"2":{"loc":{"start":{"line":44,"column":6},"end":{"line":48,"column":7}},"type":"if","locations":[{"start":{"line":44,"column":6},"end":{"line":48,"column":7}},{"start":{"line":46,"column":13},"end":{"line":48,"column":7}}],"line":44},"3":{"loc":{"start":{"line":61,"column":4},"end":{"line":69,"column":5}},"type":"if","locations":[{"start":{"line":61,"column":4},"end":{"line":69,"column":5}},{"start":{},"end":{}}],"line":61},"4":{"loc":{"start":{"line":61,"column":8},"end":{"line":62,"column":48}},"type":"binary-expr","locations":[{"start":{"line":61,"column":8},"end":{"line":61,"column":19}},{"start":{"line":61,"column":23},"end":{"line":61,"column":47}},{"start":{"line":62,"column":8},"end":{"line":62,"column":19}},{"start":{"line":62,"column":23},"end":{"line":62,"column":48}}],"line":61},"5":{"loc":{"start":{"line":73,"column":4},"end":{"line":73,"column":28}},"type":"if","locations":[{"start":{"line":73,"column":4},"end":{"line":73,"column":28}},{"start":{},"end":{}}],"line":73},"6":{"loc":{"start":{"line":95,"column":4},"end":{"line":97,"column":5}},"type":"if","locations":[{"start":{"line":95,"column":4},"end":{"line":97,"column":5}},{"start":{},"end":{}}],"line":95},"7":{"loc":{"start":{"line":104,"column":4},"end":{"line":107,"column":5}},"type":"if","locations":[{"start":{"line":104,"column":4},"end":{"line":107,"column":5}},{"start":{},"end":{}}],"line":104},"8":{"loc":{"start":{"line":104,"column":8},"end":{"line":104,"column":39}},"type":"binary-expr","locations":[{"start":{"line":104,"column":8},"end":{"line":104,"column":25}},{"start":{"line":104,"column":29},"end":{"line":104,"column":39}}],"line":104},"9":{"loc":{"start":{"line":180,"column":8},"end":{"line":189,"column":9}},"type":"if","locations":[{"start":{"line":180,"column":8},"end":{"line":189,"column":9}},{"start":{"line":185,"column":15},"end":{"line":189,"column":9}}],"line":180},"10":{"loc":{"start":{"line":180,"column":12},"end":{"line":180,"column":33}},"type":"binary-expr","locations":[{"start":{"line":180,"column":12},"end":{"line":180,"column":16}},{"start":{"line":180,"column":20},"end":{"line":180,"column":33}}],"line":180},"11":{"loc":{"start":{"line":200,"column":2},"end":{"line":200,"column":29}},"type":"if","locations":[{"start":{"line":200,"column":2},"end":{"line":200,"column":29}},{"start":{},"end":{}}],"line":200},"12":{"loc":{"start":{"line":251,"column":13},"end":{"line":251,"column":55}},"type":"cond-expr","locations":[{"start":{"line":251,"column":26},"end":{"line":251,"column":39}},{"start":{"line":251,"column":42},"end":{"line":251,"column":55}}],"line":251}},"s":{"0":0,"1":0,"2":0,"3":0,"4":0,"5":0,"6":0,"7":0,"8":0,"9":0,"10":0,"11":0,"12":0,"13":0,"14":0,"15":0,"16":0,"17":0,"18":0,"19":0,"20":0,"21":0,"22":0,"23":0,"24":0,"25":0,"26":0,"27":0,"28":0,"29":0,"30":0,"31":0,"32":0,"33":0,"34":0,"35":0,"36":0,"37":0,"38":0,"39":0,"40":0,"41":0,"42":0,"43":0,"44":0,"45":0,"46":0,"47":0,"48":0,"49":0,"50":0,"51":0,"52":0,"53":0,"54":0,"55":0,"56":0,"57":0,"58":0,"59":0,"60":0,"61":0,"62":0,"63":0,"64":0,"65":0,"66":0,"67":0,"68":0,"69":0,"70":0,"71":0,"72":0,"73":0,"74":0,"75":0,"76":0,"77":0,"78":0,"79":0,"80":0,"81":0,"82":0,"83":0,"84":0,"85":0,"86":0,"87":0,"88":0,"89":0,"90":0,"91":0,"92":0,"93":0,"94":0,"95":0,"96":0,"97":0},"f":{"0":0,"1":0,"2":0,"3":0,"4":0,"5":0,"6":0,"7":0,"8":0,"9":0},"b":{"0":[0,0],"1":[0,0],"2":[0,0],"3":[0,0],"4":[0,0,0,0],"5":[0,0],"6":[0,0],"7":[0,0],"8":[0,0],"9":[0,0],"10":[0,0],"11":[0,0],"12":[0,0]}}
,"/Users/atuldhakad/Documents/Projects/New Coaching FInder/Coaching_Finder-main/frontend/src/components/Navbar.jsx": {"path":"/Users/atuldhakad/Documents/Projects/New Coaching FInder/Coaching_Finder-main/frontend/src/components/Navbar.jsx","statementMap":{"0":{"start":{"line":12,"column":15},"end":{"line":12,"column":37}},"1":{"start":{"line":14,"column":15},"end":{"line":165,"column":1}},"2":{"start":{"line":15,"column":35},"end":{"line":15,"column":44}},"3":{"start":{"line":16,"column":42},"end":{"line":16,"column":57}},"4":{"start":{"line":17,"column":34},"end":{"line":17,"column":49}},"5":{"start":{"line":18,"column":22},"end":{"line":18,"column":34}},"6":{"start":{"line":19,"column":19},"end":{"line":19,"column":32}},"7":{"start":{"line":21,"column":2},"end":{"line":29,"column":9}},"8":{"start":{"line":22,"column":31},"end":{"line":26,"column":5}},"9":{"start":{"line":23,"column":6},"end":{"line":25,"column":7}},"10":{"start":{"line":24,"column":8},"end":{"line":24,"column":31}},"11":{"start":{"line":27,"column":4},"end":{"line":27,"column":63}},"12":{"start":{"line":28,"column":4},"end":{"line":28,"column":79}},"13":{"start":{"line":28,"column":17},"end":{"line":28,"column":78}},"14":{"start":{"line":31,"column":23},"end":{"line":54,"column":3}},"15":{"start":{"line":32,"column":19},"end":{"line":40,"column":6}},"16":{"start":{"line":42,"column":4},"end":{"line":53,"column":5}},"17":{"start":{"line":43,"column":6},"end":{"line":52,"column":7}},"18":{"start":{"line":44,"column":8},"end":{"line":44,"column":29}},"19":{"start":{"line":45,"column":8},"end":{"line":47,"column":11}},"20":{"start":{"line":48,"column":8},"end":{"line":48,"column":22}},"21":{"start":{"line":50,"column":8},"end":{"line":50,"column":55}},"22":{"start":{"line":51,"column":8},"end":{"line":51,"column":60}},"23":{"start":{"line":56,"column":25},"end":{"line":59,"column":3}},"24":{"start":{"line":57,"column":4},"end":{"line":57,"column":31}},"25":{"start":{"line":57,"column":24},"end":{"line":57,"column":29}},"26":{"start":{"line":58,"column":4},"end":{"line":58,"column":54}},"27":{"start":{"line":62,"column":2},"end":{"line":164,"column":4}},"28":{"start":{"line":66,"column":98},"end":{"line":66,"column":116}},"29":{"start":{"line":126,"column":33},"end":{"line":126,"column":55}},"30":{"start":{"line":135,"column":38},"end":{"line":135,"column":56}},"31":{"start":{"line":136,"column":43},"end":{"line":136,"column":61}},"32":{"start":{"line":137,"column":45},"end":{"line":137,"column":63}},"33":{"start":{"line":143,"column":29},"end":{"line":143,"column":47}},"34":{"start":{"line":152,"column":45},"end":{"line":152,"column":63}},"35":{"start":{"line":155,"column":49},"end":{"line":155,"column":67}},"36":{"start":{"line":156,"column":39},"end":{"line":156,"column":54}},"37":{"start":{"line":156,"column":55},"end":{"line":156,"column":74}}},"fnMap":{"0":{"name":"(anonymous_0)","decl":{"start":{"line":14,"column":15},"end":{"line":14,"column":16}},"loc":{"start":{"line":14,"column":46},"end":{"line":165,"column":1}},"line":14},"1":{"name":"(anonymous_1)","decl":{"start":{"line":21,"column":12},"end":{"line":21,"column":13}},"loc":{"start":{"line":21,"column":18},"end":{"line":29,"column":3}},"line":21},"2":{"name":"(anonymous_2)","decl":{"start":{"line":22,"column":31},"end":{"line":22,"column":32}},"loc":{"start":{"line":22,"column":42},"end":{"line":26,"column":5}},"line":22},"3":{"name":"(anonymous_3)","decl":{"start":{"line":28,"column":11},"end":{"line":28,"column":12}},"loc":{"start":{"line":28,"column":17},"end":{"line":28,"column":78}},"line":28},"4":{"name":"(anonymous_4)","decl":{"start":{"line":31,"column":23},"end":{"line":31,"column":24}},"loc":{"start":{"line":31,"column":35},"end":{"line":54,"column":3}},"line":31},"5":{"name":"(anonymous_5)","decl":{"start":{"line":56,"column":25},"end":{"line":56,"column":26}},"loc":{"start":{"line":56,"column":31},"end":{"line":59,"column":3}},"line":56},"6":{"name":"(anonymous_6)","decl":{"start":{"line":57,"column":16},"end":{"line":57,"column":17}},"loc":{"start":{"line":57,"column":24},"end":{"line":57,"column":29}},"line":57},"7":{"name":"(anonymous_7)","decl":{"start":{"line":66,"column":92},"end":{"line":66,"column":93}},"loc":{"start":{"line":66,"column":98},"end":{"line":66,"column":116}},"line":66},"8":{"name":"(anonymous_8)","decl":{"start":{"line":126,"column":27},"end":{"line":126,"column":28}},"loc":{"start":{"line":126,"column":33},"end":{"line":126,"column":55}},"line":126},"9":{"name":"(anonymous_9)","decl":{"start":{"line":135,"column":32},"end":{"line":135,"column":33}},"loc":{"start":{"line":135,"column":38},"end":{"line":135,"column":56}},"line":135},"10":{"name":"(anonymous_10)","decl":{"start":{"line":136,"column":37},"end":{"line":136,"column":38}},"loc":{"start":{"line":136,"column":43},"end":{"line":136,"column":61}},"line":136},"11":{"name":"(anonymous_11)","decl":{"start":{"line":137,"column":39},"end":{"line":137,"column":40}},"loc":{"start":{"line":137,"column":45},"end":{"line":137,"column":63}},"line":137},"12":{"name":"(anonymous_12)","decl":{"start":{"line":143,"column":23},"end":{"line":143,"column":24}},"loc":{"start":{"line":143,"column":29},"end":{"line":143,"column":47}},"line":143},"13":{"name":"(anonymous_13)","decl":{"start":{"line":152,"column":39},"end":{"line":152,"column":40}},"loc":{"start":{"line":152,"column":45},"end":{"line":152,"column":63}},"line":152},"14":{"name":"(anonymous_14)","decl":{"start":{"line":155,"column":43},"end":{"line":155,"column":44}},"loc":{"start":{"line":155,"column":49},"end":{"line":155,"column":67}},"line":155},"15":{"name":"(anonymous_15)","decl":{"start":{"line":156,"column":31},"end":{"line":156,"column":32}},"loc":{"start":{"line":156,"column":37},"end":{"line":156,"column":76}},"line":156}},"branchMap":{"0":{"loc":{"start":{"line":23,"column":6},"end":{"line":25,"column":7}},"type":"if","locations":[{"start":{"line":23,"column":6},"end":{"line":25,"column":7}},{"start":{},"end":{}}],"line":23},"1":{"loc":{"start":{"line":23,"column":10},"end":{"line":23,"column":76}},"type":"binary-expr","locations":[{"start":{"line":23,"column":10},"end":{"line":23,"column":29}},{"start":{"line":23,"column":33},"end":{"line":23,"column":76}}],"line":23},"2":{"loc":{"start":{"line":42,"column":4},"end":{"line":53,"column":5}},"type":"if","locations":[{"start":{"line":42,"column":4},"end":{"line":53,"column":5}},{"start":{},"end":{}}],"line":42},"3":{"loc":{"start":{"line":63,"column":30},"end":{"line":63,"column":52}},"type":"cond-expr","locations":[{"start":{"line":63,"column":41},"end":{"line":63,"column":47}},{"start":{"line":63,"column":50},"end":{"line":63,"column":52}}],"line":63},"4":{"loc":{"start":{"line":102,"column":11},"end":{"line":110,"column":11}},"type":"binary-expr","locations":[{"start":{"line":102,"column":11},"end":{"line":102,"column":18}},{"start":{"line":103,"column":12},"end":{"line":109,"column":19}}],"line":102},"5":{"loc":{"start":{"line":112,"column":11},"end":{"line":116,"column":11}},"type":"cond-expr","locations":[{"start":{"line":113,"column":12},"end":{"line":113,"column":101}},{"start":{"line":115,"column":12},"end":{"line":115,"column":70}}],"line":112},"6":{"loc":{"start":{"line":120,"column":13},"end":{"line":120,"column":86}},"type":"cond-expr","locations":[{"start":{"line":120,"column":24},"end":{"line":120,"column":53}},{"start":{"line":120,"column":56},"end":{"line":120,"column":86}}],"line":120},"7":{"loc":{"start":{"line":127,"column":13},"end":{"line":127,"column":84}},"type":"cond-expr","locations":[{"start":{"line":127,"column":24},"end":{"line":127,"column":51}},{"start":{"line":127,"column":54},"end":{"line":127,"column":84}}],"line":127},"8":{"loc":{"start":{"line":133,"column":7},"end":{"line":162,"column":7}},"type":"binary-expr","locations":[{"start":{"line":133,"column":7},"end":{"line":133,"column":15}},{"start":{"line":134,"column":8},"end":{"line":161,"column":14}}],"line":133},"9":{"loc":{"start":{"line":140,"column":11},"end":{"line":149,"column":11}},"type":"binary-expr","locations":[{"start":{"line":140,"column":11},"end":{"line":140,"column":18}},{"start":{"line":141,"column":12},"end":{"line":148,"column":19}}],"line":140},"10":{"loc":{"start":{"line":151,"column":11},"end":{"line":160,"column":11}},"type":"cond-expr","locations":[{"start":{"line":152,"column":12},"end":{"line":152,"column":142}},{"start":{"line":154,"column":12},"end":{"line":159,"column":15}}],"line":151}},"s":{"0":0,"1":0,"2":0,"3":0,"4":0,"5":0,"6":0,"7":0,"8":0,"9":0,"10":0,"11":0,"12":0,"13":0,"14":0,"15":0,"16":0,"17":0,"18":0,"19":0,"20":0,"21":0,"22":0,"23":0,"24":0,"25":0,"26":0,"27":0,"28":0,"29":0,"30":0,"31":0,"32":0,"33":0,"34":0,"35":0,"36":0,"37":0},"f":{"0":0,"1":0,"2":0,"3":0,"4":0,"5":0,"6":0,"7":0,"8":0,"9":0,"10":0,"11":0,"12":0,"13":0,"14":0,"15":0},"b":{"0":[0,0],"1":[0,0],"2":[0,0],"3":[0,0],"4":[0,0],"5":[0,0],"6":[0,0],"7":[0,0],"8":[0,0],"9":[0,0],"10":[0,0]}}
,"/Users/atuldhakad/Documents/Projects/New Coaching FInder/Coaching_Finder-main/frontend/src/components/OTPModal.jsx": {"path":"/Users/atuldhakad/Documents/Projects/New Coaching FInder/Coaching_Finder-main/frontend/src/components/OTPModal.jsx","statementMap":{"0":{"start":{"line":9,"column":17},"end":{"line":648,"column":1}},"1":{"start":{"line":16,"column":28},"end":{"line":16,"column":40}},"2":{"start":{"line":17,"column":24},"end":{"line":17,"column":58}},"3":{"start":{"line":18,"column":42},"end":{"line":18,"column":56}},"4":{"start":{"line":19,"column":28},"end":{"line":19,"column":40}},"5":{"start":{"line":20,"column":40},"end":{"line":20,"column":52}},"6":{"start":{"line":21,"column":23},"end":{"line":21,"column":35}},"7":{"start":{"line":22,"column":32},"end":{"line":22,"column":47}},"8":{"start":{"line":23,"column":20},"end":{"line":23,"column":30}},"9":{"start":{"line":24,"column":40},"end":{"line":24,"column":55}},"10":{"start":{"line":25,"column":54},"end":{"line":25,"column":68}},"11":{"start":{"line":26,"column":42},"end":{"line":26,"column":53}},"12":{"start":{"line":27,"column":44},"end":{"line":27,"column":58}},"13":{"start":{"line":30,"column":2},"end":{"line":71,"column":14}},"14":{"start":{"line":31,"column":25},"end":{"line":68,"column":5}},"15":{"start":{"line":32,"column":6},"end":{"line":32,"column":46}},"16":{"start":{"line":32,"column":39},"end":{"line":32,"column":46}},"17":{"start":{"line":33,"column":6},"end":{"line":67,"column":7}},"18":{"start":{"line":34,"column":20},"end":{"line":36,"column":10}},"19":{"start":{"line":37,"column":57},"end":{"line":37,"column":71}},"20":{"start":{"line":38,"column":20},"end":{"line":38,"column":30}},"21":{"start":{"line":39,"column":8},"end":{"line":61,"column":9}},"22":{"start":{"line":40,"column":31},"end":{"line":40,"column":65}},"23":{"start":{"line":41,"column":10},"end":{"line":56,"column":11}},"24":{"start":{"line":42,"column":12},"end":{"line":42,"column":31}},"25":{"start":{"line":43,"column":12},"end":{"line":43,"column":35}},"26":{"start":{"line":44,"column":12},"end":{"line":44,"column":25}},"27":{"start":{"line":46,"column":12},"end":{"line":46,"column":40}},"28":{"start":{"line":47,"column":12},"end":{"line":47,"column":43}},"29":{"start":{"line":49,"column":30},"end":{"line":49,"column":87}},"30":{"start":{"line":50,"column":12},"end":{"line":50,"column":58}},"31":{"start":{"line":51,"column":12},"end":{"line":55,"column":13}},"32":{"start":{"line":52,"column":14},"end":{"line":52,"column":98}},"33":{"start":{"line":54,"column":14},"end":{"line":54,"column":27}},"34":{"start":{"line":58,"column":10},"end":{"line":58,"column":38}},"35":{"start":{"line":59,"column":10},"end":{"line":59,"column":33}},"36":{"start":{"line":60,"column":10},"end":{"line":60,"column":23}},"37":{"start":{"line":63,"column":8},"end":{"line":63,"column":75}},"38":{"start":{"line":64,"column":8},"end":{"line":64,"column":27}},"39":{"start":{"line":65,"column":8},"end":{"line":65,"column":31}},"40":{"start":{"line":66,"column":8},"end":{"line":66,"column":21}},"41":{"start":{"line":70,"column":4},"end":{"line":70,"column":19}},"42":{"start":{"line":74,"column":2},"end":{"line":102,"column":9}},"43":{"start":{"line":75,"column":23},"end":{"line":75,"column":55}},"44":{"start":{"line":76,"column":4},"end":{"line":85,"column":5}},"45":{"start":{"line":77,"column":6},"end":{"line":77,"column":27}},"46":{"start":{"line":79,"column":18},"end":{"line":79,"column":28}},"47":{"start":{"line":80,"column":22},"end":{"line":80,"column":62}},"48":{"start":{"line":81,"column":6},"end":{"line":84,"column":7}},"49":{"start":{"line":82,"column":26},"end":{"line":82,"column":86}},"50":{"start":{"line":83,"column":8},"end":{"line":83,"column":34}},"51":{"start":{"line":86,"column":26},"end":{"line":86,"column":63}},"52":{"start":{"line":87,"column":23},"end":{"line":87,"column":59}},"53":{"start":{"line":88,"column":4},"end":{"line":88,"column":63}},"54":{"start":{"line":88,"column":23},"end":{"line":88,"column":63}},"55":{"start":{"line":89,"column":4},"end":{"line":89,"column":56}},"56":{"start":{"line":89,"column":20},"end":{"line":89,"column":56}},"57":{"start":{"line":91,"column":4},"end":{"line":101,"column":5}},"58":{"start":{"line":92,"column":24},"end":{"line":92,"column":97}},"59":{"start":{"line":93,"column":6},"end":{"line":100,"column":7}},"60":{"start":{"line":94,"column":8},"end":{"line":94,"column":34}},"61":{"start":{"line":96,"column":8},"end":{"line":96,"column":27}},"62":{"start":{"line":97,"column":8},"end":{"line":97,"column":31}},"63":{"start":{"line":98,"column":8},"end":{"line":98,"column":49}},"64":{"start":{"line":99,"column":8},"end":{"line":99,"column":48}},"65":{"start":{"line":104,"column":2},"end":{"line":112,"column":20}},"66":{"start":{"line":106,"column":4},"end":{"line":110,"column":5}},"67":{"start":{"line":107,"column":6},"end":{"line":109,"column":15}},"68":{"start":{"line":108,"column":8},"end":{"line":108,"column":43}},"69":{"start":{"line":108,"column":33},"end":{"line":108,"column":41}},"70":{"start":{"line":111,"column":4},"end":{"line":111,"column":41}},"71":{"start":{"line":111,"column":17},"end":{"line":111,"column":40}},"72":{"start":{"line":115,"column":25},"end":{"line":128,"column":3}},"73":{"start":{"line":116,"column":4},"end":{"line":127,"column":7}},"74":{"start":{"line":117,"column":6},"end":{"line":119,"column":7}},"75":{"start":{"line":118,"column":8},"end":{"line":118,"column":49}},"76":{"start":{"line":121,"column":6},"end":{"line":126,"column":9}},"77":{"start":{"line":122,"column":8},"end":{"line":125,"column":39}},"78":{"start":{"line":124,"column":27},"end":{"line":124,"column":41}},"79":{"start":{"line":125,"column":26},"end":{"line":125,"column":37}},"80":{"start":{"line":130,"column":25},"end":{"line":185,"column":3}},"81":{"start":{"line":131,"column":4},"end":{"line":184,"column":5}},"82":{"start":{"line":132,"column":26},"end":{"line":132,"column":47}},"83":{"start":{"line":133,"column":24},"end":{"line":133,"column":60}},"84":{"start":{"line":135,"column":6},"end":{"line":139,"column":7}},"85":{"start":{"line":136,"column":8},"end":{"line":136,"column":64}},"86":{"start":{"line":137,"column":8},"end":{"line":137,"column":51}},"87":{"start":{"line":138,"column":8},"end":{"line":138,"column":15}},"88":{"start":{"line":142,"column":6},"end":{"line":142,"column":31}},"89":{"start":{"line":145,"column":6},"end":{"line":151,"column":7}},"90":{"start":{"line":146,"column":8},"end":{"line":150,"column":9}},"91":{"start":{"line":147,"column":10},"end":{"line":147,"column":43}},"92":{"start":{"line":149,"column":10},"end":{"line":149,"column":63}},"93":{"start":{"line":153,"column":6},"end":{"line":153,"column":38}},"94":{"start":{"line":155,"column":27},"end":{"line":155,"column":36}},"95":{"start":{"line":156,"column":6},"end":{"line":160,"column":7}},"96":{"start":{"line":157,"column":8},"end":{"line":157,"column":71}},"97":{"start":{"line":158,"column":8},"end":{"line":158,"column":54}},"98":{"start":{"line":159,"column":8},"end":{"line":159,"column":15}},"99":{"start":{"line":163,"column":6},"end":{"line":171,"column":9}},"100":{"start":{"line":166,"column":10},"end":{"line":166,"column":55}},"101":{"start":{"line":169,"column":10},"end":{"line":169,"column":62}},"102":{"start":{"line":173,"column":23},"end":{"line":173,"column":62}},"103":{"start":{"line":174,"column":6},"end":{"line":176,"column":7}},"104":{"start":{"line":175,"column":8},"end":{"line":175,"column":55}},"105":{"start":{"line":178,"column":6},"end":{"line":178,"column":51}},"106":{"start":{"line":179,"column":6},"end":{"line":179,"column":40}},"107":{"start":{"line":180,"column":6},"end":{"line":180,"column":68}},"108":{"start":{"line":182,"column":6},"end":{"line":182,"column":52}},"109":{"start":{"line":183,"column":6},"end":{"line":183,"column":50}},"110":{"start":{"line":187,"column":2},"end":{"line":194,"column":9}},"111":{"start":{"line":188,"column":4},"end":{"line":193,"column":6}},"112":{"start":{"line":189,"column":6},"end":{"line":191,"column":7}},"113":{"start":{"line":190,"column":8},"end":{"line":190,"column":41}},"114":{"start":{"line":192,"column":6},"end":{"line":192,"column":38}},"115":{"start":{"line":197,"column":24},"end":{"line":350,"column":3}},"116":{"start":{"line":198,"column":4},"end":{"line":198,"column":53}},"117":{"start":{"line":201,"column":20},"end":{"line":201,"column":77}},"118":{"start":{"line":202,"column":4},"end":{"line":206,"column":5}},"119":{"start":{"line":203,"column":6},"end":{"line":203,"column":90}},"120":{"start":{"line":204,"column":6},"end":{"line":204,"column":93}},"121":{"start":{"line":205,"column":6},"end":{"line":205,"column":13}},"122":{"start":{"line":209,"column":4},"end":{"line":220,"column":5}},"123":{"start":{"line":215,"column":24},"end":{"line":215,"column":89}},"124":{"start":{"line":216,"column":6},"end":{"line":216,"column":52}},"125":{"start":{"line":217,"column":6},"end":{"line":217,"column":90}},"126":{"start":{"line":218,"column":6},"end":{"line":218,"column":93}},"127":{"start":{"line":219,"column":6},"end":{"line":219,"column":13}},"128":{"start":{"line":223,"column":16},"end":{"line":223,"column":26}},"129":{"start":{"line":224,"column":26},"end":{"line":224,"column":71}},"130":{"start":{"line":225,"column":4},"end":{"line":231,"column":5}},"131":{"start":{"line":226,"column":24},"end":{"line":226,"column":82}},"132":{"start":{"line":227,"column":6},"end":{"line":227,"column":32}},"133":{"start":{"line":228,"column":6},"end":{"line":228,"column":90}},"134":{"start":{"line":229,"column":6},"end":{"line":229,"column":93}},"135":{"start":{"line":230,"column":6},"end":{"line":230,"column":13}},"136":{"start":{"line":233,"column":4},"end":{"line":237,"column":5}},"137":{"start":{"line":234,"column":6},"end":{"line":234,"column":90}},"138":{"start":{"line":235,"column":6},"end":{"line":235,"column":93}},"139":{"start":{"line":236,"column":6},"end":{"line":236,"column":13}},"140":{"start":{"line":239,"column":4},"end":{"line":242,"column":5}},"141":{"start":{"line":240,"column":6},"end":{"line":240,"column":48}},"142":{"start":{"line":241,"column":6},"end":{"line":241,"column":13}},"143":{"start":{"line":244,"column":4},"end":{"line":244,"column":36}},"144":{"start":{"line":244,"column":19},"end":{"line":244,"column":36}},"145":{"start":{"line":246,"column":4},"end":{"line":349,"column":13}},"146":{"start":{"line":247,"column":6},"end":{"line":348,"column":7}},"147":{"start":{"line":249,"column":27},"end":{"line":249,"column":32}},"148":{"start":{"line":250,"column":8},"end":{"line":269,"column":9}},"149":{"start":{"line":251,"column":24},"end":{"line":251,"column":46}},"150":{"start":{"line":252,"column":32},"end":{"line":256,"column":12}},"151":{"start":{"line":257,"column":28},"end":{"line":257,"column":54}},"152":{"start":{"line":258,"column":10},"end":{"line":258,"column":52}},"153":{"start":{"line":259,"column":10},"end":{"line":263,"column":11}},"154":{"start":{"line":260,"column":12},"end":{"line":260,"column":84}},"155":{"start":{"line":261,"column":12},"end":{"line":261,"column":35}},"156":{"start":{"line":262,"column":12},"end":{"line":262,"column":32}},"157":{"start":{"line":266,"column":10},"end":{"line":266,"column":72}},"158":{"start":{"line":267,"column":10},"end":{"line":267,"column":33}},"159":{"start":{"line":268,"column":10},"end":{"line":268,"column":30}},"160":{"start":{"line":271,"column":20},"end":{"line":271,"column":30}},"161":{"start":{"line":273,"column":10},"end":{"line":275,"column":75}},"162":{"start":{"line":277,"column":8},"end":{"line":283,"column":9}},"163":{"start":{"line":278,"column":10},"end":{"line":280,"column":11}},"164":{"start":{"line":279,"column":12},"end":{"line":279,"column":45}},"165":{"start":{"line":281,"column":10},"end":{"line":281,"column":42}},"166":{"start":{"line":282,"column":10},"end":{"line":282,"column":33}},"167":{"start":{"line":285,"column":8},"end":{"line":291,"column":9}},"168":{"start":{"line":286,"column":10},"end":{"line":286,"column":106}},"169":{"start":{"line":288,"column":10},"end":{"line":288,"column":67}},"170":{"start":{"line":289,"column":10},"end":{"line":289,"column":33}},"171":{"start":{"line":290,"column":10},"end":{"line":290,"column":106}},"172":{"start":{"line":292,"column":8},"end":{"line":292,"column":44}},"173":{"start":{"line":294,"column":8},"end":{"line":294,"column":72}},"174":{"start":{"line":296,"column":8},"end":{"line":305,"column":11}},"175":{"start":{"line":297,"column":27},"end":{"line":297,"column":35}},"176":{"start":{"line":298,"column":10},"end":{"line":298,"column":68}},"177":{"start":{"line":299,"column":10},"end":{"line":303,"column":11}},"178":{"start":{"line":300,"column":24},"end":{"line":300,"column":34}},"179":{"start":{"line":301,"column":12},"end":{"line":301,"column":34}},"180":{"start":{"line":302,"column":12},"end":{"line":302,"column":66}},"181":{"start":{"line":304,"column":10},"end":{"line":304,"column":26}},"182":{"start":{"line":307,"column":8},"end":{"line":311,"column":9}},"183":{"start":{"line":308,"column":22},"end":{"line":308,"column":32}},"184":{"start":{"line":309,"column":10},"end":{"line":309,"column":32}},"185":{"start":{"line":310,"column":10},"end":{"line":310,"column":64}},"186":{"start":{"line":313,"column":8},"end":{"line":321,"column":9}},"187":{"start":{"line":314,"column":10},"end":{"line":320,"column":13}},"188":{"start":{"line":315,"column":12},"end":{"line":319,"column":18}},"189":{"start":{"line":322,"column":21},"end":{"line":322,"column":43}},"190":{"start":{"line":323,"column":8},"end":{"line":323,"column":36}},"191":{"start":{"line":324,"column":8},"end":{"line":324,"column":57}},"192":{"start":{"line":325,"column":8},"end":{"line":325,"column":21}},"193":{"start":{"line":327,"column":8},"end":{"line":342,"column":9}},"194":{"start":{"line":328,"column":10},"end":{"line":339,"column":13}},"195":{"start":{"line":341,"column":10},"end":{"line":341,"column":62}},"196":{"start":{"line":344,"column":8},"end":{"line":344,"column":27}},"197":{"start":{"line":345,"column":8},"end":{"line":345,"column":51}},"198":{"start":{"line":347,"column":8},"end":{"line":347,"column":26}},"199":{"start":{"line":352,"column":26},"end":{"line":408,"column":3}},"200":{"start":{"line":353,"column":17},"end":{"line":353,"column":29}},"201":{"start":{"line":354,"column":4},"end":{"line":357,"column":5}},"202":{"start":{"line":355,"column":6},"end":{"line":355,"column":36}},"203":{"start":{"line":356,"column":6},"end":{"line":356,"column":13}},"204":{"start":{"line":358,"column":4},"end":{"line":362,"column":5}},"205":{"start":{"line":359,"column":6},"end":{"line":359,"column":55}},"206":{"start":{"line":360,"column":6},"end":{"line":360,"column":69}},"207":{"start":{"line":361,"column":6},"end":{"line":361,"column":13}},"208":{"start":{"line":363,"column":29},"end":{"line":363,"column":86}},"209":{"start":{"line":364,"column":23},"end":{"line":364,"column":37}},"210":{"start":{"line":365,"column":4},"end":{"line":368,"column":5}},"211":{"start":{"line":366,"column":6},"end":{"line":366,"column":57}},"212":{"start":{"line":367,"column":6},"end":{"line":367,"column":13}},"213":{"start":{"line":370,"column":4},"end":{"line":370,"column":21}},"214":{"start":{"line":371,"column":4},"end":{"line":407,"column":13}},"215":{"start":{"line":372,"column":6},"end":{"line":406,"column":11}},"216":{"start":{"line":374,"column":23},"end":{"line":374,"column":34}},"217":{"start":{"line":375,"column":10},"end":{"line":375,"column":73}},"218":{"start":{"line":376,"column":10},"end":{"line":376,"column":46}},"219":{"start":{"line":377,"column":10},"end":{"line":398,"column":11}},"220":{"start":{"line":378,"column":12},"end":{"line":383,"column":15}},"221":{"start":{"line":384,"column":12},"end":{"line":384,"column":29}},"222":{"start":{"line":385,"column":12},"end":{"line":390,"column":15}},"223":{"start":{"line":386,"column":14},"end":{"line":389,"column":20}},"224":{"start":{"line":391,"column":12},"end":{"line":391,"column":62}},"225":{"start":{"line":391,"column":39},"end":{"line":391,"column":60}},"226":{"start":{"line":392,"column":12},"end":{"line":392,"column":41}},"227":{"start":{"line":394,"column":12},"end":{"line":394,"column":30}},"228":{"start":{"line":396,"column":12},"end":{"line":396,"column":59}},"229":{"start":{"line":397,"column":12},"end":{"line":397,"column":61}},"230":{"start":{"line":401,"column":10},"end":{"line":401,"column":48}},"231":{"start":{"line":402,"column":10},"end":{"line":402,"column":46}},"232":{"start":{"line":405,"column":10},"end":{"line":405,"column":28}},"233":{"start":{"line":410,"column":26},"end":{"line":418,"column":3}},"234":{"start":{"line":411,"column":4},"end":{"line":411,"column":37}},"235":{"start":{"line":411,"column":30},"end":{"line":411,"column":37}},"236":{"start":{"line":412,"column":19},"end":{"line":412,"column":27}},"237":{"start":{"line":413,"column":4},"end":{"line":413,"column":26}},"238":{"start":{"line":414,"column":4},"end":{"line":414,"column":19}},"239":{"start":{"line":415,"column":4},"end":{"line":417,"column":5}},"240":{"start":{"line":416,"column":6},"end":{"line":416,"column":44}},"241":{"start":{"line":420,"column":24},"end":{"line":426,"column":3}},"242":{"start":{"line":421,"column":4},"end":{"line":425,"column":5}},"243":{"start":{"line":422,"column":6},"end":{"line":424,"column":7}},"244":{"start":{"line":423,"column":8},"end":{"line":423,"column":46}},"245":{"start":{"line":429,"column":2},"end":{"line":445,"column":36}},"246":{"start":{"line":430,"column":21},"end":{"line":443,"column":12}},"247":{"start":{"line":431,"column":6},"end":{"line":442,"column":7}},"248":{"start":{"line":432,"column":24},"end":{"line":432,"column":50}},"249":{"start":{"line":433,"column":8},"end":{"line":441,"column":9}},"250":{"start":{"line":434,"column":10},"end":{"line":434,"column":29}},"251":{"start":{"line":435,"column":10},"end":{"line":435,"column":33}},"252":{"start":{"line":436,"column":10},"end":{"line":436,"column":51}},"253":{"start":{"line":437,"column":10},"end":{"line":437,"column":50}},"254":{"start":{"line":438,"column":10},"end":{"line":438,"column":54}},"255":{"start":{"line":439,"column":10},"end":{"line":439,"column":28}},"256":{"start":{"line":440,"column":10},"end":{"line":440,"column":23}},"257":{"start":{"line":444,"column":4},"end":{"line":444,"column":41}},"258":{"start":{"line":444,"column":17},"end":{"line":444,"column":40}},"259":{"start":{"line":448,"column":2},"end":{"line":457,"column":9}},"260":{"start":{"line":449,"column":21},"end":{"line":449,"column":66}},"261":{"start":{"line":450,"column":4},"end":{"line":456,"column":5}},"262":{"start":{"line":451,"column":22},"end":{"line":451,"column":43}},"263":{"start":{"line":452,"column":24},"end":{"line":452,"column":68}},"264":{"start":{"line":453,"column":6},"end":{"line":455,"column":7}},"265":{"start":{"line":454,"column":8},"end":{"line":454,"column":34}},"266":{"start":{"line":459,"column":2},"end":{"line":647,"column":4}},"267":{"start":{"line":520,"column":28},"end":{"line":520,"column":74}},"268":{"start":{"line":521,"column":12},"end":{"line":521,"column":30}},"269":{"start":{"line":522,"column":12},"end":{"line":522,"column":25}},"270":{"start":{"line":524,"column":12},"end":{"line":524,"column":54}},"271":{"start":{"line":529,"column":25},"end":{"line":529,"column":37}},"272":{"start":{"line":535,"column":31},"end":{"line":535,"column":51}},"273":{"start":{"line":571,"column":18},"end":{"line":588,"column":31}},"274":{"start":{"line":582,"column":36},"end":{"line":582,"column":61}},"275":{"start":{"line":583,"column":39},"end":{"line":583,"column":73}},"276":{"start":{"line":584,"column":40},"end":{"line":584,"column":59}},"277":{"start":{"line":614,"column":20},"end":{"line":614,"column":41}},"278":{"start":{"line":615,"column":20},"end":{"line":615,"column":46}},"279":{"start":{"line":616,"column":20},"end":{"line":616,"column":42}}},"fnMap":{"0":{"name":"(anonymous_0)","decl":{"start":{"line":9,"column":17},"end":{"line":9,"column":18}},"loc":{"start":{"line":9,"column":34},"end":{"line":648,"column":1}},"line":9},"1":{"name":"(anonymous_1)","decl":{"start":{"line":30,"column":12},"end":{"line":30,"column":13}},"loc":{"start":{"line":30,"column":18},"end":{"line":71,"column":3}},"line":30},"2":{"name":"(anonymous_2)","decl":{"start":{"line":31,"column":25},"end":{"line":31,"column":26}},"loc":{"start":{"line":31,"column":37},"end":{"line":68,"column":5}},"line":31},"3":{"name":"(anonymous_3)","decl":{"start":{"line":74,"column":12},"end":{"line":74,"column":13}},"loc":{"start":{"line":74,"column":18},"end":{"line":102,"column":3}},"line":74},"4":{"name":"(anonymous_4)","decl":{"start":{"line":104,"column":12},"end":{"line":104,"column":13}},"loc":{"start":{"line":104,"column":18},"end":{"line":112,"column":3}},"line":104},"5":{"name":"(anonymous_5)","decl":{"start":{"line":107,"column":29},"end":{"line":107,"column":30}},"loc":{"start":{"line":107,"column":35},"end":{"line":109,"column":7}},"line":107},"6":{"name":"(anonymous_6)","decl":{"start":{"line":108,"column":23},"end":{"line":108,"column":24}},"loc":{"start":{"line":108,"column":33},"end":{"line":108,"column":41}},"line":108},"7":{"name":"(anonymous_7)","decl":{"start":{"line":111,"column":11},"end":{"line":111,"column":12}},"loc":{"start":{"line":111,"column":17},"end":{"line":111,"column":40}},"line":111},"8":{"name":"(anonymous_8)","decl":{"start":{"line":115,"column":25},"end":{"line":115,"column":26}},"loc":{"start":{"line":115,"column":56},"end":{"line":128,"column":3}},"line":115},"9":{"name":"(anonymous_9)","decl":{"start":{"line":116,"column":23},"end":{"line":116,"column":24}},"loc":{"start":{"line":116,"column":44},"end":{"line":127,"column":5}},"line":116},"10":{"name":"(anonymous_10)","decl":{"start":{"line":121,"column":30},"end":{"line":121,"column":31}},"loc":{"start":{"line":121,"column":36},"end":{"line":126,"column":7}},"line":121},"11":{"name":"(anonymous_11)","decl":{"start":{"line":124,"column":16},"end":{"line":124,"column":17}},"loc":{"start":{"line":124,"column":27},"end":{"line":124,"column":41}},"line":124},"12":{"name":"(anonymous_12)","decl":{"start":{"line":125,"column":17},"end":{"line":125,"column":18}},"loc":{"start":{"line":125,"column":26},"end":{"line":125,"column":37}},"line":125},"13":{"name":"(anonymous_13)","decl":{"start":{"line":130,"column":25},"end":{"line":130,"column":26}},"loc":{"start":{"line":130,"column":37},"end":{"line":185,"column":3}},"line":130},"14":{"name":"(anonymous_14)","decl":{"start":{"line":165,"column":18},"end":{"line":165,"column":19}},"loc":{"start":{"line":165,"column":38},"end":{"line":167,"column":9}},"line":165},"15":{"name":"(anonymous_15)","decl":{"start":{"line":168,"column":28},"end":{"line":168,"column":29}},"loc":{"start":{"line":168,"column":34},"end":{"line":170,"column":9}},"line":168},"16":{"name":"(anonymous_16)","decl":{"start":{"line":187,"column":12},"end":{"line":187,"column":13}},"loc":{"start":{"line":187,"column":18},"end":{"line":194,"column":3}},"line":187},"17":{"name":"(anonymous_17)","decl":{"start":{"line":188,"column":11},"end":{"line":188,"column":12}},"loc":{"start":{"line":188,"column":17},"end":{"line":193,"column":5}},"line":188},"18":{"name":"(anonymous_18)","decl":{"start":{"line":197,"column":24},"end":{"line":197,"column":25}},"loc":{"start":{"line":197,"column":52},"end":{"line":350,"column":3}},"line":197},"19":{"name":"(anonymous_19)","decl":{"start":{"line":246,"column":15},"end":{"line":246,"column":16}},"loc":{"start":{"line":246,"column":27},"end":{"line":349,"column":5}},"line":246},"20":{"name":"(anonymous_20)","decl":{"start":{"line":296,"column":24},"end":{"line":296,"column":25}},"loc":{"start":{"line":296,"column":34},"end":{"line":305,"column":9}},"line":296},"21":{"name":"(anonymous_21)","decl":{"start":{"line":314,"column":23},"end":{"line":314,"column":24}},"loc":{"start":{"line":315,"column":12},"end":{"line":319,"column":18}},"line":315},"22":{"name":"(anonymous_22)","decl":{"start":{"line":323,"column":26},"end":{"line":323,"column":27}},"loc":{"start":{"line":323,"column":32},"end":{"line":323,"column":34}},"line":323},"23":{"name":"(anonymous_23)","decl":{"start":{"line":352,"column":26},"end":{"line":352,"column":27}},"loc":{"start":{"line":352,"column":38},"end":{"line":408,"column":3}},"line":352},"24":{"name":"(anonymous_24)","decl":{"start":{"line":371,"column":15},"end":{"line":371,"column":16}},"loc":{"start":{"line":371,"column":21},"end":{"line":407,"column":5}},"line":371},"25":{"name":"(anonymous_25)","decl":{"start":{"line":373,"column":14},"end":{"line":373,"column":15}},"loc":{"start":{"line":373,"column":32},"end":{"line":399,"column":9}},"line":373},"26":{"name":"(anonymous_26)","decl":{"start":{"line":385,"column":25},"end":{"line":385,"column":26}},"loc":{"start":{"line":386,"column":14},"end":{"line":389,"column":20}},"line":386},"27":{"name":"(anonymous_27)","decl":{"start":{"line":391,"column":30},"end":{"line":391,"column":31}},"loc":{"start":{"line":391,"column":39},"end":{"line":391,"column":60}},"line":391},"28":{"name":"(anonymous_28)","decl":{"start":{"line":400,"column":15},"end":{"line":400,"column":16}},"loc":{"start":{"line":400,"column":26},"end":{"line":403,"column":9}},"line":400},"29":{"name":"(anonymous_29)","decl":{"start":{"line":404,"column":17},"end":{"line":404,"column":18}},"loc":{"start":{"line":404,"column":23},"end":{"line":406,"column":9}},"line":404},"30":{"name":"(anonymous_30)","decl":{"start":{"line":410,"column":26},"end":{"line":410,"column":27}},"loc":{"start":{"line":410,"column":44},"end":{"line":418,"column":3}},"line":410},"31":{"name":"(anonymous_31)","decl":{"start":{"line":420,"column":24},"end":{"line":420,"column":25}},"loc":{"start":{"line":420,"column":38},"end":{"line":426,"column":3}},"line":420},"32":{"name":"(anonymous_32)","decl":{"start":{"line":429,"column":12},"end":{"line":429,"column":13}},"loc":{"start":{"line":429,"column":18},"end":{"line":445,"column":3}},"line":429},"33":{"name":"(anonymous_33)","decl":{"start":{"line":430,"column":33},"end":{"line":430,"column":34}},"loc":{"start":{"line":430,"column":39},"end":{"line":443,"column":5}},"line":430},"34":{"name":"(anonymous_34)","decl":{"start":{"line":444,"column":11},"end":{"line":444,"column":12}},"loc":{"start":{"line":444,"column":17},"end":{"line":444,"column":40}},"line":444},"35":{"name":"(anonymous_35)","decl":{"start":{"line":448,"column":12},"end":{"line":448,"column":13}},"loc":{"start":{"line":448,"column":18},"end":{"line":457,"column":3}},"line":448},"36":{"name":"(anonymous_36)","decl":{"start":{"line":519,"column":20},"end":{"line":519,"column":21}},"loc":{"start":{"line":519,"column":27},"end":{"line":528,"column":11}},"line":519},"37":{"name":"(anonymous_37)","decl":{"start":{"line":529,"column":19},"end":{"line":529,"column":20}},"loc":{"start":{"line":529,"column":25},"end":{"line":529,"column":37}},"line":529},"38":{"name":"(anonymous_38)","decl":{"start":{"line":535,"column":25},"end":{"line":535,"column":26}},"loc":{"start":{"line":535,"column":31},"end":{"line":535,"column":51}},"line":535},"39":{"name":"(anonymous_39)","decl":{"start":{"line":570,"column":25},"end":{"line":570,"column":26}},"loc":{"start":{"line":571,"column":18},"end":{"line":588,"column":31}},"line":571},"40":{"name":"(anonymous_40)","decl":{"start":{"line":582,"column":27},"end":{"line":582,"column":28}},"loc":{"start":{"line":582,"column":36},"end":{"line":582,"column":61}},"line":582},"41":{"name":"(anonymous_41)","decl":{"start":{"line":583,"column":32},"end":{"line":583,"column":33}},"loc":{"start":{"line":583,"column":39},"end":{"line":583,"column":73}},"line":583},"42":{"name":"(anonymous_42)","decl":{"start":{"line":584,"column":33},"end":{"line":584,"column":34}},"loc":{"start":{"line":584,"column":40},"end":{"line":584,"column":59}},"line":584},"43":{"name":"(anonymous_43)","decl":{"start":{"line":613,"column":27},"end":{"line":613,"column":28}},"loc":{"start":{"line":613,"column":39},"end":{"line":617,"column":19}},"line":613}},"branchMap":{"0":{"loc":{"start":{"line":32,"column":6},"end":{"line":32,"column":46}},"type":"if","locations":[{"start":{"line":32,"column":6},"end":{"line":32,"column":46}},{"start":{},"end":{}}],"line":32},"1":{"loc":{"start":{"line":37,"column":57},"end":{"line":37,"column":71}},"type":"binary-expr","locations":[{"start":{"line":37,"column":57},"end":{"line":37,"column":65}},{"start":{"line":37,"column":69},"end":{"line":37,"column":71}}],"line":37},"2":{"loc":{"start":{"line":39,"column":8},"end":{"line":61,"column":9}},"type":"if","locations":[{"start":{"line":39,"column":8},"end":{"line":61,"column":9}},{"start":{"line":57,"column":15},"end":{"line":61,"column":9}}],"line":39},"3":{"loc":{"start":{"line":41,"column":10},"end":{"line":56,"column":11}},"type":"if","locations":[{"start":{"line":41,"column":10},"end":{"line":56,"column":11}},{"start":{"line":45,"column":17},"end":{"line":56,"column":11}}],"line":41},"4":{"loc":{"start":{"line":46,"column":28},"end":{"line":46,"column":38}},"type":"binary-expr","locations":[{"start":{"line":46,"column":28},"end":{"line":46,"column":33}},{"start":{"line":46,"column":37},"end":{"line":46,"column":38}}],"line":46},"5":{"loc":{"start":{"line":50,"column":27},"end":{"line":50,"column":56}},"type":"cond-expr","locations":[{"start":{"line":50,"column":43},"end":{"line":50,"column":52}},{"start":{"line":50,"column":55},"end":{"line":50,"column":56}}],"line":50},"6":{"loc":{"start":{"line":51,"column":12},"end":{"line":55,"column":13}},"type":"if","locations":[{"start":{"line":51,"column":12},"end":{"line":55,"column":13}},{"start":{"line":53,"column":19},"end":{"line":55,"column":13}}],"line":51},"7":{"loc":{"start":{"line":51,"column":17},"end":{"line":51,"column":27}},"type":"binary-expr","locations":[{"start":{"line":51,"column":17},"end":{"line":51,"column":22}},{"start":{"line":51,"column":26},"end":{"line":51,"column":27}}],"line":51},"8":{"loc":{"start":{"line":58,"column":26},"end":{"line":58,"column":36}},"type":"binary-expr","locations":[{"start":{"line":58,"column":26},"end":{"line":58,"column":31}},{"start":{"line":58,"column":35},"end":{"line":58,"column":36}}],"line":58},"9":{"loc":{"start":{"line":76,"column":4},"end":{"line":85,"column":5}},"type":"if","locations":[{"start":{"line":76,"column":4},"end":{"line":85,"column":5}},{"start":{},"end":{}}],"line":76},"10":{"loc":{"start":{"line":81,"column":6},"end":{"line":84,"column":7}},"type":"if","locations":[{"start":{"line":81,"column":6},"end":{"line":84,"column":7}},{"start":{},"end":{}}],"line":81},"11":{"loc":{"start":{"line":81,"column":10},"end":{"line":81,"column":60}},"type":"binary-expr","locations":[{"start":{"line":81,"column":10},"end":{"line":81,"column":17}},{"start":{"line":81,"column":21},"end":{"line":81,"column":60}}],"line":81},"12":{"loc":{"start":{"line":88,"column":4},"end":{"line":88,"column":63}},"type":"if","locations":[{"start":{"line":88,"column":4},"end":{"line":88,"column":63}},{"start":{},"end":{}}],"line":88},"13":{"loc":{"start":{"line":89,"column":4},"end":{"line":89,"column":56}},"type":"if","locations":[{"start":{"line":89,"column":4},"end":{"line":89,"column":56}},{"start":{},"end":{}}],"line":89},"14":{"loc":{"start":{"line":91,"column":4},"end":{"line":101,"column":5}},"type":"if","locations":[{"start":{"line":91,"column":4},"end":{"line":101,"column":5}},{"start":{},"end":{}}],"line":91},"15":{"loc":{"start":{"line":91,"column":8},"end":{"line":91,"column":40}},"type":"binary-expr","locations":[{"start":{"line":91,"column":8},"end":{"line":91,"column":21}},{"start":{"line":91,"column":25},"end":{"line":91,"column":40}}],"line":91},"16":{"loc":{"start":{"line":93,"column":6},"end":{"line":100,"column":7}},"type":"if","locations":[{"start":{"line":93,"column":6},"end":{"line":100,"column":7}},{"start":{"line":95,"column":13},"end":{"line":100,"column":7}}],"line":93},"17":{"loc":{"start":{"line":106,"column":4},"end":{"line":110,"column":5}},"type":"if","locations":[{"start":{"line":106,"column":4},"end":{"line":110,"column":5}},{"start":{},"end":{}}],"line":106},"18":{"loc":{"start":{"line":115,"column":32},"end":{"line":115,"column":51}},"type":"default-arg","locations":[{"start":{"line":115,"column":41},"end":{"line":115,"column":51}}],"line":115},"19":{"loc":{"start":{"line":117,"column":6},"end":{"line":119,"column":7}},"type":"if","locations":[{"start":{"line":117,"column":6},"end":{"line":119,"column":7}},{"start":{},"end":{}}],"line":117},"20":{"loc":{"start":{"line":135,"column":6},"end":{"line":139,"column":7}},"type":"if","locations":[{"start":{"line":135,"column":6},"end":{"line":139,"column":7}},{"start":{},"end":{}}],"line":135},"21":{"loc":{"start":{"line":145,"column":6},"end":{"line":151,"column":7}},"type":"if","locations":[{"start":{"line":145,"column":6},"end":{"line":151,"column":7}},{"start":{},"end":{}}],"line":145},"22":{"loc":{"start":{"line":156,"column":6},"end":{"line":160,"column":7}},"type":"if","locations":[{"start":{"line":156,"column":6},"end":{"line":160,"column":7}},{"start":{},"end":{}}],"line":156},"23":{"loc":{"start":{"line":156,"column":10},"end":{"line":156,"column":80}},"type":"binary-expr","locations":[{"start":{"line":156,"column":10},"end":{"line":156,"column":23}},{"start":{"line":156,"column":27},"end":{"line":156,"column":59}},{"start":{"line":156,"column":63},"end":{"line":156,"column":80}}],"line":156},"24":{"loc":{"start":{"line":174,"column":6},"end":{"line":176,"column":7}},"type":"if","locations":[{"start":{"line":174,"column":6},"end":{"line":176,"column":7}},{"start":{},"end":{}}],"line":174},"25":{"loc":{"start":{"line":189,"column":6},"end":{"line":191,"column":7}},"type":"if","locations":[{"start":{"line":189,"column":6},"end":{"line":191,"column":7}},{"start":{},"end":{}}],"line":189},"26":{"loc":{"start":{"line":197,"column":31},"end":{"line":197,"column":47}},"type":"default-arg","locations":[{"start":{"line":197,"column":42},"end":{"line":197,"column":47}}],"line":197},"27":{"loc":{"start":{"line":201,"column":29},"end":{"line":201,"column":76}},"type":"binary-expr","locations":[{"start":{"line":201,"column":29},"end":{"line":201,"column":69}},{"start":{"line":201,"column":73},"end":{"line":201,"column":76}}],"line":201},"28":{"loc":{"start":{"line":202,"column":4},"end":{"line":206,"column":5}},"type":"if","locations":[{"start":{"line":202,"column":4},"end":{"line":206,"column":5}},{"start":{},"end":{}}],"line":202},"29":{"loc":{"start":{"line":202,"column":8},"end":{"line":202,"column":79}},"type":"binary-expr","locations":[{"start":{"line":202,"column":8},"end":{"line":202,"column":17}},{"start":{"line":202,"column":21},"end":{"line":202,"column":38}},{"start":{"line":202,"column":42},"end":{"line":202,"column":79}}],"line":202},"30":{"loc":{"start":{"line":209,"column":4},"end":{"line":220,"column":5}},"type":"if","locations":[{"start":{"line":209,"column":4},"end":{"line":220,"column":5}},{"start":{},"end":{}}],"line":209},"31":{"loc":{"start":{"line":210,"column":6},"end":{"line":213,"column":49}},"type":"binary-expr","locations":[{"start":{"line":210,"column":6},"end":{"line":210,"column":15}},{"start":{"line":211,"column":6},"end":{"line":211,"column":23}},{"start":{"line":212,"column":6},"end":{"line":212,"column":19}},{"start":{"line":213,"column":6},"end":{"line":213,"column":49}}],"line":210},"32":{"loc":{"start":{"line":216,"column":21},"end":{"line":216,"column":50}},"type":"cond-expr","locations":[{"start":{"line":216,"column":37},"end":{"line":216,"column":46}},{"start":{"line":216,"column":49},"end":{"line":216,"column":50}}],"line":216},"33":{"loc":{"start":{"line":225,"column":4},"end":{"line":231,"column":5}},"type":"if","locations":[{"start":{"line":225,"column":4},"end":{"line":231,"column":5}},{"start":{},"end":{}}],"line":225},"34":{"loc":{"start":{"line":225,"column":8},"end":{"line":225,"column":82}},"type":"binary-expr","locations":[{"start":{"line":225,"column":8},"end":{"line":225,"column":25}},{"start":{"line":225,"column":29},"end":{"line":225,"column":42}},{"start":{"line":225,"column":46},"end":{"line":225,"column":82}}],"line":225},"35":{"loc":{"start":{"line":233,"column":4},"end":{"line":237,"column":5}},"type":"if","locations":[{"start":{"line":233,"column":4},"end":{"line":237,"column":5}},{"start":{},"end":{}}],"line":233},"36":{"loc":{"start":{"line":233,"column":8},"end":{"line":233,"column":89}},"type":"binary-expr","locations":[{"start":{"line":233,"column":8},"end":{"line":233,"column":25}},{"start":{"line":233,"column":29},"end":{"line":233,"column":42}},{"start":{"line":233,"column":46},"end":{"line":233,"column":89}}],"line":233},"37":{"loc":{"start":{"line":239,"column":4},"end":{"line":242,"column":5}},"type":"if","locations":[{"start":{"line":239,"column":4},"end":{"line":242,"column":5}},{"start":{},"end":{}}],"line":239},"38":{"loc":{"start":{"line":244,"column":4},"end":{"line":244,"column":36}},"type":"if","locations":[{"start":{"line":244,"column":4},"end":{"line":244,"column":36}},{"start":{},"end":{}}],"line":244},"39":{"loc":{"start":{"line":259,"column":10},"end":{"line":263,"column":11}},"type":"if","locations":[{"start":{"line":259,"column":10},"end":{"line":263,"column":11}},{"start":{},"end":{}}],"line":259},"40":{"loc":{"start":{"line":273,"column":10},"end":{"line":275,"column":75}},"type":"binary-expr","locations":[{"start":{"line":273,"column":10},"end":{"line":273,"column":35}},{"start":{"line":274,"column":10},"end":{"line":274,"column":63}},{"start":{"line":275,"column":11},"end":{"line":275,"column":29}},{"start":{"line":275,"column":33},"end":{"line":275,"column":74}}],"line":273},"41":{"loc":{"start":{"line":277,"column":8},"end":{"line":283,"column":9}},"type":"if","locations":[{"start":{"line":277,"column":8},"end":{"line":283,"column":9}},{"start":{},"end":{}}],"line":277},"42":{"loc":{"start":{"line":277,"column":12},"end":{"line":277,"column":49}},"type":"binary-expr","locations":[{"start":{"line":277,"column":12},"end":{"line":277,"column":32}},{"start":{"line":277,"column":36},"end":{"line":277,"column":49}}],"line":277},"43":{"loc":{"start":{"line":278,"column":10},"end":{"line":280,"column":11}},"type":"if","locations":[{"start":{"line":278,"column":10},"end":{"line":280,"column":11}},{"start":{},"end":{}}],"line":278},"44":{"loc":{"start":{"line":299,"column":10},"end":{"line":303,"column":11}},"type":"if","locations":[{"start":{"line":299,"column":10},"end":{"line":303,"column":11}},{"start":{},"end":{}}],"line":299},"45":{"loc":{"start":{"line":307,"column":8},"end":{"line":311,"column":9}},"type":"if","locations":[{"start":{"line":307,"column":8},"end":{"line":311,"column":9}},{"start":{},"end":{}}],"line":307},"46":{"loc":{"start":{"line":313,"column":8},"end":{"line":321,"column":9}},"type":"if","locations":[{"start":{"line":313,"column":8},"end":{"line":321,"column":9}},{"start":{},"end":{}}],"line":313},"47":{"loc":{"start":{"line":315,"column":117},"end":{"line":315,"column":169}},"type":"cond-expr","locations":[{"start":{"line":315,"column":128},"end":{"line":315,"column":147}},{"start":{"line":315,"column":150},"end":{"line":315,"column":169}}],"line":315},"48":{"loc":{"start"
[...]
/src/services/adminService.js": {"path":"/Users/atuldhakad/Documents/Projects/New Coaching FInder/Coaching_Finder-main/frontend/src/services/adminService.js","statementMap":{"0":{"start":{"line":10,"column":21},"end":{"line":10,"column":81}},"1":{"start":{"line":15,"column":23},"end":{"line":26,"column":1}},"2":{"start":{"line":16,"column":15},"end":{"line":16,"column":31}},"3":{"start":{"line":17,"column":2},"end":{"line":19,"column":3}},"4":{"start":{"line":18,"column":4},"end":{"line":18,"column":46}},"5":{"start":{"line":21,"column":16},"end":{"line":21,"column":39}},"6":{"start":{"line":22,"column":2},"end":{"line":25,"column":4}},"7":{"start":{"line":33,"column":31},"end":{"line":55,"column":1}},"8":{"start":{"line":34,"column":2},"end":{"line":54,"column":3}},"9":{"start":{"line":35,"column":20},"end":{"line":35,"column":42}},"10":{"start":{"line":37,"column":21},"end":{"line":41,"column":6}},"11":{"start":{"line":43,"column":17},"end":{"line":43,"column":38}},"12":{"start":{"line":45,"column":4},"end":{"line":47,"column":5}},"13":{"start":{"line":46,"column":6},"end":{"line":46,"column":67}},"14":{"start":{"line":49,"column":4},"end":{"line":49,"column":61}},"15":{"start":{"line":50,"column":4},"end":{"line":50,"column":52}},"16":{"start":{"line":52,"column":4},"end":{"line":52,"column":58}},"17":{"start":{"line":53,"column":4},"end":{"line":53,"column":54}},"18":{"start":{"line":62,"column":31},"end":{"line":84,"column":1}},"19":{"start":{"line":63,"column":2},"end":{"line":83,"column":3}},"20":{"start":{"line":64,"column":20},"end":{"line":64,"column":42}},"21":{"start":{"line":66,"column":21},"end":{"line":70,"column":6}},"22":{"start":{"line":72,"column":17},"end":{"line":72,"column":38}},"23":{"start":{"line":74,"column":4},"end":{"line":76,"column":5}},"24":{"start":{"line":75,"column":6},"end":{"line":75,"column":67}},"25":{"start":{"line":78,"column":4},"end":{"line":78,"column":60}},"26":{"start":{"line":79,"column":4},"end":{"line":79,"column":52}},"27":{"start":{"line":81,"column":4},"end":{"line":81,"column":57}},"28":{"start":{"line":82,"column":4},"end":{"line":82,"column":54}},"29":{"start":{"line":90,"column":27},"end":{"line":111,"column":1}},"30":{"start":{"line":91,"column":2},"end":{"line":110,"column":3}},"31":{"start":{"line":92,"column":20},"end":{"line":92,"column":42}},"32":{"start":{"line":94,"column":21},"end":{"line":97,"column":6}},"33":{"start":{"line":99,"column":17},"end":{"line":99,"column":38}},"34":{"start":{"line":101,"column":4},"end":{"line":103,"column":5}},"35":{"start":{"line":102,"column":6},"end":{"line":102,"column":61}},"36":{"start":{"line":105,"column":4},"end":{"line":105,"column":77}},"37":{"start":{"line":106,"column":4},"end":{"line":106,"column":22}},"38":{"start":{"line":108,"column":4},"end":{"line":108,"column":52}},"39":{"start":{"line":109,"column":4},"end":{"line":109,"column":16}},"40":{"start":{"line":118,"column":32},"end":{"line":134,"column":1}},"41":{"start":{"line":119,"column":2},"end":{"line":133,"column":3}},"42":{"start":{"line":120,"column":17},"end":{"line":120,"column":33}},"43":{"start":{"line":121,"column":4},"end":{"line":123,"column":5}},"44":{"start":{"line":122,"column":6},"end":{"line":122,"column":47}},"45":{"start":{"line":126,"column":4},"end":{"line":126,"column":32}},"46":{"start":{"line":128,"column":4},"end":{"line":128,"column":55}},"47":{"start":{"line":129,"column":4},"end":{"line":129,"column":16}},"48":{"start":{"line":131,"column":4},"end":{"line":131,"column":59}},"49":{"start":{"line":132,"column":4},"end":{"line":132,"column":16}},"50":{"start":{"line":140,"column":32},"end":{"line":155,"column":1}},"51":{"start":{"line":141,"column":2},"end":{"line":154,"column":3}},"52":{"start":{"line":142,"column":17},"end":{"line":142,"column":33}},"53":{"start":{"line":143,"column":4},"end":{"line":145,"column":5}},"54":{"start":{"line":144,"column":6},"end":{"line":144,"column":19}},"55":{"start":{"line":147,"column":24},"end":{"line":147,"column":53}},"56":{"start":{"line":148,"column":25},"end":{"line":148,"column":49}},"57":{"start":{"line":150,"column":4},"end":{"line":150,"column":39}},"58":{"start":{"line":152,"column":4},"end":{"line":152,"column":59}},"59":{"start":{"line":153,"column":4},"end":{"line":153,"column":17}},"60":{"start":{"line":161,"column":35},"end":{"line":176,"column":1}},"61":{"start":{"line":162,"column":2},"end":{"line":175,"column":3}},"62":{"start":{"line":163,"column":17},"end":{"line":163,"column":33}},"63":{"start":{"line":164,"column":4},"end":{"line":166,"column":5}},"64":{"start":{"line":165,"column":6},"end":{"line":165,"column":16}},"65":{"start":{"line":168,"column":24},"end":{"line":168,"column":53}},"66":{"start":{"line":169,"column":25},"end":{"line":169,"column":49}},"67":{"start":{"line":171,"column":4},"end":{"line":171,"column":36}},"68":{"start":{"line":173,"column":4},"end":{"line":173,"column":56}},"69":{"start":{"line":174,"column":4},"end":{"line":174,"column":14}},"70":{"start":{"line":182,"column":31},"end":{"line":204,"column":1}},"71":{"start":{"line":183,"column":2},"end":{"line":203,"column":3}},"72":{"start":{"line":184,"column":20},"end":{"line":184,"column":42}},"73":{"start":{"line":186,"column":21},"end":{"line":192,"column":6}},"74":{"start":{"line":194,"column":4},"end":{"line":197,"column":5}},"75":{"start":{"line":195,"column":24},"end":{"line":195,"column":45}},"76":{"start":{"line":196,"column":6},"end":{"line":196,"column":72}},"77":{"start":{"line":199,"column":4},"end":{"line":199,"column":33}},"78":{"start":{"line":201,"column":4},"end":{"line":201,"column":58}},"79":{"start":{"line":202,"column":4},"end":{"line":202,"column":16}},"80":{"start":{"line":210,"column":31},"end":{"line":232,"column":1}},"81":{"start":{"line":211,"column":2},"end":{"line":231,"column":3}},"82":{"start":{"line":212,"column":20},"end":{"line":212,"column":42}},"83":{"start":{"line":214,"column":21},"end":{"line":220,"column":6}},"84":{"start":{"line":222,"column":4},"end":{"line":225,"column":5}},"85":{"start":{"line":223,"column":24},"end":{"line":223,"column":45}},"86":{"start":{"line":224,"column":6},"end":{"line":224,"column":72}},"87":{"start":{"line":227,"column":4},"end":{"line":227,"column":33}},"88":{"start":{"line":229,"column":4},"end":{"line":229,"column":58}},"89":{"start":{"line":230,"column":4},"end":{"line":230,"column":16}}},"fnMap":{"0":{"name":"(anonymous_0)","decl":{"start":{"line":15,"column":23},"end":{"line":15,"column":24}},"loc":{"start":{"line":15,"column":35},"end":{"line":26,"column":1}},"line":15},"1":{"name":"(anonymous_1)","decl":{"start":{"line":33,"column":31},"end":{"line":33,"column":32}},"loc":{"start":{"line":33,"column":46},"end":{"line":55,"column":1}},"line":33},"2":{"name":"(anonymous_2)","decl":{"start":{"line":62,"column":31},"end":{"line":62,"column":32}},"loc":{"start":{"line":62,"column":46},"end":{"line":84,"column":1}},"line":62},"3":{"name":"(anonymous_3)","decl":{"start":{"line":90,"column":27},"end":{"line":90,"column":28}},"loc":{"start":{"line":90,"column":39},"end":{"line":111,"column":1}},"line":90},"4":{"name":"(anonymous_4)","decl":{"start":{"line":118,"column":32},"end":{"line":118,"column":33}},"loc":{"start":{"line":118,"column":44},"end":{"line":134,"column":1}},"line":118},"5":{"name":"(anonymous_5)","decl":{"start":{"line":140,"column":32},"end":{"line":140,"column":33}},"loc":{"start":{"line":140,"column":44},"end":{"line":155,"column":1}},"line":140},"6":{"name":"(anonymous_6)","decl":{"start":{"line":161,"column":35},"end":{"line":161,"column":36}},"loc":{"start":{"line":161,"column":47},"end":{"line":176,"column":1}},"line":161},"7":{"name":"(anonymous_7)","decl":{"start":{"line":182,"column":31},"end":{"line":182,"column":32}},"loc":{"start":{"line":182,"column":43},"end":{"line":204,"column":1}},"line":182},"8":{"name":"(anonymous_8)","decl":{"start":{"line":210,"column":31},"end":{"line":210,"column":32}},"loc":{"start":{"line":210,"column":43},"end":{"line":232,"column":1}},"line":210}},"branchMap":{"0":{"loc":{"start":{"line":10,"column":21},"end":{"line":10,"column":81}},"type":"binary-expr","locations":[{"start":{"line":10,"column":21},"end":{"line":10,"column":50}},{"start":{"line":10,"column":54},"end":{"line":10,"column":81}}],"line":10},"1":{"loc":{"start":{"line":17,"column":2},"end":{"line":19,"column":3}},"type":"if","locations":[{"start":{"line":17,"column":2},"end":{"line":19,"column":3}},{"start":{},"end":{}}],"line":17},"2":{"loc":{"start":{"line":45,"column":4},"end":{"line":47,"column":5}},"type":"if","locations":[{"start":{"line":45,"column":4},"end":{"line":47,"column":5}},{"start":{},"end":{}}],"line":45},"3":{"loc":{"start":{"line":46,"column":22},"end":{"line":46,"column":65}},"type":"binary-expr","locations":[{"start":{"line":46,"column":22},"end":{"line":46,"column":32}},{"start":{"line":46,"column":36},"end":{"line":46,"column":65}}],"line":46},"4":{"loc":{"start":{"line":74,"column":4},"end":{"line":76,"column":5}},"type":"if","locations":[{"start":{"line":74,"column":4},"end":{"line":76,"column":5}},{"start":{},"end":{}}],"line":74},"5":{"loc":{"start":{"line":75,"column":22},"end":{"line":75,"column":65}},"type":"binary-expr","locations":[{"start":{"line":75,"column":22},"end":{"line":75,"column":32}},{"start":{"line":75,"column":36},"end":{"line":75,"column":65}}],"line":75},"6":{"loc":{"start":{"line":101,"column":4},"end":{"line":103,"column":5}},"type":"if","locations":[{"start":{"line":101,"column":4},"end":{"line":103,"column":5}},{"start":{},"end":{}}],"line":101},"7":{"loc":{"start":{"line":102,"column":22},"end":{"line":102,"column":59}},"type":"binary-expr","locations":[{"start":{"line":102,"column":22},"end":{"line":102,"column":32}},{"start":{"line":102,"column":36},"end":{"line":102,"column":59}}],"line":102},"8":{"loc":{"start":{"line":121,"column":4},"end":{"line":123,"column":5}},"type":"if","locations":[{"start":{"line":121,"column":4},"end":{"line":123,"column":5}},{"start":{},"end":{}}],"line":121},"9":{"loc":{"start":{"line":143,"column":4},"end":{"line":145,"column":5}},"type":"if","locations":[{"start":{"line":143,"column":4},"end":{"line":145,"column":5}},{"start":{},"end":{}}],"line":143},"10":{"loc":{"start":{"line":148,"column":25},"end":{"line":148,"column":49}},"type":"binary-expr","locations":[{"start":{"line":148,"column":25},"end":{"line":148,"column":43}},{"start":{"line":148,"column":47},"end":{"line":148,"column":49}}],"line":148},"11":{"loc":{"start":{"line":164,"column":4},"end":{"line":166,"column":5}},"type":"if","locations":[{"start":{"line":164,"column":4},"end":{"line":166,"column":5}},{"start":{},"end":{}}],"line":164},"12":{"loc":{"start":{"line":169,"column":25},"end":{"line":169,"column":49}},"type":"binary-expr","locations":[{"start":{"line":169,"column":25},"end":{"line":169,"column":43}},{"start":{"line":169,"column":47},"end":{"line":169,"column":49}}],"line":169},"13":{"loc":{"start":{"line":171,"column":11},"end":{"line":171,"column":35}},"type":"binary-expr","locations":[{"start":{"line":171,"column":11},"end":{"line":171,"column":29}},{"start":{"line":171,"column":33},"end":{"line":171,"column":35}}],"line":171},"14":{"loc":{"start":{"line":194,"column":4},"end":{"line":197,"column":5}},"type":"if","locations":[{"start":{"line":194,"column":4},"end":{"line":197,"column":5}},{"start":{},"end":{}}],"line":194},"15":{"loc":{"start":{"line":196,"column":22},"end":{"line":196,"column":70}},"type":"binary-expr","locations":[{"start":{"line":196,"column":22},"end":{"line":196,"column":37}},{"start":{"line":196,"column":41},"end":{"line":196,"column":70}}],"line":196},"16":{"loc":{"start":{"line":222,"column":4},"end":{"line":225,"column":5}},"type":"if","locations":[{"start":{"line":222,"column":4},"end":{"line":225,"column":5}},{"start":{},"end":{}}],"line":222},"17":{"loc":{"start":{"line":224,"column":22},"end":{"line":224,"column":70}},"type":"binary-expr","locations":[{"start":{"line":224,"column":22},"end":{"line":224,"column":37}},{"start":{"line":224,"column":41},"end":{"line":224,"column":70}}],"line":224}},"s":{"0":0,"1":0,"2":0,"3":0,"4":0,"5":0,"6":0,"7":0,"8":0,"9":0,"10":0,"11":0,"12":0,"13":0,"14":0,"15":0,"16":0,"17":0,"18":0,"19":0,"20":0,"21":0,"22":0,"23":0,"24":0,"25":0,"26":0,"27":0,"28":0,"29":0,"30":0,"31":0,"32":0,"33":0,"34":0,"35":0,"36":0,"37":0,"38":0,"39":0,"40":0,"41":0,"42":0,"43":0,"44":0,"45":0,"46":0,"47":0,"48":0,"49":0,"50":0,"51":0,"52":0,"53":0,"54":0,"55":0,"56":0,"57":0,"58":0,"59":0,"60":0,"61":0,"62":0,"63":0,"64":0,"65":0,"66":0,"67":0,"68":0,"69":0,"70":0,"71":0,"72":0,"73":0,"74":0,"75":0,"76":0,"77":0,"78":0,"79":0,"80":0,"81":0,"82":0,"83":0,"84":0,"85":0,"86":0,"87":0,"88":0,"89":0},"f":{"0":0,"1":0,"2":0,"3":0,"4":0,"5":0,"6":0,"7":0,"8":0},"b":{"0":[0,0],"1":[0,0],"2":[0,0],"3":[0,0],"4":[0,0],"5":[0,0],"6":[0,0],"7":[0,0],"8":[0,0],"9":[0,0],"10":[0,0],"11":[0,0],"12":[0,0],"13":[0,0],"14":[0,0],"15":[0,0],"16":[0,0],"17":[0,0]}}
,"/Users/atuldhakad/Documents/Projects/New Coaching FInder/Coaching_Finder-main/frontend/src/utils/analytics.js": {"path":"/Users/atuldhakad/Documents/Projects/New Coaching FInder/Coaching_Finder-main/frontend/src/utils/analytics.js","statementMap":{"0":{"start":{"line":3,"column":22},"end":{"line":5,"column":1}},"1":{"start":{"line":4,"column":2},"end":{"line":4,"column":37}},"2":{"start":{"line":7,"column":29},"end":{"line":9,"column":1}},"3":{"start":{"line":8,"column":2},"end":{"line":8,"column":51}},"4":{"start":{"line":11,"column":26},"end":{"line":13,"column":1}},"5":{"start":{"line":12,"column":2},"end":{"line":12,"column":45}}},"fnMap":{"0":{"name":"(anonymous_0)","decl":{"start":{"line":3,"column":22},"end":{"line":3,"column":23}},"loc":{"start":{"line":3,"column":28},"end":{"line":5,"column":1}},"line":3},"1":{"name":"(anonymous_1)","decl":{"start":{"line":7,"column":29},"end":{"line":7,"column":30}},"loc":{"start":{"line":7,"column":38},"end":{"line":9,"column":1}},"line":7},"2":{"name":"(anonymous_2)","decl":{"start":{"line":11,"column":26},"end":{"line":11,"column":27}},"loc":{"start":{"line":11,"column":55},"end":{"line":13,"column":1}},"line":11}},"branchMap":{},"s":{"0":0,"1":0,"2":0,"3":0,"4":0,"5":0},"f":{"0":0,"1":0,"2":0},"b":{}}
,"/Users/atuldhakad/Documents/Projects/New Coaching FInder/Coaching_Finder-main/frontend/src/utils/checkAdminRoles.js": {"path":"/Users/atuldhakad/Documents/Projects/New Coaching FInder/Coaching_Finder-main/frontend/src/utils/checkAdminRoles.js","statementMap":{"0":{"start":{"line":23,"column":30},"end":{"line":38,"column":1}},"1":{"start":{"line":24,"column":2},"end":{"line":37,"column":3}},"2":{"start":{"line":25,"column":16},"end":{"line":31,"column":6}},"3":{"start":{"line":32,"column":17},"end":{"line":32,"column":33}},"4":{"start":{"line":33,"column":4},"end":{"line":33,"column":24}},"5":{"start":{"line":35,"column":4},"end":{"line":35,"column":46}},"6":{"start":{"line":36,"column":4},"end":{"line":36,"column":17}}},"fnMap":{"0":{"name":"(anonymous_0)","decl":{"start":{"line":23,"column":30},"end":{"line":23,"column":31}},"loc":{"start":{"line":23,"column":49},"end":{"line":38,"column":1}},"line":23}},"branchMap":{},"s":{"0":0,"1":0,"2":0,"3":0,"4":0,"5":0,"6":0},"f":{"0":0},"b":{}}
,"/Users/atuldhakad/Documents/Projects/New Coaching FInder/Coaching_Finder-main/frontend/src/utils/exportToPDF.js": {"path":"/Users/atuldhakad/Documents/Projects/New Coaching FInder/Coaching_Finder-main/frontend/src/utils/exportToPDF.js","statementMap":{"0":{"start":{"line":4,"column":36},"end":{"line":21,"column":1}},"1":{"start":{"line":5,"column":14},"end":{"line":5,"column":25}},"2":{"start":{"line":6,"column":20},"end":{"line":11,"column":4}},"3":{"start":{"line":6,"column":45},"end":{"line":11,"column":3}},"4":{"start":{"line":13,"column":2},"end":{"line":13,"column":33}},"5":{"start":{"line":14,"column":2},"end":{"line":18,"column":5}},"6":{"start":{"line":20,"column":2},"end":{"line":20,"column":29}}},"fnMap":{"0":{"name":"(anonymous_0)","decl":{"start":{"line":4,"column":36},"end":{"line":4,"column":37}},"loc":{"start":{"line":4,"column":46},"end":{"line":21,"column":1}},"line":4},"1":{"name":"(anonymous_1)","decl":{"start":{"line":6,"column":29},"end":{"line":6,"column":30}},"loc":{"start":{"line":6,"column":45},"end":{"line":11,"column":3}},"line":6}},"branchMap":{},"s":{"0":0,"1":0,"2":0,"3":0,"4":0,"5":0,"6":0},"f":{"0":0,"1":0},"b":{}}
,"/Users/atuldhakad/Documents/Projects/New Coaching FInder/Coaching_Finder-main/frontend/src/utils/googlePlaces.jsx": {"path":"/Users/atuldhakad/Documents/Projects/New Coaching FInder/Coaching_Finder-main/frontend/src/utils/googlePlaces.jsx","statementMap":{"0":{"start":{"line":4,"column":23},"end":{"line":4,"column":64}},"1":{"start":{"line":6,"column":39},"end":{"line":20,"column":1}},"2":{"start":{"line":7,"column":2},"end":{"line":19,"column":3}},"3":{"start":{"line":8,"column":21},"end":{"line":14,"column":8}},"4":{"start":{"line":15,"column":4},"end":{"line":15,"column":33}},"5":{"start":{"line":17,"column":4},"end":{"line":17,"column":72}},"6":{"start":{"line":18,"column":4},"end":{"line":18,"column":14}}},"fnMap":{"0":{"name":"(anonymous_0)","decl":{"start":{"line":6,"column":39},"end":{"line":6,"column":40}},"loc":{"start":{"line":6,"column":59},"end":{"line":20,"column":1}},"line":6}},"branchMap":{},"s":{"0":0,"1":0,"2":0,"3":0,"4":0,"5":0,"6":0},"f":{"0":0},"b":{}}
,"/Users/atuldhakad/Documents/Projects/New Coaching FInder/Coaching_Finder-main/frontend/src/utils/logLogin.jsx": {"path":"/Users/atuldhakad/Documents/Projects/New Coaching FInder/Coaching_Finder-main/frontend/src/utils/logLogin.jsx","statementMap":{"0":{"start":{"line":3,"column":24},"end":{"line":19,"column":1}},"1":{"start":{"line":4,"column":2},"end":{"line":18,"column":3}},"2":{"start":{"line":5,"column":4},"end":{"line":15,"column":7}},"3":{"start":{"line":17,"column":4},"end":{"line":17,"column":47}}},"fnMap":{"0":{"name":"(anonymous_0)","decl":{"start":{"line":3,"column":24},"end":{"line":3,"column":25}},"loc":{"start":{"line":3,"column":40},"end":{"line":19,"column":1}},"line":3}},"branchMap":{"0":{"loc":{"start":{"line":7,"column":13},"end":{"line":7,"column":31}},"type":"binary-expr","locations":[{"start":{"line":7,"column":13},"end":{"line":7,"column":23}},{"start":{"line":7,"column":27},"end":{"line":7,"column":31}}],"line":7},"1":{"loc":{"start":{"line":8,"column":19},"end":{"line":8,"column":43}},"type":"binary-expr","locations":[{"start":{"line":8,"column":19},"end":{"line":8,"column":35}},{"start":{"line":8,"column":39},"end":{"line":8,"column":43}}],"line":8},"2":{"loc":{"start":{"line":9,"column":16},"end":{"line":9,"column":61}},"type":"binary-expr","locations":[{"start":{"line":9,"column":16},"end":{"line":9,"column":48}},{"start":{"line":9,"column":52},"end":{"line":9,"column":61}}],"line":9},"3":{"loc":{"start":{"line":10,"column":19},"end":{"line":10,"column":43}},"type":"binary-expr","locations":[{"start":{"line":10,"column":19},"end":{"line":10,"column":35}},{"start":{"line":10,"column":39},"end":{"line":10,"column":43}}],"line":10},"4":{"loc":{"start":{"line":11,"column":16},"end":{"line":11,"column":37}},"type":"binary-expr","locations":[{"start":{"line":11,"column":16},"end":{"line":11,"column":29}},{"start":{"line":11,"column":33},"end":{"line":11,"column":37}}],"line":11},"5":{"loc":{"start":{"line":12,"column":17},"end":{"line":12,"column":52}},"type":"binary-expr","locations":[{"start":{"line":12,"column":17},"end":{"line":12,"column":44}},{"start":{"line":12,"column":48},"end":{"line":12,"column":52}}],"line":12},"6":{"loc":{"start":{"line":13,"column":19},"end":{"line":13,"column":76}},"type":"binary-expr","locations":[{"start":{"line":13,"column":19},"end":{"line":13,"column":48}},{"start":{"line":13,"column":52},"end":{"line":13,"column":76}}],"line":13}},"s":{"0":0,"1":0,"2":0,"3":0},"f":{"0":0},"b":{"0":[0,0],"1":[0,0],"2":[0,0],"3":[0,0],"4":[0,0],"5":[0,0],"6":[0,0]}}
}
