TN:
SF:src/App.jsx
FN:28,(anonymous_0)
FN:57,(anonymous_1)
FN:72,(anonymous_2)
FN:77,(anonymous_3)
FN:83,(anonymous_4)
FN:87,(anonymous_5)
FN:91,(anonymous_6)
FNF:7
FNH:0
FNDA:0,(anonymous_0)
FNDA:0,(anonymous_1)
FNDA:0,(anonymous_2)
FNDA:0,(anonymous_3)
FNDA:0,(anonymous_4)
FNDA:0,(anonymous_5)
FNDA:0,(anonymous_6)
DA:28,0
DA:29,0
DA:32,0
DA:33,0
DA:44,0
DA:45,0
DA:49,0
DA:50,0
DA:57,0
DA:67,0
DA:72,0
DA:73,0
DA:75,0
DA:77,0
DA:78,0
DA:79,0
DA:80,0
DA:83,0
DA:84,0
DA:87,0
DA:88,0
DA:91,0
DA:92,0
DA:93,0
DA:94,0
DA:95,0
DA:103,0
LF:27
LH:0
BRDA:32,0,0,0
BRDA:32,0,1,0
BRDA:44,1,0,0
BRDA:44,1,1,0
BRDA:49,2,0,0
BRDA:49,2,1,0
BRDA:105,3,0,0
BRDA:105,3,1,0
BRF:8
BRH:0
end_of_record
TN:
SF:src/Routes.jsx
FN:8,(anonymous_0)
FNF:1
FNH:0
FNDA:0,(anonymous_0)
DA:8,0
DA:9,0
LF:2
LH:0
BRF:0
BRH:0
end_of_record
TN:
SF:src/api.js
FNF:0
FNH:0
DA:4,0
LF:1
LH:0
BRDA:5,0,0,0
BRDA:5,0,1,0
BRF:2
BRH:0
end_of_record
TN:
SF:src/firebase.jsx
FNF:0
FNH:0
DA:6,2
DA:16,2
DA:17,2
DA:18,2
LF:4
LH:4
BRF:0
BRH:0
end_of_record
TN:
SF:src/index.jsx
FNF:0
FNH:0
DA:11,0
DA:13,0
LF:2
LH:0
BRF:0
BRH:0
end_of_record
TN:
SF:src/postcss.config.js
FNF:0
FNH:0
DA:1,0
LF:1
LH:0
BRF:0
BRH:0
end_of_record
TN:
SF:src/tailwind.config.js
FNF:0
FNH:0
DA:2,0
LF:1
LH:0
BRF:0
BRH:0
end_of_record
TN:
SF:src/components/AdminDebug.jsx
FN:4,(anonymous_0)
FN:58,(anonymous_1)
FN:78,(anonymous_2)
FNF:3
FNH:0
FNDA:0,(anonymous_0)
FNDA:0,(anonymous_1)
FNDA:0,(anonymous_2)
DA:4,0
DA:5,0
DA:7,0
DA:59,0
DA:60,0
DA:79,0
DA:80,0
LF:7
LH:0
BRDA:27,0,0,0
BRDA:27,0,1,0
BRDA:28,1,0,0
BRDA:28,1,1,0
BRDA:29,2,0,0
BRDA:29,2,1,0
BRDA:30,3,0,0
BRDA:30,3,1,0
BRDA:31,4,0,0
BRDA:31,4,1,0
BRDA:33,5,0,0
BRDA:33,5,1,0
BRDA:34,6,0,0
BRDA:34,6,1,0
BRDA:34,7,0,0
BRDA:34,7,1,0
BRDA:39,8,0,0
BRDA:39,8,1,0
BRF:18
BRH:0
end_of_record
TN:
SF:src/components/AdminNavbar.js
FN:4,(anonymous_0)
FN:7,(anonymous_1)
FN:8,(anonymous_2)
FN:22,(anonymous_3)
FNF:4
FNH:0
FNDA:0,(anonymous_0)
FNDA:0,(anonymous_1)
FNDA:0,(anonymous_2)
FNDA:0,(anonymous_3)
DA:4,0
DA:5,0
DA:7,0
DA:8,0
DA:9,0
DA:10,0
DA:11,0
DA:12,0
DA:13,0
DA:14,0
DA:15,0
DA:20,0
DA:21,0
DA:22,0
DA:25,0
LF:15
LH:0
BRDA:10,0,0,0
BRDA:10,0,1,0
BRDA:13,1,0,0
BRDA:13,1,1,0
BRDA:27,2,0,0
BRDA:27,2,1,0
BRF:6
BRH:0
end_of_record
TN:
SF:src/components/AdminRequestsPanel.jsx
FNF:0
FNH:0
LF:0
LH:0
BRF:0
BRH:0
end_of_record
TN:
SF:src/components/ErrorBondary.jsx
FN:4,(anonymous_0)
FN:9,(anonymous_1)
FN:13,(anonymous_2)
FN:18,(anonymous_3)
FNF:4
FNH:0
FNDA:0,(anonymous_0)
FNDA:0,(anonymous_1)
FNDA:0,(anonymous_2)
FNDA:0,(anonymous_3)
DA:5,0
DA:6,0
DA:10,0
DA:14,0
DA:19,0
DA:20,0
DA:30,0
LF:7
LH:0
BRDA:19,0,0,0
BRDA:19,0,1,0
BRF:2
BRH:0
end_of_record
TN:
SF:src/components/ErrorBoundary.jsx
FN:5,(anonymous_0)
FN:10,(anonymous_1)
FN:14,(anonymous_2)
FN:20,(anonymous_3)
FN:28,(anonymous_4)
FNF:5
FNH:0
FNDA:0,(anonymous_0)
FNDA:0,(anonymous_1)
FNDA:0,(anonymous_2)
FNDA:0,(anonymous_3)
FNDA:0,(anonymous_4)
DA:6,0
DA:7,0
DA:11,0
DA:15,0
DA:16,0
DA:21,0
DA:22,0
DA:28,0
DA:38,0
LF:9
LH:0
BRDA:21,0,0,0
BRDA:21,0,1,0
BRF:2
BRH:0
end_of_record
TN:
SF:src/components/Footer.jsx
FN:7,(anonymous_0)
FNF:1
FNH:0
FNDA:0,(anonymous_0)
DA:7,0
DA:8,0
LF:2
LH:0
BRF:0
BRH:0
end_of_record
TN:
SF:src/components/ImageCropper.jsx
FN:5,(anonymous_0)
FN:13,(anonymous_1)
FN:17,(anonymous_2)
FN:21,(anonymous_3)
FN:52,(anonymous_4)
FN:72,(anonymous_5)
FN:87,(anonymous_6)
FN:94,(anonymous_7)
FN:101,(anonymous_8)
FN:179,(anonymous_9)
FNF:10
FNH:0
FNDA:0,(anonymous_0)
FNDA:0,(anonymous_1)
FNDA:0,(anonymous_2)
FNDA:0,(anonymous_3)
FNDA:0,(anonymous_4)
FNDA:0,(anonymous_5)
FNDA:0,(anonymous_6)
FNDA:0,(anonymous_7)
FNDA:0,(anonymous_8)
FNDA:0,(anonymous_9)
DA:5,0
DA:6,0
DA:7,0
DA:8,0
DA:9,0
DA:10,0
DA:11,0
DA:13,0
DA:14,0
DA:15,0
DA:17,0
DA:18,0
DA:21,0
DA:22,0
DA:23,0
DA:26,0
DA:29,0
DA:30,0
DA:32,0
DA:39,0
DA:40,0
DA:44,0
DA:45,0
DA:47,0
DA:52,0
DA:53,0
DA:54,0
DA:56,0
DA:57,0
DA:58,0
DA:61,0
DA:63,0
DA:64,0
DA:65,0
DA:72,0
DA:73,0
DA:75,0
DA:76,0
DA:77,0
DA:79,0
DA:80,0
DA:83,0
DA:84,0
DA:85,0
DA:87,0
DA:94,0
DA:95,0
DA:96,0
DA:98,0
DA:101,0
DA:102,0
DA:104,0
DA:105,0
DA:106,0
DA:109,0
DA:111,0
DA:112,0
DA:115,0
DA:116,0
DA:119,0
DA:120,0
DA:121,0
DA:123,0
DA:126,0
DA:127,0
DA:128,0
DA:130,0
DA:136,0
DA:137,0
DA:140,0
DA:141,0
DA:142,0
DA:143,0
DA:145,0
DA:156,0
DA:159,0
DA:160,0
DA:163,0
DA:164,0
DA:176,0
DA:179,0
DA:180,0
DA:181,0
DA:182,0
DA:183,0
DA:184,0
DA:186,0
DA:187,0
DA:188,0
DA:190,0
DA:194,0
DA:195,0
DA:196,0
DA:200,0
DA:202,0
LF:95
LH:0
BRDA:14,0,0,0
BRDA:14,0,1,0
BRDA:14,1,0,0
BRDA:14,1,1,0
BRDA:44,2,0,0
BRDA:44,2,1,0
BRDA:61,3,0,0
BRDA:61,3,1,0
BRDA:61,4,0,0
BRDA:61,4,1,0
BRDA:61,4,2,0
BRDA:61,4,3,0
BRDA:73,5,0,0
BRDA:73,5,1,0
BRDA:95,6,0,0
BRDA:95,6,1,0
BRDA:104,7,0,0
BRDA:104,7,1,0
BRDA:104,8,0,0
BRDA:104,8,1,0
BRDA:180,9,0,0
BRDA:180,9,1,0
BRDA:180,10,0,0
BRDA:180,10,1,0
BRDA:200,11,0,0
BRDA:200,11,1,0
BRDA:251,12,0,0
BRDA:251,12,1,0
BRF:28
BRH:0
end_of_record
TN:
SF:src/components/Navbar.jsx
FN:14,(anonymous_0)
FN:21,(anonymous_1)
FN:22,(anonymous_2)
FN:28,(anonymous_3)
FN:31,(anonymous_4)
FN:56,(anonymous_5)
FN:57,(anonymous_6)
FN:66,(anonymous_7)
FN:126,(anonymous_8)
FN:135,(anonymous_9)
FN:136,(anonymous_10)
FN:137,(anonymous_11)
FN:143,(anonymous_12)
FN:152,(anonymous_13)
FN:155,(anonymous_14)
FN:156,(anonymous_15)
FNF:16
FNH:0
FNDA:0,(anonymous_0)
FNDA:0,(anonymous_1)
FNDA:0,(anonymous_2)
FNDA:0,(anonymous_3)
FNDA:0,(anonymous_4)
FNDA:0,(anonymous_5)
FNDA:0,(anonymous_6)
FNDA:0,(anonymous_7)
FNDA:0,(anonymous_8)
FNDA:0,(anonymous_9)
FNDA:0,(anonymous_10)
FNDA:0,(anonymous_11)
FNDA:0,(anonymous_12)
FNDA:0,(anonymous_13)
FNDA:0,(anonymous_14)
FNDA:0,(anonymous_15)
DA:12,0
DA:14,0
DA:15,0
DA:16,0
DA:17,0
DA:18,0
DA:19,0
DA:21,0
DA:22,0
DA:23,0
DA:24,0
DA:27,0
DA:28,0
DA:31,0
DA:32,0
DA:42,0
DA:43,0
DA:44,0
DA:45,0
DA:48,0
DA:50,0
DA:51,0
DA:56,0
DA:57,0
DA:58,0
DA:62,0
DA:66,0
DA:126,0
DA:135,0
DA:136,0
DA:137,0
DA:143,0
DA:152,0
DA:155,0
DA:156,0
LF:35
LH:0
BRDA:23,0,0,0
BRDA:23,0,1,0
BRDA:23,1,0,0
BRDA:23,1,1,0
BRDA:42,2,0,0
BRDA:42,2,1,0
BRDA:63,3,0,0
BRDA:63,3,1,0
BRDA:102,4,0,0
BRDA:102,4,1,0
BRDA:112,5,0,0
BRDA:112,5,1,0
BRDA:120,6,0,0
BRDA:120,6,1,0
BRDA:127,7,0,0
BRDA:127,7,1,0
BRDA:133,8,0,0
BRDA:133,8,1,0
BRDA:140,9,0,0
BRDA:140,9,1,0
BRDA:151,10,0,0
BRDA:151,10,1,0
BRF:22
BRH:0
end_of_record
TN:
SF:src/components/OTPModal.jsx
FN:9,(anonymous_0)
FN:30,(anonymous_1)
FN:31,(anonymous_2)
FN:74,(anonymous_3)
FN:104,(anonymous_4)
FN:107,(anonymous_5)
FN:108,(anonymous_6)
FN:111,(anonymous_7)
FN:115,(anonymous_8)
FN:116,(anonymous_9)
FN:121,(anonymous_10)
FN:124,(anonymous_11)
FN:125,(anonymous_12)
FN:130,(anonymous_13)
FN:165,(anonymous_14)
FN:168,(anonymous_15)
FN:187,(anonymous_16)
FN:188,(anonymous_17)
FN:197,(anonymous_18)
FN:246,(anonymous_19)
FN:296,(anonymous_20)
FN:314,(anonymous_21)
FN:323,(anonymous_22)
FN:352,(anonymous_23)
FN:371,(anonymous_24)
FN:373,(anonymous_25)
FN:385,(anonymous_26)
FN:391,(anonymous_27)
FN:400,(anonymous_28)
FN:404,(anonymous_29)
FN:410,(anonymous_30)
FN:420,(anonymous_31)
FN:429,(anonymous_32)
FN:430,(anonymous_33)
FN:444,(anonymous_34)
FN:448,(anonymous_35)
FN:519,(anonymous_36)
FN:529,(anonymous_37)
FN:535,(anonymous_38)
FN:570,(anonymous_39)
FN:582,(anonymous_40)
FN:583,(anonymous_41)
FN:584,(anonymous_42)
FN:613,(anonymous_43)
FNF:44
FNH:0
FNDA:0,(anonymous_0)
FNDA:0,(anonymous_1)
FNDA:0,(anonymous_2)
FNDA:0,(anonymous_3)
FNDA:0,(anonymous_4)
FNDA:0,(anonymous_5)
FNDA:0,(anonymous_6)
FNDA:0,(anonymous_7)
FNDA:0,(anonymous_8)
FNDA:0,(anonymous_9)
FNDA:0,(anonymous_10)
FNDA:0,(anonymous_11)
FNDA:0,(anonymous_12)
FNDA:0,(anonymous_13)
FNDA:0,(anonymous_14)
FNDA:0,(anonymous_15)
FNDA:0,(anonymous_16)
FNDA:0,(anonymous_17)
FNDA:0,(anonymous_18)
FNDA:0,(anonymous_19)
FNDA:0,(anonymous_20)
FNDA:0,(anonymous_21)
FNDA:0,(anonymous_22)
FNDA:0,(anonymous_23)
FNDA:0,(anonymous_24)
FNDA:0,(anonymous_25)
FNDA:0,(anonymous_26)
FNDA:0,(anonymous_27)
FNDA:0,(anonymous_28)
FNDA:0,(anonymous_29)
FNDA:0,(anonymous_30)
FNDA:0,(anonymous_31)
FNDA:0,(anonymous_32)
FNDA:0,(anonymous_33)
FNDA:0,(anonymous_34)
FNDA:0,(anonymous_35)
FNDA:0,(anonymous_36)
FNDA:0,(anonymous_37)
FNDA:0,(anonymous_38)
FNDA:0,(anonymous_39)
FNDA:0,(anonymous_40)
FNDA:0,(anonymous_41)
FNDA:0,(anonymous_42)
FNDA:0,(anonymous_43)
DA:9,0
DA:16,0
DA:17,0
DA:18,0
DA:19,0
DA:20,0
DA:21,0
DA:22,0
DA:23,0
DA:24,0
DA:25,0
DA:26,0
DA:27,0
DA:30,0
DA:31,0
DA:32,0
DA:33,0
DA:34,0
DA:37,0
DA:38,0
DA:39,0
DA:40,0
DA:41,0
DA:42,0
DA:43,0
DA:44,0
DA:46,0
DA:47,0
DA:49,0
DA:50,0
DA:51,0
DA:52,0
DA:54,0
DA:58,0
DA:59,0
DA:60,0
DA:63,0
DA:64,0
DA:65,0
DA:66,0
DA:70,0
DA:74,0
DA:75,0
DA:76,0
DA:77,0
DA:79,0
DA:80,0
DA:81,0
DA:82,0
DA:83,0
DA:86,0
DA:87,0
DA:88,0
DA:89,0
DA:91,0
DA:92,0
DA:93,0
DA:94,0
DA:96,0
DA:97,0
DA:98,0
DA:99,0
DA:104,0
DA:106,0
DA:107,0
DA:108,0
DA:111,0
DA:115,0
DA:116,0
DA:117,0
DA:118,0
DA:121,0
DA:122,0
DA:124,0
DA:125,0
DA:130,0
DA:131,0
DA:132,0
DA:133,0
DA:135,0
DA:136,0
DA:137,0
DA:138,0
DA:142,0
DA:145,0
DA:146,0
DA:147,0
DA:149,0
DA:153,0
DA:155,0
DA:156,0
DA:157,0
DA:158,0
DA:159,0
DA:163,0
DA:166,0
DA:169,0
DA:173,0
DA:174,0
DA:175,0
DA:178,0
DA:179,0
DA:180,0
DA:182,0
DA:183,0
DA:187,0
DA:188,0
DA:189,0
DA:190,0
DA:192,0
DA:197,0
DA:198,0
DA:201,0
DA:202,0
DA:203,0
DA:204,0
DA:205,0
DA:209,0
DA:215,0
DA:216,0
DA:217,0
DA:218,0
DA:219,0
DA:223,0
DA:224,0
DA:225,0
DA:226,0
DA:227,0
DA:228,0
DA:229,0
DA:230,0
DA:233,0
DA:234,0
DA:235,0
DA:236,0
DA:239,0
DA:240,0
DA:241,0
DA:244,0
DA:246,0
DA:247,0
DA:249,0
DA:250,0
DA:251,0
DA:252,0
DA:257,0
DA:258,0
DA:259,0
DA:260,0
DA:261,0
DA:262,0
DA:266,0
DA:267,0
DA:268,0
DA:271,0
DA:273,0
DA:277,0
DA:278,0
DA:279,0
DA:281,0
DA:282,0
DA:285,0
DA:286,0
DA:288,0
DA:289,0
DA:290,0
DA:292,0
DA:294,0
DA:296,0
DA:297,0
DA:298,0
DA:299,0
DA:300,0
DA:301,0
DA:302,0
DA:304,0
DA:307,0
DA:308,0
DA:309,0
DA:310,0
DA:313,0
DA:314,0
DA:315,0
DA:322,0
DA:323,0
DA:324,0
DA:325,0
DA:327,0
DA:328,0
DA:341,0
DA:344,0
DA:345,0
DA:347,0
DA:352,0
DA:353,0
DA:354,0
DA:355,0
DA:356,0
DA:358,0
DA:359,0
DA:360,0
DA:361,0
DA:363,0
DA:364,0
DA:365,0
DA:366,0
DA:367,0
DA:370,0
DA:371,0
DA:372,0
DA:374,0
DA:375,0
DA:376,0
DA:377,0
DA:378,0
DA:384,0
DA:385,0
DA:386,0
DA:391,0
DA:392,0
DA:394,0
DA:396,0
DA:397,0
DA:401,0
DA:402,0
DA:405,0
DA:410,0
DA:411,0
DA:412,0
DA:413,0
DA:414,0
DA:415,0
DA:416,0
DA:420,0
DA:421,0
DA:422,0
DA:423,0
DA:429,0
DA:430,0
DA:431,0
DA:432,0
DA:433,0
DA:434,0
DA:435,0
DA:436,0
DA:437,0
DA:438,0
DA:439,0
DA:440,0
DA:444,0
DA:448,0
DA:449,0
DA:450,0
DA:451,0
DA:452,0
DA:453,0
DA:454,0
DA:459,0
DA:520,0
DA:521,0
DA:522,0
DA:524,0
DA:529,0
DA:535,0
DA:571,0
DA:582,0
DA:583,0
DA:584,0
DA:614,0
DA:615,0
DA:616,0
LF:271
LH:0
BRDA:32,0,0,0
BRDA:32,0,1,0
BRDA:37,1,0,0
BRDA:37,1,1,0
BRDA:39,2,0,0
BRDA:39,2,1,0
BRDA:41,3,0,0
BRDA:41,3,1,0
BRDA:46,4,0,0
BRDA:46,4,1,0
BRDA:50,5,0,0
BRDA:50,5,1,0
BRDA:51,6,0,0
BRDA:51,6,1,0
BRDA:51,7,0,0
BRDA:51,7,1,0
BRDA:58,8,0,0
BRDA:58,8,1,0
BRDA:76,9,0,0
BRDA:76,9,1,0
BRDA:81,10,0,0
BRDA:81,10,1,0
BRDA:81,11,0,0
BRDA:81,11,1,0
BRDA:88,12,0,0
BRDA:88,12,1,0
BRDA:89,13,0,0
BRDA:89,13,1,0
BRDA:91,14,0,0
BRDA:91,14,1,0
BRDA:91,15,0,0
BRDA:91,15,1,0
BRDA:93,16,0,0
BRDA:93,16,1,0
BRDA:106,17,0,0
BRDA:106,17,1,0
BRDA:115,18,0,0
BRDA:117,19,0,0
BRDA:117,19,1,0
BRDA:135,20,0,0
BRDA:135,20,1,0
BRDA:145,21,0,0
BRDA:145,21,1,0
BRDA:156,22,0,0
BRDA:156,22,1,0
BRDA:156,23,0,0
BRDA:156,23,1,0
BRDA:156,23,2,0
BRDA:174,24,0,0
BRDA:174,24,1,0
BRDA:189,25,0,0
BRDA:189,25,1,0
BRDA:197,26,0,0
BRDA:201,27,0,0
BRDA:201,27,1,0
BRDA:202,28,0,0
BRDA:202,28,1,0
BRDA:202,29,0,0
BRDA:202,29,1,0
BRDA:202,29,2,0
BRDA:209,30,0,0
BRDA:209,30,1,0
BRDA:210,31,0,0
BRDA:210,31,1,0
BRDA:210,31,2,0
BRDA:210,31,3,0
BRDA:216,32,0,0
BRDA:216,32,1,0
BRDA:225,33,0,0
BRDA:225,33,1,0
BRDA:225,34,0,0
BRDA:225,34,1,0
BRDA:225,34,2,0
BRDA:233,35,0,0
BRDA:233,35,1,0
BRDA:233,36,0,0
BRDA:233,36,1,0
BRDA:233,36,2,0
BRDA:239,37,0,0
BRDA:239,37,1,0
BRDA:244,38,0,0
BRDA:244,38,1,0
BRDA:259,39,0,0
BRDA:259,39,1,0
BRDA:273,40,0,0
BRDA:273,40,1,0
BRDA:273,40,2,0
BRDA:273,40,3,0
BRDA:277,41,0,0
BRDA:277,41,1,0
BRDA:277,42,0,0
BRDA:277,42,1,0
BRDA:278,43,0,0
BRDA:278,43,1,0
BRDA:299,44,0,0
BRDA:299,44,1,0
BRDA:307,45,0,0
BRDA:307,45,1,0
BRDA:313,46,0,0
BRDA:313,46,1,0
BRDA:315,47,0,0
BRDA:315,47,1,0
BRDA:317,48,0,0
BRDA:317,48,1,0
BRDA:324,49,0,0
BRDA:324,49,1,0
BRDA:354,50,0,0
BRDA:354,50,1,0
BRDA:358,51,0,0
BRDA:358,51,1,0
BRDA:363,52,0,0
BRDA:363,52,1,0
BRDA:365,53,0,0
BRDA:365,53,1,0
BRDA:411,54,0,0
BRDA:411,54,1,0
BRDA:415,55,0,0
BRDA:415,55,1,0
BRDA:415,56,0,0
BRDA:415,56,1,0
BRDA:421,57,0,0
BRDA:421,57,1,0
BRDA:422,58,0,0
BRDA:422,58,1,0
BRDA:422,59,0,0
BRDA:422,59,1,0
BRDA:431,60,0,0
BRDA:431,60,1,0
BRDA:431,61,0,0
BRDA:431,61,1,0
BRDA:433,62,0,0
BRDA:433,62,1,0
BRDA:450,63,0,0
BRDA:450,63,1,0
BRDA:450,64,0,0
BRDA:450,64,1,0
BRDA:453,65,0,0
BRDA:453,65,1,0
BRDA:477,66,0,0
BRDA:477,66,1,0
BRDA:487,67,0,0
BRDA:487,67,1,0
BRDA:538,68,0,0
BRDA:538,68,1,0
BRDA:538,68,2,0
BRDA:538,68,3,0
BRDA:538,68,4,0
BRDA:545,69,0,0
BRDA:545,69,1,0
BRDA:557,70,0,0
BRDA:557,70,1,0
BRDA:557,70,2,0
BRDA:557,70,3,0
BRDA:597,71,0,0
BRDA:597,71,1,0
BRDA:618,72,0,0
BRDA:618,72,1,0
BRDA:618,72,2,0
BRDA:618,72,3,0
BRDA:621,73,0,0
BRDA:621,73,1,0
BRDA:623,74,0,0
BRDA:623,74,1,0
BRDA:623,74,2,0
BRDA:623,74,3,0
BRDA:632,75,0,0
BRDA:632,75,1,0
BRF:167
BRH:0
end_of_record
TN:
SF:src/components/OTPModalWorking31July249AM.jsx
FN:8,(anonymous_0)
FN:26,(anonymous_1)
FN:29,(anonymous_2)
FN:30,(anonymous_3)
FN:33,(anonymous_4)
FN:36,(anonymous_5)
FN:67,(anonymous_6)
FN:70,(anonymous_7)
FN:84,(anonymous_8)
FN:85,(anonymous_9)
FN:94,(anonymous_10)
FN:102,(anonymous_11)
FN:126,(anonymous_12)
FN:134,(anonymous_13)
FN:146,(anonymous_14)
FN:158,(anonymous_15)
FN:160,(anonymous_16)
FN:172,(anonymous_17)
FN:178,(anonymous_18)
FN:187,(anonymous_19)
FN:191,(anonymous_20)
FN:197,(anonymous_21)
FN:207,(anonymous_22)
FN:273,(anonymous_23)
FN:276,(anonymous_24)
FN:306,(anonymous_25)
FN:313,(anonymous_26)
FN:314,(anonymous_27)
FN:315,(anonymous_28)
FN:343,(anonymous_29)
FNF:30
FNH:0
FNDA:0,(anonymous_0)
FNDA:0,(anonymous_1)
FNDA:0,(anonymous_2)
FNDA:0,(anonymous_3)
FNDA:0,(anonymous_4)
FNDA:0,(anonymous_5)
FNDA:0,(anonymous_6)
FNDA:0,(anonymous_7)
FNDA:0,(anonymous_8)
FNDA:0,(anonymous_9)
FNDA:0,(anonymous_10)
FNDA:0,(anonymous_11)
FNDA:0,(anonymous_12)
FNDA:0,(anonymous_13)
FNDA:0,(anonymous_14)
FNDA:0,(anonymous_15)
FNDA:0,(anonymous_16)
FNDA:0,(anonymous_17)
FNDA:0,(anonymous_18)
FNDA:0,(anonymous_19)
FNDA:0,(anonymous_20)
FNDA:0,(anonymous_21)
FNDA:0,(anonymous_22)
FNDA:0,(anonymous_23)
FNDA:0,(anonymous_24)
FNDA:0,(anonymous_25)
FNDA:0,(anonymous_26)
FNDA:0,(anonymous_27)
FNDA:0,(anonymous_28)
FNDA:0,(anonymous_29)
DA:8,0
DA:15,0
DA:16,0
DA:17,0
DA:18,0
DA:19,0
DA:20,0
DA:21,0
DA:22,0
DA:23,0
DA:24,0
DA:26,0
DA:28,0
DA:29,0
DA:30,0
DA:33,0
DA:36,0
DA:37,0
DA:38,0
DA:39,0
DA:40,0
DA:42,0
DA:43,0
DA:45,0
DA:46,0
DA:47,0
DA:48,0
DA:52,0
DA:53,0
DA:57,0
DA:58,0
DA:59,0
DA:60,0
DA:61,0
DA:65,0
DA:68,0
DA:71,0
DA:75,0
DA:76,0
DA:77,0
DA:79,0
DA:80,0
DA:84,0
DA:85,0
DA:86,0
DA:87,0
DA:89,0
DA:94,0
DA:95,0
DA:96,0
DA:97,0
DA:99,0
DA:100,0
DA:102,0
DA:103,0
DA:104,0
DA:106,0
DA:110,0
DA:111,0
DA:112,0
DA:114,0
DA:115,0
DA:118,0
DA:119,0
DA:121,0
DA:122,0
DA:123,0
DA:125,0
DA:126,0
DA:127,0
DA:133,0
DA:134,0
DA:135,0
DA:136,0
DA:138,0
DA:139,0
DA:141,0
DA:146,0
DA:147,0
DA:148,0
DA:149,0
DA:150,0
DA:152,0
DA:153,0
DA:154,0
DA:155,0
DA:157,0
DA:158,0
DA:159,0
DA:161,0
DA:162,0
DA:163,0
DA:164,0
DA:165,0
DA:171,0
DA:172,0
DA:173,0
DA:178,0
DA:179,0
DA:181,0
DA:183,0
DA:184,0
DA:188,0
DA:189,0
DA:192,0
DA:197,0
DA:198,0
DA:199,0
DA:200,0
DA:201,0
DA:202,0
DA:203,0
DA:207,0
DA:208,0
DA:209,0
DA:210,0
DA:215,0
DA:274,0
DA:276,0
DA:307,0
DA:313,0
DA:314,0
DA:315,0
DA:344,0
DA:345,0
DA:346,0
LF:126
LH:0
BRDA:28,0,0,0
BRDA:28,0,1,0
BRDA:38,1,0,0
BRDA:38,1,1,0
BRDA:45,2,0,0
BRDA:45,2,1,0
BRDA:52,3,0,0
BRDA:52,3,1,0
BRDA:57,4,0,0
BRDA:57,4,1,0
BRDA:58,5,0,0
BRDA:58,5,1,0
BRDA:58,6,0,0
BRDA:58,6,1,0
BRDA:86,7,0,0
BRDA:86,7,1,0
BRDA:94,8,0,0
BRDA:95,9,0,0
BRDA:95,9,1,0
BRDA:99,10,0,0
BRDA:99,10,1,0
BRDA:106,11,0,0
BRDA:106,11,1,0
BRDA:106,11,2,0
BRDA:106,11,3,0
BRDA:110,12,0,0
BRDA:110,12,1,0
BRDA:111,13,0,0
BRDA:111,13,1,0
BRDA:127,14,0,0
BRDA:127,14,1,0
BRDA:129,15,0,0
BRDA:129,15,1,0
BRDA:148,16,0,0
BRDA:148,16,1,0
BRDA:152,17,0,0
BRDA:152,17,1,0
BRDA:198,18,0,0
BRDA:198,18,1,0
BRDA:202,19,0,0
BRDA:202,19,1,0
BRDA:202,20,0,0
BRDA:202,20,1,0
BRDA:208,21,0,0
BRDA:208,21,1,0
BRDA:209,22,0,0
BRDA:209,22,1,0
BRDA:209,23,0,0
BRDA:209,23,1,0
BRDA:231,24,0,0
BRDA:231,24,1,0
BRDA:241,25,0,0
BRDA:241,25,1,0
BRDA:286,26,0,0
BRDA:286,26,1,0
BRDA:327,27,0,0
BRDA:327,27,1,0
BRDA:351,28,0,0
BRDA:351,28,1,0
BRDA:357,29,0,0
BRDA:357,29,1,0
BRF:61
BRH:0
end_of_record
TN:
SF:src/components/OTPModal_Backup_Working_31July221PM.jsx
FN:8,(anonymous_0)
FN:19,(anonymous_1)
FN:22,(anonymous_2)
FN:23,(anonymous_3)
FN:26,(anonymous_4)
FN:29,(anonymous_5)
FN:49,(anonymous_6)
FN:52,(anonymous_7)
FN:65,(anonymous_8)
FN:66,(anonymous_9)
FN:74,(anonymous_10)
FN:81,(anonymous_11)
FN:93,(anonymous_12)
FN:105,(anonymous_13)
FN:116,(anonymous_14)
FN:118,(anonymous_15)
FN:135,(anonymous_16)
FN:139,(anonymous_17)
FN:143,(anonymous_18)
FN:151,(anonymous_19)
FN:188,(anonymous_20)
FN:189,(anonymous_21)
FN:206,(anonymous_22)
FN:213,(anonymous_23)
FN:214,(anonymous_24)
FN:215,(anonymous_25)
FN:232,(anonymous_26)
FN:235,(anonymous_27)
FNF:28
FNH:0
FNDA:0,(anonymous_0)
FNDA:0,(anonymous_1)
FNDA:0,(anonymous_2)
FNDA:0,(anonymous_3)
FNDA:0,(anonymous_4)
FNDA:0,(anonymous_5)
FNDA:0,(anonymous_6)
FNDA:0,(anonymous_7)
FNDA:0,(anonymous_8)
FNDA:0,(anonymous_9)
FNDA:0,(anonymous_10)
FNDA:0,(anonymous_11)
FNDA:0,(anonymous_12)
FNDA:0,(anonymous_13)
FNDA:0,(anonymous_14)
FNDA:0,(anonymous_15)
FNDA:0,(anonymous_16)
FNDA:0,(anonymous_17)
FNDA:0,(anonymous_18)
FNDA:0,(anonymous_19)
FNDA:0,(anonymous_20)
FNDA:0,(anonymous_21)
FNDA:0,(anonymous_22)
FNDA:0,(anonymous_23)
FNDA:0,(anonymous_24)
FNDA:0,(anonymous_25)
FNDA:0,(anonymous_26)
FNDA:0,(anonymous_27)
DA:8,0
DA:9,0
DA:10,0
DA:11,0
DA:12,0
DA:13,0
DA:14,0
DA:15,0
DA:16,0
DA:17,0
DA:19,0
DA:21,0
DA:22,0
DA:23,0
DA:26,0
DA:29,0
DA:30,0
DA:31,0
DA:32,0
DA:33,0
DA:34,0
DA:35,0
DA:36,0
DA:38,0
DA:40,0
DA:41,0
DA:42,0
DA:43,0
DA:44,0
DA:47,0
DA:50,0
DA:53,0
DA:57,0
DA:58,0
DA:60,0
DA:61,0
DA:65,0
DA:66,0
DA:67,0
DA:68,0
DA:70,0
DA:74,0
DA:75,0
DA:76,0
DA:77,0
DA:79,0
DA:81,0
DA:82,0
DA:83,0
DA:85,0
DA:90,0
DA:91,0
DA:92,0
DA:93,0
DA:94,0
DA:95,0
DA:97,0
DA:98,0
DA:100,0
DA:105,0
DA:106,0
DA:107,0
DA:108,0
DA:109,0
DA:111,0
DA:112,0
DA:113,0
DA:115,0
DA:116,0
DA:117,0
DA:119,0
DA:120,0
DA:121,0
DA:127,0
DA:128,0
DA:129,0
DA:131,0
DA:132,0
DA:136,0
DA:137,0
DA:139,0
DA:143,0
DA:144,0
DA:145,0
DA:146,0
DA:147,0
DA:148,0
DA:151,0
DA:152,0
DA:153,0
DA:157,0
DA:188,0
DA:189,0
DA:207,0
DA:213,0
DA:214,0
DA:215,0
DA:233,0
DA:234,0
DA:235,0
DA:237,0
DA:238,0
DA:239,0
LF:103
LH:0
BRDA:21,0,0,0
BRDA:21,0,1,0
BRDA:33,1,0,0
BRDA:33,1,1,0
BRDA:38,2,0,0
BRDA:38,2,1,0
BRDA:40,3,0,0
BRDA:40,3,1,0
BRDA:41,4,0,0
BRDA:41,4,1,0
BRDA:41,5,0,0
BRDA:41,5,1,0
BRDA:67,6,0,0
BRDA:67,6,1,0
BRDA:75,7,0,0
BRDA:75,7,1,0
BRDA:79,8,0,0
BRDA:79,8,1,0
BRDA:83,9,0,0
BRDA:83,9,1,0
BRDA:107,10,0,0
BRDA:107,10,1,0
BRDA:111,11,0,0
BRDA:111,11,1,0
BRDA:144,12,0,0
BRDA:144,12,1,0
BRDA:148,13,0,0
BRDA:148,13,1,0
BRDA:148,14,0,0
BRDA:148,14,1,0
BRDA:152,15,0,0
BRDA:152,15,1,0
BRDA:152,16,0,0
BRDA:152,16,1,0
BRDA:152,16,2,0
BRDA:167,17,0,0
BRDA:167,17,1,0
BRDA:172,18,0,0
BRDA:172,18,1,0
BRDA:199,19,0,0
BRDA:199,19,1,0
BRDA:226,20,0,0
BRDA:226,20,1,0
BRDA:233,21,0,0
BRDA:233,21,1,0
BRDA:244,22,0,0
BRDA:244,22,1,0
BRDA:250,23,0,0
BRDA:250,23,1,0
BRF:49
BRH:0
end_of_record
TN:
SF:src/components/OTPModal_bkp_03Aug2025_0501PM.jsx
FN:9,(anonymous_0)
FN:30,(anonymous_1)
FN:31,(anonymous_2)
FN:74,(anonymous_3)
FN:104,(anonymous_4)
FN:107,(anonymous_5)
FN:108,(anonymous_6)
FN:111,(anonymous_7)
FN:115,(anonymous_8)
FN:116,(anonymous_9)
FN:121,(anonymous_10)
FN:124,(anonymous_11)
FN:125,(anonymous_12)
FN:130,(anonymous_13)
FN:165,(anonymous_14)
FN:168,(anonymous_15)
FN:187,(anonymous_16)
FN:188,(anonymous_17)
FN:197,(anonymous_18)
FN:246,(anonymous_19)
FN:296,(anonymous_20)
FN:314,(anonymous_21)
FN:323,(anonymous_22)
FN:352,(anonymous_23)
FN:371,(anonymous_24)
FN:373,(anonymous_25)
FN:385,(anonymous_26)
FN:391,(anonymous_27)
FN:400,(anonymous_28)
FN:404,(anonymous_29)
FN:410,(anonymous_30)
FN:420,(anonymous_31)
FN:429,(anonymous_32)
FN:430,(anonymous_33)
FN:444,(anonymous_34)
FN:448,(anonymous_35)
FN:517,(anonymous_36)
FN:527,(anonymous_37)
FN:533,(anonymous_38)
FN:568,(anonymous_39)
FN:580,(anonymous_40)
FN:581,(anonymous_41)
FN:582,(anonymous_42)
FN:611,(anonymous_43)
FNF:44
FNH:0
FNDA:0,(anonymous_0)
FNDA:0,(anonymous_1)
FNDA:0,(anonymous_2)
FNDA:0,(anonymous_3)
FNDA:0,(anonymous_4)
FNDA:0,(anonymous_5)
FNDA:0,(anonymous_6)
FNDA:0,(anonymous_7)
FNDA:0,(anonymous_8)
FNDA:0,(anonymous_9)
FNDA:0,(anonymous_10)
FNDA:0,(anonymous_11)
FNDA:0,(anonymous_12)
FNDA:0,(anonymous_13)
FNDA:0,(anonymous_14)
FNDA:0,(anonymous_15)
FNDA:0,(anonymous_16)
FNDA:0,(anonymous_17)
FNDA:0,(anonymous_18)
FNDA:0,(anonymous_19)
FNDA:0,(anonymous_20)
FNDA:0,(anonymous_21)
FNDA:0,(anonymous_22)
FNDA:0,(anonymous_23)
FNDA:0,(anonymous_24)
FNDA:0,(anonymous_25)
FNDA:0,(anonymous_26)
FNDA:0,(anonymous_27)
FNDA:0,(anonymous_28)
FNDA:0,(anonymous_29)
FNDA:0,(anonymous_30)
FNDA:0,(anonymous_31)
FNDA:0,(anonymous_32)
FNDA:0,(anonymous_33)
FNDA:0,(anonymous_34)
FNDA:0,(anonymous_35)
FNDA:0,(anonymous_36)
FNDA:0,(anonymous_37)
FNDA:0,(anonymous_38)
FNDA:0,(anonymous_39)
FNDA:0,(anonymous_40)
FNDA:0,(anonymous_41)
FNDA:0,(anonymous_42)
FNDA:0,(anonymous_43)
DA:9,0
DA:16,0
DA:17,0
DA:18,0
DA:19,0
DA:20,0
DA:21,0
DA:22,0
DA:23,0
DA:24,0
DA:25,0
DA:26,0
DA:27,0
DA:30,0
DA:31,0
DA:32,0
DA:33,0
DA:34,0
DA:37,0
DA:38,0
DA:39,0
DA:40,0
DA:41,0
DA:42,0
DA:43,0
DA:44,0
DA:46,0
DA:47,0
DA:49,0
DA:50,0
DA:51,0
DA:52,0
DA:54,0
DA:58,0
DA:59,0
DA:60,0
DA:63,0
DA:64,0
DA:65,0
DA:66,0
DA:70,0
DA:74,0
DA:75,0
DA:76,0
DA:77,0
DA:79,0
DA:80,0
DA:81,0
DA:82,0
DA:83,0
DA:86,0
DA:87,0
DA:88,0
DA:89,0
DA:91,0
DA:92,0
DA:93,0
DA:94,0
DA:96,0
DA:97,0
DA:98,0
DA:99,0
DA:104,0
DA:106,0
DA:107,0
DA:108,0
DA:111,0
DA:115,0
DA:116,0
DA:117,0
DA:118,0
DA:121,0
DA:122,0
DA:124,0
DA:125,0
DA:130,0
DA:131,0
DA:132,0
DA:133,0
DA:135,0
DA:136,0
DA:137,0
DA:138,0
DA:142,0
DA:145,0
DA:146,0
DA:147,0
DA:149,0
DA:153,0
DA:155,0
DA:156,0
DA:157,0
DA:158,0
DA:159,0
DA:163,0
DA:166,0
DA:169,0
DA:173,0
DA:174,0
DA:175,0
DA:178,0
DA:179,0
DA:180,0
DA:182,0
DA:183,0
DA:187,0
DA:188,0
DA:189,0
DA:190,0
DA:192,0
DA:197,0
DA:198,0
DA:201,0
DA:202,0
DA:203,0
DA:204,0
DA:205,0
DA:209,0
DA:215,0
DA:216,0
DA:217,0
DA:218,0
DA:219,0
DA:223,0
DA:224,0
DA:225,0
DA:226,0
DA:227,0
DA:228,0
DA:229,0
DA:230,0
DA:233,0
DA:234,0
DA:235,0
DA:236,0
DA:239,0
DA:240,0
DA:241,0
DA:244,0
DA:246,0
DA:247,0
DA:249,0
DA:250,0
DA:251,0
DA:252,0
DA:257,0
DA:258,0
DA:259,0
DA:260,0
DA:261,0
DA:262,0
DA:266,0
DA:267,0
DA:268,0
DA:271,0
DA:273,0
DA:277,0
DA:278,0
DA:279,0
DA:281,0
DA:282,0
DA:285,0
DA:286,0
DA:288,0
DA:289,0
DA:290,0
DA:292,0
DA:294,0
DA:296,0
DA:297,0
DA:298,0
DA:299,0
DA:300,0
DA:301,0
DA:302,0
DA:304,0
DA:307,0
DA:308,0
DA:309,0
DA:310,0
DA:313,0
DA:314,0
DA:315,0
DA:322,0
DA:323,0
DA:324,0
DA:325,0
DA:327,0
DA:328,0
DA:341,0
DA:344,0
DA:345,0
DA:347,0
DA:352,0
DA:353,0
DA:354,0
DA:355,0
DA:356,0
DA:358,0
DA:359,0
DA:360,0
DA:361,0
DA:363,0
DA:364,0
DA:365,0
DA:366,0
DA:367,0
DA:370,0
DA:371,0
DA:372,0
DA:374,0
DA:375,0
DA:376,0
DA:377,0
DA:378,0
DA:384,0
DA:385,0
DA:386,0
DA:391,0
DA:392,0
DA:394,0
DA:396,0
DA:397,0
DA:401,0
DA:402,0
DA:405,0
DA:410,0
DA:411,0
DA:412,0
DA:413,0
DA:414,0
DA:415,0
DA:416,0
DA:420,0
DA:421,0
DA:422,0
DA:423,0
DA:429,0
DA:430,0
DA:431,0
DA:432,0
DA:433,0
DA:434,0
DA:435,0
DA:436,0
DA:437,0
DA:438,0
DA:439,0
DA:440,0
DA:444,0
DA:448,0
DA:449,0
DA:450,0
DA:451,0
DA:452,0
DA:453,0
DA:454,0
DA:459,0
DA:518,0
DA:519,0
DA:520,0
DA:522,0
DA:527,0
DA:533,0
DA:569,0
DA:580,0
DA:581,0
DA:582,0
DA:612,0
DA:613,0
DA:614,0
LF:271
LH:0
BRDA:32,0,0,0
BRDA:32,0,1,0
BRDA:37,1,0,0
BRDA:37,1,1,0
BRDA:39,2,0,0
BRDA:39,2,1,0
BRDA:41,3,0,0
BRDA:41,3,1,0
BRDA:46,4,0,0
BRDA:46,4,1,0
BRDA:50,5,0,0
BRDA:50,5,1,0
BRDA:51,6,0,0
BRDA:51,6,1,0
BRDA:51,7,0,0
BRDA:51,7,1,0
BRDA:58,8,0,0
BRDA:58,8,1,0
BRDA:76,9,0,0
BRDA:76,9,1,0
BRDA:81,10,0,0
BRDA:81,10,1,0
BRDA:81,11,0,0
BRDA:81,11,1,0
BRDA:88,12,0,0
BRDA:88,12,1,0
BRDA:89,13,0,0
BRDA:89,13,1,0
BRDA:91,14,0,0
BRDA:91,14,1,0
BRDA:91,15,0,0
BRDA:91,15,1,0
BRDA:93,16,0,0
BRDA:93,16,1,0
BRDA:106,17,0,0
BRDA:106,17,1,0
BRDA:115,18,0,0
BRDA:117,19,0,0
BRDA:117,19,1,0
BRDA:135,20,0,0
BRDA:135,20,1,0
BRDA:145,21,0,0
BRDA:145,21,1,0
BRDA:156,22,0,0
BRDA:156,22,1,0
BRDA:156,23,0,0
BRDA:156,23,1,0
BRDA:156,23,2,0
BRDA:174,24,0,0
BRDA:174,24,1,0
BRDA:189,25,0,0
BRDA:189,25,1,0
BRDA:197,26,0,0
BRDA:201,27,0,0
BRDA:201,27,1,0
BRDA:202,28,0,0
BRDA:202,28,1,0
BRDA:202,29,0,0
BRDA:202,29,1,0
BRDA:202,29,2,0
BRDA:209,30,0,0
BRDA:209,30,1,0
BRDA:210,31,0,0
BRDA:210,31,1,0
BRDA:210,31,2,0
BRDA:210,31,3,0
BRDA:216,32,0,0
BRDA:216,32,1,0
BRDA:225,33,0,0
BRDA:225,33,1,0
BRDA:225,34,0,0
BRDA:225,34,1,0
BRDA:225,34,2,0
BRDA:233,35,0,0
BRDA:233,35,1,0
BRDA:233,36,0,0
BRDA:233,36,1,0
BRDA:233,36,2,0
BRDA:239,37,0,0
BRDA:239,37,1,0
BRDA:244,38,0,0
BRDA:244,38,1,0
BRDA:259,39,0,0
BRDA:259,39,1,0
BRDA:273,40,0,0
BRDA:273,40,1,0
BRDA:273,40,2,0
BRDA:273,40,3,0
BRDA:277,41,0,0
BRDA:277,41,1,0
BRDA:277,42,0,0
BRDA:277,42,1,0
BRDA:278,43,0,0
BRDA:278,43,1,0
BRDA:299,44,0,0
BRDA:299,44,1,0
BRDA:307,45,0,0
BRDA:307,45,1,0
BRDA:313,46,0,0
BRDA:313,46,1,0
BRDA:315,47,0,0
BRDA:315,47,1,0
BRDA:317,48,0,0
BRDA:317,48,1,0
BRDA:324,49,0,0
BRDA:324,49,1,0
BRDA:354,50,0,0
BRDA:354,50,1,0
BRDA:358,51,0,0
BRDA:358,51,1,0
BRDA:363,52,0,0
BRDA:363,52,1,0
BRDA:365,53,0,0
BRDA:365,53,1,0
BRDA:411,54,0,0
BRDA:411,54,1,0
BRDA:415,55,0,0
BRDA:415,55,1,0
BRDA:415,56,0,0
BRDA:415,56,1,0
BRDA:421,57,0,0
BRDA:421,57,1,0
BRDA:422,58,0,0
BRDA:422,58,1,0
BRDA:422,59,0,0
BRDA:422,59,1,0
BRDA:431,60,0,0
BRDA:431,60,1,0
BRDA:431,61,0,0
BRDA:431,61,1,0
BRDA:433,62,0,0
BRDA:433,62,1,0
BRDA:450,63,0,0
BRDA:450,63,1,0
BRDA:450,64,0,0
BRDA:450,64,1,0
BRDA:453,65,0,0
BRDA:453,65,1,0
BRDA:475,66,0,0
BRDA:475,66,1,0
BRDA:485,67,0,0
BRDA:485,67,1,0
BRDA:536,68,0,0
BRDA:536,68,1,0
BRDA:536,68,2,0
BRDA:536,68,3,0
BRDA:536,68,4,0
BRDA:543,69,0,0
BRDA:543,69,1,0
BRDA:555,70,0,0
BRDA:555,70,1,0
BRDA:555,70,2,0
BRDA:555,70,3,0
BRDA:595,71,0,0
BRDA:595,71,1,0
BRDA:616,72,0,0
BRDA:616,72,1,0
BRDA:616,72,2,0
BRDA:616,72,3,0
BRDA:619,73,0,0
BRDA:619,73,1,0
BRDA:621,74,0,0
BRDA:621,74,1,0
BRDA:621,74,2,0
BRDA:621,74,3,0
BRDA:630,75,0,0
BRDA:630,75,1,0
BRF:167
BRH:0
end_of_record
TN:
SF:src/components/PhoneAuthModal.jsx
FN:8,(anonymous_0)
FN:18,(anonymous_1)
FN:21,(anonymous_2)
FN:21,(anonymous_3)
FN:23,(anonymous_4)
FN:27,(anonymous_5)
FN:31,(anonymous_6)
FN:36,(anonymous_7)
FN:58,(anonymous_8)
FN:80,(anonymous_9)
FN:111,(anonymous_10)
FN:136,(anonymous_11)
FNF:12
FNH:0
FNDA:0,(anonymous_0)
FNDA:0,(anonymous_1)
FNDA:0,(anonymous_2)
FNDA:0,(anonymous_3)
FNDA:0,(anonymous_4)
FNDA:0,(anonymous_5)
FNDA:0,(anonymous_6)
FNDA:0,(anonymous_7)
FNDA:0,(anonymous_8)
FNDA:0,(anonymous_9)
FNDA:0,(anonymous_10)
FNDA:0,(anonymous_11)
DA:8,0
DA:9,0
DA:10,0
DA:11,0
DA:12,0
DA:13,0
DA:14,0
DA:15,0
DA:18,0
DA:20,0
DA:21,0
DA:23,0
DA:27,0
DA:28,0
DA:29,0
DA:36,0
DA:37,0
DA:38,0
DA:41,0
DA:42,0
DA:43,0
DA:45,0
DA:46,0
DA:47,0
DA:48,0
DA:49,0
DA:50,0
DA:52,0
DA:54,0
DA:58,0
DA:59,0
DA:60,0
DA:63,0
DA:64,0
DA:65,0
DA:68,0
DA:74,0
DA:76,0
DA:80,0
DA:81,0
DA:82,0
DA:85,0
DA:112,0
DA:113,0
DA:114,0
DA:136,0
LF:46
LH:0
BRDA:20,0,0,0
BRDA:20,0,1,0
BRDA:20,1,0,0
BRDA:20,1,1,0
BRDA:28,2,0,0
BRDA:28,2,1,0
BRDA:37,3,0,0
BRDA:37,3,1,0
BRDA:59,4,0,0
BRDA:59,4,1,0
BRDA:59,5,0,0
BRDA:59,5,1,0
BRDA:87,6,0,0
BRDA:87,6,1,0
BRDA:102,7,0,0
BRDA:102,7,1,0
BRDA:112,8,0,0
BRDA:112,8,1,0
BRDA:126,9,0,0
BRDA:126,9,1,0
BRDA:148,10,0,0
BRDA:148,10,1,0
BRDA:159,11,0,0
BRDA:159,11,1,0
BRF:24
BRH:0
end_of_record
TN:
SF:src/components/PhoneLogin.jsx
FN:8,PhoneLogin
FN:16,(anonymous_1)
FN:20,(anonymous_2)
FN:28,(anonymous_3)
FN:44,(anonymous_4)
FN:68,(anonymous_5)
FN:96,(anonymous_6)
FN:97,(anonymous_7)
FNF:8
FNH:0
FNDA:0,PhoneLogin
FNDA:0,(anonymous_1)
FNDA:0,(anonymous_2)
FNDA:0,(anonymous_3)
FNDA:0,(anonymous_4)
FNDA:0,(anonymous_5)
FNDA:0,(anonymous_6)
FNDA:0,(anonymous_7)
DA:9,0
DA:10,0
DA:11,0
DA:12,0
DA:13,0
DA:14,0
DA:16,0
DA:17,0
DA:18,0
DA:21,0
DA:24,0
DA:28,0
DA:29,0
DA:31,0
DA:32,0
DA:33,0
DA:36,0
DA:37,0
DA:38,0
DA:40,0
DA:41,0
DA:42,0
DA:43,0
DA:44,0
DA:45,0
DA:48,0
DA:49,0
DA:51,0
DA:55,0
DA:68,0
DA:96,0
DA:97,0
LF:32
LH:0
BRDA:17,0,0,0
BRDA:17,0,1,0
BRDA:31,1,0,0
BRDA:31,1,1,0
BRDA:76,2,0,0
BRDA:76,2,1,0
BRDA:79,3,0,0
BRDA:79,3,1,0
BRDA:92,4,0,0
BRDA:92,4,1,0
BRDA:92,4,2,0
BRF:11
BRH:0
end_of_record
TN:
SF:src/components/ProfileDropdown.jsx
FN:12,(anonymous_0)
FN:24,(anonymous_1)
FN:25,(anonymous_2)
FN:31,(anonymous_3)
FN:34,(anonymous_4)
FN:59,(anonymous_5)
FN:69,(anonymous_6)
FN:73,(anonymous_7)
FN:82,(anonymous_8)
FN:96,(anonymous_9)
FN:106,(anonymous_10)
FN:134,(anonymous_11)
FN:143,(anonymous_12)
FN:176,(anonymous_13)
FN:180,(anonymous_14)
FN:181,(anonymous_15)
FN:189,(anonymous_16)
FN:193,(anonymous_17)
FN:194,(anonymous_18)
FN:203,(anonymous_19)
FN:207,(anonymous_20)
FN:208,(anonymous_21)
FN:218,(anonymous_22)
FN:219,(anonymous_23)
FNF:24
FNH:0
FNDA:0,(anonymous_0)
FNDA:0,(anonymous_1)
FNDA:0,(anonymous_2)
FNDA:0,(anonymous_3)
FNDA:0,(anonymous_4)
FNDA:0,(anonymous_5)
FNDA:0,(anonymous_6)
FNDA:0,(anonymous_7)
FNDA:0,(anonymous_8)
FNDA:0,(anonymous_9)
FNDA:0,(anonymous_10)
FNDA:0,(anonymous_11)
FNDA:0,(anonymous_12)
FNDA:0,(anonymous_13)
FNDA:0,(anonymous_14)
FNDA:0,(anonymous_15)
FNDA:0,(anonymous_16)
FNDA:0,(anonymous_17)
FNDA:0,(anonymous_18)
FNDA:0,(anonymous_19)
FNDA:0,(anonymous_20)
FNDA:0,(anonymous_21)
FNDA:0,(anonymous_22)
FNDA:0,(anonymous_23)
DA:10,0
DA:12,0
DA:13,0
DA:14,0
DA:15,0
DA:16,0
DA:17,0
DA:18,0
DA:21,0
DA:24,0
DA:25,0
DA:26,0
DA:27,0
DA:30,0
DA:31,0
DA:34,0
DA:35,0
DA:48,0
DA:49,0
DA:50,0
DA:51,0
DA:52,0
DA:59,0
DA:60,0
DA:63,0
DA:64,0
DA:69,0
DA:70,0
DA:71,0
DA:73,0
DA:80,0
DA:82,0
DA:83,0
DA:84,0
DA:85,0
DA:86,0
DA:87,0
DA:91,0
DA:96,0
DA:106,0
DA:135,0
DA:143,0
DA:177,0
DA:180,0
DA:181,0
DA:190,0
DA:193,0
DA:194,0
DA:204,0
DA:207,0
DA:208,0
DA:218,0
DA:219,0
LF:53
LH:0
BRDA:21,0,0,0
BRDA:21,0,1,0
BRDA:26,1,0,0
BRDA:26,1,1,0
BRDA:26,2,0,0
BRDA:26,2,1,0
BRDA:48,3,0,0
BRDA:48,3,1,0
BRDA:70,4,0,0
BRDA:70,4,1,0
BRDA:83,5,0,0
BRDA:83,5,1,0
BRDA:85,6,0,0
BRDA:85,6,1,0
BRDA:101,7,0,0
BRDA:101,7,1,0
BRDA:120,8,0,0
BRDA:120,8,1,0
BRDA:124,9,0,0
BRDA:124,9,1,0
BRDA:130,10,0,0
BRDA:130,10,1,0
BRDA:140,11,0,0
BRDA:140,11,1,0
BRDA:144,12,0,0
BRDA:144,12,1,0
BRDA:161,13,0,0
BRDA:161,13,1,0
BRDA:163,14,0,0
BRDA:163,14,1,0
BRDA:179,15,0,0
BRDA:179,15,1,0
BRDA:192,16,0,0
BRDA:192,16,1,0
BRDA:200,17,0,0
BRDA:200,17,1,0
BRDA:202,18,0,0
BRDA:202,18,1,0
BRDA:206,19,0,0
BRDA:206,19,1,0
BRDA:217,20,0,0
BRDA:217,20,1,0
BRF:42
BRH:0
end_of_record
TN:
SF:src/components/backup/OTPMOdal_bkp_31July2025_0405PM.jsx
FN:9,(anonymous_0)
FN:30,(anonymous_1)
FN:31,(anonymous_2)
FN:70,(anonymous_3)
FN:73,(anonymous_4)
FN:74,(anonymous_5)
FN:77,(anonymous_6)
FN:80,(anonymous_7)
FN:114,(anonymous_8)
FN:117,(anonymous_9)
FN:136,(anonymous_10)
FN:137,(anonymous_11)
FN:146,(anonymous_12)
FN:162,(anonymous_13)
FN:189,(anonymous_14)
FN:199,(anonymous_15)
FN:210,(anonymous_16)
FN:239,(anonymous_17)
FN:258,(anonymous_18)
FN:260,(anonymous_19)
FN:272,(anonymous_20)
FN:278,(anonymous_21)
FN:287,(anonymous_22)
FN:291,(anonymous_23)
FN:297,(anonymous_24)
FN:307,(anonymous_25)
FN:373,(anonymous_26)
FN:380,(anonymous_27)
FN:386,(anonymous_28)
FN:421,(anonymous_29)
FN:433,(anonymous_30)
FN:434,(anonymous_31)
FN:435,(anonymous_32)
FN:464,(anonymous_33)
FNF:34
FNH:0
FNDA:0,(anonymous_0)
FNDA:0,(anonymous_1)
FNDA:0,(anonymous_2)
FNDA:0,(anonymous_3)
FNDA:0,(anonymous_4)
FNDA:0,(anonymous_5)
FNDA:0,(anonymous_6)
FNDA:0,(anonymous_7)
FNDA:0,(anonymous_8)
FNDA:0,(anonymous_9)
FNDA:0,(anonymous_10)
FNDA:0,(anonymous_11)
FNDA:0,(anonymous_12)
FNDA:0,(anonymous_13)
FNDA:0,(anonymous_14)
FNDA:0,(anonymous_15)
FNDA:0,(anonymous_16)
FNDA:0,(anonymous_17)
FNDA:0,(anonymous_18)
FNDA:0,(anonymous_19)
FNDA:0,(anonymous_20)
FNDA:0,(anonymous_21)
FNDA:0,(anonymous_22)
FNDA:0,(anonymous_23)
FNDA:0,(anonymous_24)
FNDA:0,(anonymous_25)
FNDA:0,(anonymous_26)
FNDA:0,(anonymous_27)
FNDA:0,(anonymous_28)
FNDA:0,(anonymous_29)
FNDA:0,(anonymous_30)
FNDA:0,(anonymous_31)
FNDA:0,(anonymous_32)
FNDA:0,(anonymous_33)
DA:9,0
DA:16,0
DA:17,0
DA:18,0
DA:19,0
DA:20,0
DA:21,0
DA:22,0
DA:23,0
DA:24,0
DA:25,0
DA:26,0
DA:27,0
DA:30,0
DA:31,0
DA:32,0
DA:33,0
DA:34,0
DA:37,0
DA:38,0
DA:39,0
DA:40,0
DA:41,0
DA:42,0
DA:43,0
DA:44,0
DA:46,0
DA:47,0
DA:48,0
DA:49,0
DA:51,0
DA:55,0
DA:56,0
DA:57,0
DA:60,0
DA:61,0
DA:62,0
DA:63,0
DA:67,0
DA:70,0
DA:72,0
DA:73,0
DA:74,0
DA:77,0
DA:80,0
DA:81,0
DA:82,0
DA:83,0
DA:85,0
DA:86,0
DA:87,0
DA:88,0
DA:92,0
DA:95,0
DA:96,0
DA:97,0
DA:99,0
DA:103,0
DA:105,0
DA:106,0
DA:107,0
DA:108,0
DA:109,0
DA:112,0
DA:115,0
DA:118,0
DA:122,0
DA:123,0
DA:124,0
DA:127,0
DA:128,0
DA:129,0
DA:131,0
DA:132,0
DA:136,0
DA:137,0
DA:138,0
DA:139,0
DA:141,0
DA:146,0
DA:147,0
DA:149,0
DA:150,0
DA:151,0
DA:152,0
DA:155,0
DA:156,0
DA:157,0
DA:160,0
DA:162,0
DA:163,0
DA:164,0
DA:166,0
DA:170,0
DA:171,0
DA:172,0
DA:174,0
DA:175,0
DA:178,0
DA:179,0
DA:181,0
DA:182,0
DA:183,0
DA:185,0
DA:187,0
DA:189,0
DA:190,0
DA:191,0
DA:192,0
DA:193,0
DA:194,0
DA:195,0
DA:198,0
DA:199,0
DA:200,0
DA:207,0
DA:209,0
DA:210,0
DA:211,0
DA:212,0
DA:214,0
DA:215,0
DA:228,0
DA:231,0
DA:232,0
DA:234,0
DA:239,0
DA:240,0
DA:241,0
DA:242,0
DA:243,0
DA:245,0
DA:246,0
DA:247,0
DA:248,0
DA:250,0
DA:251,0
DA:252,0
DA:253,0
DA:254,0
DA:257,0
DA:258,0
DA:259,0
DA:261,0
DA:262,0
DA:263,0
DA:264,0
DA:265,0
DA:271,0
DA:272,0
DA:273,0
DA:278,0
DA:279,0
DA:281,0
DA:283,0
DA:284,0
DA:288,0
DA:289,0
DA:292,0
DA:297,0
DA:298,0
DA:299,0
DA:300,0
DA:301,0
DA:302,0
DA:303,0
DA:307,0
DA:308,0
DA:309,0
DA:310,0
DA:315,0
DA:374,0
DA:375,0
DA:376,0
DA:377,0
DA:378,0
DA:380,0
DA:386,0
DA:422,0
DA:433,0
DA:434,0
DA:435,0
DA:465,0
DA:466,0
DA:467,0
LF:185
LH:0
BRDA:32,0,0,0
BRDA:32,0,1,0
BRDA:37,1,0,0
BRDA:37,1,1,0
BRDA:39,2,0,0
BRDA:39,2,1,0
BRDA:41,3,0,0
BRDA:41,3,1,0
BRDA:46,4,0,0
BRDA:46,4,1,0
BRDA:48,5,0,0
BRDA:48,5,1,0
BRDA:48,6,0,0
BRDA:48,6,1,0
BRDA:55,7,0,0
BRDA:55,7,1,0
BRDA:72,8,0,0
BRDA:72,8,1,0
BRDA:85,9,0,0
BRDA:85,9,1,0
BRDA:95,10,0,0
BRDA:95,10,1,0
BRDA:106,11,0,0
BRDA:106,11,1,0
BRDA:106,12,0,0
BRDA:106,12,1,0
BRDA:106,12,2,0
BRDA:123,13,0,0
BRDA:123,13,1,0
BRDA:138,14,0,0
BRDA:138,14,1,0
BRDA:146,15,0,0
BRDA:149,16,0,0
BRDA:149,16,1,0
BRDA:149,17,0,0
BRDA:149,17,1,0
BRDA:149,17,2,0
BRDA:155,18,0,0
BRDA:155,18,1,0
BRDA:160,19,0,0
BRDA:160,19,1,0
BRDA:166,20,0,0
BRDA:166,20,1,0
BRDA:166,20,2,0
BRDA:166,20,3,0
BRDA:170,21,0,0
BRDA:170,21,1,0
BRDA:171,22,0,0
BRDA:171,22,1,0
BRDA:192,23,0,0
BRDA:192,23,1,0
BRDA:198,24,0,0
BRDA:198,24,1,0
BRDA:200,25,0,0
BRDA:200,25,1,0
BRDA:202,26,0,0
BRDA:202,26,1,0
BRDA:241,27,0,0
BRDA:241,27,1,0
BRDA:245,28,0,0
BRDA:245,28,1,0
BRDA:250,29,0,0
BRDA:250,29,1,0
BRDA:252,30,0,0
BRDA:252,30,1,0
BRDA:298,31,0,0
BRDA:298,31,1,0
BRDA:302,32,0,0
BRDA:302,32,1,0
BRDA:302,33,0,0
BRDA:302,33,1,0
BRDA:308,34,0,0
BRDA:308,34,1,0
BRDA:309,35,0,0
BRDA:309,35,1,0
BRDA:309,36,0,0
BRDA:309,36,1,0
BRDA:331,37,0,0
BRDA:331,37,1,0
BRDA:341,38,0,0
BRDA:341,38,1,0
BRDA:389,39,0,0
BRDA:389,39,1,0
BRDA:389,39,2,0
BRDA:389,39,3,0
BRDA:389,39,4,0
BRDA:396,40,0,0
BRDA:396,40,1,0
BRDA:408,41,0,0
BRDA:408,41,1,0
BRDA:408,41,2,0
BRDA:408,41,3,0
BRDA:448,42,0,0
BRDA:448,42,1,0
BRDA:469,43,0,0
BRDA:469,43,1,0
BRDA:469,43,2,0
BRDA:469,43,3,0
BRDA:472,44,0,0
BRDA:472,44,1,0
BRDA:474,45,0,0
BRDA:474,45,1,0
BRDA:474,45,2,0
BRDA:474,45,3,0
BRDA:483,46,0,0
BRDA:483,46,1,0
BRF:106
BRH:0
end_of_record
TN:
SF:src/components/backup/OTPModal_bkp_31July2025_322AM.jsx
FN:8,(anonymous_0)
FN:26,(anonymous_1)
FN:29,(anonymous_2)
FN:30,(anonymous_3)
FN:33,(anonymous_4)
FN:36,(anonymous_5)
FN:67,(anonymous_6)
FN:70,(anonymous_7)
FN:84,(anonymous_8)
FN:85,(anonymous_9)
FN:94,(anonymous_10)
FN:103,(anonymous_11)
FN:127,(anonymous_12)
FN:135,(anonymous_13)
FN:147,(anonymous_14)
FN:159,(anonymous_15)
FN:161,(anonymous_16)
FN:173,(anonymous_17)
FN:179,(anonymous_18)
FN:188,(anonymous_19)
FN:192,(anonymous_20)
FN:198,(anonymous_21)
FN:208,(anonymous_22)
FN:274,(anonymous_23)
FN:277,(anonymous_24)
FN:283,(anonymous_25)
FN:307,(anonymous_26)
FN:314,(anonymous_27)
FN:315,(anonymous_28)
FN:316,(anonymous_29)
FN:344,(anonymous_30)
FNF:31
FNH:0
FNDA:0,(anonymous_0)
FNDA:0,(anonymous_1)
FNDA:0,(anonymous_2)
FNDA:0,(anonymous_3)
FNDA:0,(anonymous_4)
FNDA:0,(anonymous_5)
FNDA:0,(anonymous_6)
FNDA:0,(anonymous_7)
FNDA:0,(anonymous_8)
FNDA:0,(anonymous_9)
FNDA:0,(anonymous_10)
FNDA:0,(anonymous_11)
FNDA:0,(anonymous_12)
FNDA:0,(anonymous_13)
FNDA:0,(anonymous_14)
FNDA:0,(anonymous_15)
FNDA:0,(anonymous_16)
FNDA:0,(anonymous_17)
FNDA:0,(anonymous_18)
FNDA:0,(anonymous_19)
FNDA:0,(anonymous_20)
FNDA:0,(anonymous_21)
FNDA:0,(anonymous_22)
FNDA:0,(anonymous_23)
FNDA:0,(anonymous_24)
FNDA:0,(anonymous_25)
FNDA:0,(anonymous_26)
FNDA:0,(anonymous_27)
FNDA:0,(anonymous_28)
FNDA:0,(anonymous_29)
FNDA:0,(anonymous_30)
DA:8,0
DA:15,0
DA:16,0
DA:17,0
DA:18,0
DA:19,0
DA:20,0
DA:21,0
DA:22,0
DA:23,0
DA:24,0
DA:26,0
DA:28,0
DA:29,0
DA:30,0
DA:33,0
DA:36,0
DA:37,0
DA:38,0
DA:39,0
DA:40,0
DA:42,0
DA:43,0
DA:45,0
DA:46,0
DA:47,0
DA:48,0
DA:52,0
DA:53,0
DA:57,0
DA:58,0
DA:59,0
DA:60,0
DA:61,0
DA:65,0
DA:68,0
DA:71,0
DA:75,0
DA:76,0
DA:77,0
DA:79,0
DA:80,0
DA:84,0
DA:85,0
DA:86,0
DA:87,0
DA:89,0
DA:94,0
DA:95,0
DA:96,0
DA:97,0
DA:98,0
DA:100,0
DA:101,0
DA:103,0
DA:104,0
DA:105,0
DA:107,0
DA:111,0
DA:112,0
DA:113,0
DA:115,0
DA:116,0
DA:119,0
DA:120,0
DA:122,0
DA:123,0
DA:124,0
DA:126,0
DA:127,0
DA:128,0
DA:134,0
DA:135,0
DA:136,0
DA:137,0
DA:139,0
DA:140,0
DA:142,0
DA:147,0
DA:148,0
DA:149,0
DA:150,0
DA:151,0
DA:153,0
DA:154,0
DA:155,0
DA:156,0
DA:158,0
DA:159,0
DA:160,0
DA:162,0
DA:163,0
DA:164,0
DA:165,0
DA:166,0
DA:172,0
DA:173,0
DA:174,0
DA:179,0
DA:180,0
DA:182,0
DA:184,0
DA:185,0
DA:189,0
DA:190,0
DA:193,0
DA:198,0
DA:199,0
DA:200,0
DA:201,0
DA:202,0
DA:203,0
DA:204,0
DA:208,0
DA:209,0
DA:210,0
DA:211,0
DA:216,0
DA:275,0
DA:277,0
DA:283,0
DA:308,0
DA:314,0
DA:315,0
DA:316,0
DA:345,0
DA:346,0
DA:347,0
LF:128
LH:0
BRDA:28,0,0,0
BRDA:28,0,1,0
BRDA:38,1,0,0
BRDA:38,1,1,0
BRDA:45,2,0,0
BRDA:45,2,1,0
BRDA:52,3,0,0
BRDA:52,3,1,0
BRDA:57,4,0,0
BRDA:57,4,1,0
BRDA:58,5,0,0
BRDA:58,5,1,0
BRDA:58,6,0,0
BRDA:58,6,1,0
BRDA:86,7,0,0
BRDA:86,7,1,0
BRDA:94,8,0,0
BRDA:96,9,0,0
BRDA:96,9,1,0
BRDA:100,10,0,0
BRDA:100,10,1,0
BRDA:107,11,0,0
BRDA:107,11,1,0
BRDA:107,11,2,0
BRDA:107,11,3,0
BRDA:111,12,0,0
BRDA:111,12,1,0
BRDA:112,13,0,0
BRDA:112,13,1,0
BRDA:128,14,0,0
BRDA:128,14,1,0
BRDA:130,15,0,0
BRDA:130,15,1,0
BRDA:149,16,0,0
BRDA:149,16,1,0
BRDA:153,17,0,0
BRDA:153,17,1,0
BRDA:199,18,0,0
BRDA:199,18,1,0
BRDA:203,19,0,0
BRDA:203,19,1,0
BRDA:203,20,0,0
BRDA:203,20,1,0
BRDA:209,21,0,0
BRDA:209,21,1,0
BRDA:210,22,0,0
BRDA:210,22,1,0
BRDA:210,23,0,0
BRDA:210,23,1,0
BRDA:232,24,0,0
BRDA:232,24,1,0
BRDA:242,25,0,0
BRDA:242,25,1,0
BRDA:287,26,0,0
BRDA:287,26,1,0
BRDA:328,27,0,0
BRDA:328,27,1,0
BRDA:352,28,0,0
BRDA:352,28,1,0
BRDA:358,29,0,0
BRDA:358,29,1,0
BRF:61
BRH:0
end_of_record
TN:
SF:src/components/backup/PhoneLogin_bkp_31July2025_323AM.jsx
FN:8,PhoneLogin
FN:16,(anonymous_1)
FN:20,(anonymous_2)
FN:28,(anonymous_3)
FN:44,(anonymous_4)
FN:68,(anonymous_5)
FN:96,(anonymous_6)
FN:97,(anonymous_7)
FNF:8
FNH:0
FNDA:0,PhoneLogin
FNDA:0,(anonymous_1)
FNDA:0,(anonymous_2)
FNDA:0,(anonymous_3)
FNDA:0,(anonymous_4)
FNDA:0,(anonymous_5)
FNDA:0,(anonymous_6)
FNDA:0,(anonymous_7)
DA:9,0
DA:10,0
DA:11,0
DA:12,0
DA:13,0
DA:14,0
DA:16,0
DA:17,0
DA:18,0
DA:21,0
DA:24,0
DA:28,0
DA:29,0
DA:31,0
DA:32,0
DA:33,0
DA:36,0
DA:37,0
DA:38,0
DA:40,0
DA:41,0
DA:42,0
DA:43,0
DA:44,0
DA:45,0
DA:48,0
DA:49,0
DA:51,0
DA:55,0
DA:68,0
DA:96,0
DA:97,0
LF:32
LH:0
BRDA:17,0,0,0
BRDA:17,0,1,0
BRDA:31,1,0,0
BRDA:31,1,1,0
BRDA:76,2,0,0
BRDA:76,2,1,0
BRDA:79,3,0,0
BRDA:79,3,1,0
BRDA:92,4,0,0
BRDA:92,4,1,0
BRDA:92,4,2,0
BRF:11
BRH:0
end_of_record
TN:
SF:src/components/backup/otpmodal_bkp_fullworking_31July2025_0404AM.jsx
FN:8,(anonymous_0)
FN:28,(anonymous_1)
FN:31,(anonymous_2)
FN:32,(anonymous_3)
FN:35,(anonymous_4)
FN:38,(anonymous_5)
FN:69,(anonymous_6)
FN:72,(anonymous_7)
FN:86,(anonymous_8)
FN:87,(anonymous_9)
FN:96,(anonymous_10)
FN:117,(anonymous_11)
FN:143,(anonymous_12)
FN:150,(anonymous_13)
FN:158,(anonymous_14)
FN:170,(anonymous_15)
FN:189,(anonymous_16)
FN:191,(anonymous_17)
FN:203,(anonymous_18)
FN:209,(anonymous_19)
FN:218,(anonymous_20)
FN:222,(anonymous_21)
FN:228,(anonymous_22)
FN:238,(anonymous_23)
FN:304,(anonymous_24)
FN:307,(anonymous_25)
FN:313,(anonymous_26)
FN:342,(anonymous_27)
FN:354,(anonymous_28)
FN:355,(anonymous_29)
FN:356,(anonymous_30)
FN:385,(anonymous_31)
FNF:32
FNH:0
FNDA:0,(anonymous_0)
FNDA:0,(anonymous_1)
FNDA:0,(anonymous_2)
FNDA:0,(anonymous_3)
FNDA:0,(anonymous_4)
FNDA:0,(anonymous_5)
FNDA:0,(anonymous_6)
FNDA:0,(anonymous_7)
FNDA:0,(anonymous_8)
FNDA:0,(anonymous_9)
FNDA:0,(anonymous_10)
FNDA:0,(anonymous_11)
FNDA:0,(anonymous_12)
FNDA:0,(anonymous_13)
FNDA:0,(anonymous_14)
FNDA:0,(anonymous_15)
FNDA:0,(anonymous_16)
FNDA:0,(anonymous_17)
FNDA:0,(anonymous_18)
FNDA:0,(anonymous_19)
FNDA:0,(anonymous_20)
FNDA:0,(anonymous_21)
FNDA:0,(anonymous_22)
FNDA:0,(anonymous_23)
FNDA:0,(anonymous_24)
FNDA:0,(anonymous_25)
FNDA:0,(anonymous_26)
FNDA:0,(anonymous_27)
FNDA:0,(anonymous_28)
FNDA:0,(anonymous_29)
FNDA:0,(anonymous_30)
FNDA:0,(anonymous_31)
DA:8,0
DA:15,0
DA:16,0
DA:17,0
DA:18,0
DA:19,0
DA:20,0
DA:21,0
DA:22,0
DA:23,0
DA:24,0
DA:25,0
DA:26,0
DA:28,0
DA:30,0
DA:31,0
DA:32,0
DA:35,0
DA:38,0
DA:39,0
DA:40,0
DA:41,0
DA:42,0
DA:44,0
DA:45,0
DA:47,0
DA:48,0
DA:49,0
DA:50,0
DA:54,0
DA:55,0
DA:59,0
DA:60,0
DA:61,0
DA:62,0
DA:63,0
DA:67,0
DA:70,0
DA:73,0
DA:77,0
DA:78,0
DA:79,0
DA:81,0
DA:82,0
DA:86,0
DA:87,0
DA:88,0
DA:89,0
DA:91,0
DA:96,0
DA:97,0
DA:99,0
DA:100,0
DA:101,0
DA:104,0
DA:105,0
DA:106,0
DA:107,0
DA:110,0
DA:111,0
DA:112,0
DA:115,0
DA:117,0
DA:118,0
DA:119,0
DA:121,0
DA:125,0
DA:126,0
DA:127,0
DA:129,0
DA:130,0
DA:133,0
DA:134,0
DA:136,0
DA:137,0
DA:138,0
DA:140,0
DA:142,0
DA:143,0
DA:144,0
DA:145,0
DA:146,0
DA:148,0
DA:150,0
DA:151,0
DA:157,0
DA:158,0
DA:159,0
DA:160,0
DA:162,0
DA:163,0
DA:165,0
DA:170,0
DA:171,0
DA:172,0
DA:173,0
DA:174,0
DA:176,0
DA:177,0
DA:178,0
DA:179,0
DA:181,0
DA:182,0
DA:183,0
DA:184,0
DA:185,0
DA:188,0
DA:189,0
DA:190,0
DA:192,0
DA:193,0
DA:194,0
DA:195,0
DA:196,0
DA:202,0
DA:203,0
DA:204,0
DA:209,0
DA:210,0
DA:212,0
DA:214,0
DA:215,0
DA:219,0
DA:220,0
DA:223,0
DA:228,0
DA:229,0
DA:230,0
DA:231,0
DA:232,0
DA:233,0
DA:234,0
DA:238,0
DA:239,0
DA:240,0
DA:241,0
DA:246,0
DA:305,0
DA:307,0
DA:313,0
DA:343,0
DA:354,0
DA:355,0
DA:356,0
DA:386,0
DA:387,0
DA:388,0
LF:147
LH:0
BRDA:30,0,0,0
BRDA:30,0,1,0
BRDA:40,1,0,0
BRDA:40,1,1,0
BRDA:47,2,0,0
BRDA:47,2,1,0
BRDA:54,3,0,0
BRDA:54,3,1,0
BRDA:59,4,0,0
BRDA:59,4,1,0
BRDA:60,5,0,0
BRDA:60,5,1,0
BRDA:60,6,0,0
BRDA:60,6,1,0
BRDA:88,7,0,0
BRDA:88,7,1,0
BRDA:96,8,0,0
BRDA:99,9,0,0
BRDA:99,9,1,0
BRDA:99,10,0,0
BRDA:99,10,1,0
BRDA:104,11,0,0
BRDA:104,11,1,0
BRDA:110,12,0,0
BRDA:110,12,1,0
BRDA:115,13,0,0
BRDA:115,13,1,0
BRDA:121,14,0,0
BRDA:121,14,1,0
BRDA:121,14,2,0
BRDA:121,14,3,0
BRDA:125,15,0,0
BRDA:125,15,1,0
BRDA:126,16,0,0
BRDA:126,16,1,0
BRDA:145,17,0,0
BRDA:145,17,1,0
BRDA:151,18,0,0
BRDA:151,18,1,0
BRDA:153,19,0,0
BRDA:153,19,1,0
BRDA:172,20,0,0
BRDA:172,20,1,0
BRDA:176,21,0,0
BRDA:176,21,1,0
BRDA:181,22,0,0
BRDA:181,22,1,0
BRDA:183,23,0,0
BRDA:183,23,1,0
BRDA:229,24,0,0
BRDA:229,24,1,0
BRDA:233,25,0,0
BRDA:233,25,1,0
BRDA:233,26,0,0
BRDA:233,26,1,0
BRDA:239,27,0,0
BRDA:239,27,1,0
BRDA:240,28,0,0
BRDA:240,28,1,0
BRDA:240,29,0,0
BRDA:240,29,1,0
BRDA:262,30,0,0
BRDA:262,30,1,0
BRDA:272,31,0,0
BRDA:272,31,1,0
BRDA:315,32,0,0
BRDA:315,32,1,0
BRDA:315,32,2,0
BRDA:315,32,3,0
BRDA:317,33,0,0
BRDA:317,33,1,0
BRDA:329,34,0,0
BRDA:329,34,1,0
BRDA:369,35,0,0
BRDA:369,35,1,0
BRDA:390,36,0,0
BRDA:390,36,1,0
BRDA:390,36,2,0
BRDA:393,37,0,0
BRDA:393,37,1,0
BRDA:399,38,0,0
BRDA:399,38,1,0
BRF:82
BRH:0
end_of_record
TN:
SF:src/components/backup/phonelogin_bkp_fullworking_31July2025_0404AM.jsx
FN:8,PhoneLogin
FN:16,(anonymous_1)
FN:20,(anonymous_2)
FN:28,(anonymous_3)
FN:44,(anonymous_4)
FN:68,(anonymous_5)
FN:96,(anonymous_6)
FN:97,(anonymous_7)
FNF:8
FNH:0
FNDA:0,PhoneLogin
FNDA:0,(anonymous_1)
FNDA:0,(anonymous_2)
FNDA:0,(anonymous_3)
FNDA:0,(anonymous_4)
FNDA:0,(anonymous_5)
FNDA:0,(anonymous_6)
FNDA:0,(anonymous_7)
DA:9,0
DA:10,0
DA:11,0
DA:12,0
DA:13,0
DA:14,0
DA:16,0
DA:17,0
DA:18,0
DA:21,0
DA:24,0
DA:28,0
DA:29,0
DA:31,0
DA:32,0
DA:33,0
DA:36,0
DA:37,0
DA:38,0
DA:40,0
DA:41,0
DA:42,0
DA:43,0
DA:44,0
DA:45,0
DA:48,0
DA:49,0
DA:51,0
DA:55,0
DA:68,0
DA:96,0
DA:97,0
LF:32
LH:0
BRDA:17,0,0,0
BRDA:17,0,1,0
BRDA:31,1,0,0
BRDA:31,1,1,0
BRDA:76,2,0,0
BRDA:76,2,1,0
BRDA:79,3,0,0
BRDA:79,3,1,0
BRDA:92,4,0,0
BRDA:92,4,1,0
BRDA:92,4,2,0
BRF:11
BRH:0
end_of_record
TN:
SF:src/context/AuthContext.jsx
FN:14,(anonymous_0)
FN:21,(anonymous_1)
FN:22,(anonymous_2)
FN:113,(anonymous_3)
FN:129,(anonymous_4)
FN:135,(anonymous_5)
FN:142,(anonymous_6)
FN:148,(anonymous_7)
FN:151,(anonymous_8)
FN:156,(anonymous_9)
FN:157,(anonymous_10)
FN:161,(anonymous_11)
FN:187,(anonymous_12)
FNF:13
FNH:10
FNDA:10,(anonymous_0)
FNDA:5,(anonymous_1)
FNDA:5,(anonymous_2)
FNDA:0,(anonymous_3)
FNDA:5,(anonymous_4)
FNDA:10,(anonymous_5)
FNDA:0,(anonymous_6)
FNDA:0,(anonymous_7)
FNDA:28,(anonymous_8)
FNDA:10,(anonymous_9)
FNDA:18,(anonymous_10)
FNDA:10,(anonymous_11)
FNDA:12,(anonymous_12)
DA:7,2
DA:11,2
DA:12,2
DA:14,2
DA:15,10
DA:16,10
DA:17,10
DA:18,10
DA:19,10
DA:21,10
DA:22,5
DA:23,5
DA:24,5
DA:26,5
DA:27,5
DA:29,5
DA:30,5
DA:33,5
DA:34,5
DA:36,5
DA:37,5
DA:38,5
DA:39,1
DA:40,1
DA:41,4
DA:42,1
DA:43,1
DA:44,3
DA:45,1
DA:46,1
DA:47,2
DA:48,1
DA:49,1
DA:53,5
DA:54,5
DA:60,5
DA:61,0
DA:62,0
DA:66,5
DA:69,5
DA:71,5
DA:79,5
DA:80,5
DA:81,5
DA:83,5
DA:95,0
DA:96,0
DA:97,0
DA:99,0
DA:100,0
DA:104,0
DA:105,0
DA:106,0
DA:109,5
DA:113,5
DA:114,0
DA:115,0
DA:116,0
DA:117,0
DA:119,0
DA:120,0
DA:121,0
DA:123,0
DA:129,5
DA:130,5
DA:131,5
DA:135,10
DA:136,10
DA:142,10
DA:143,0
DA:144,0
DA:145,0
DA:148,10
DA:151,10
DA:152,28
DA:156,10
DA:157,18
DA:161,10
DA:162,10
DA:163,10
DA:164,10
DA:167,10
DA:187,12
LF:83
LH:62
BRDA:26,0,0,5
BRDA:26,0,1,0
BRDA:33,1,0,5
BRDA:33,1,1,0
BRDA:38,2,0,1
BRDA:38,2,1,4
BRDA:41,3,0,1
BRDA:41,3,1,3
BRDA:44,4,0,1
BRDA:44,4,1,2
BRDA:47,5,0,1
BRDA:47,5,1,1
BRDA:47,6,0,2
BRDA:47,6,1,1
BRDA:60,7,0,0
BRDA:60,7,1,5
BRDA:60,8,0,5
BRDA:60,8,1,0
BRDA:60,8,2,0
BRDA:66,9,0,5
BRDA:66,9,1,5
BRDA:69,10,0,5
BRDA:69,10,1,4
BRDA:85,11,0,5
BRDA:85,11,1,0
BRDA:96,12,0,0
BRDA:96,12,1,0
BRDA:115,13,0,0
BRDA:115,13,1,0
BRDA:120,14,0,0
BRDA:120,14,1,0
BRDA:136,15,0,5
BRDA:136,15,1,5
BRDA:136,16,0,10
BRDA:136,16,1,5
BRDA:152,17,0,28
BRDA:152,17,1,24
BRDA:152,17,2,18
BRDA:152,17,3,22
BRDA:164,18,0,10
BRDA:164,18,1,10
BRDA:164,18,2,10
BRF:42
BRH:30
end_of_record
TN:
SF:src/pages/AboutPage.jsx
FN:5,(anonymous_0)
FNF:1
FNH:0
FNDA:0,(anonymous_0)
DA:5,0
DA:6,0
LF:2
LH:0
BRF:0
BRH:0
end_of_record
TN:
SF:src/pages/AdminContacts.jsx
FN:6,(anonymous_0)
FN:12,(anonymous_1)
FN:25,(anonymous_2)
FN:29,(anonymous_3)
FN:45,(anonymous_4)
FN:49,(anonymous_5)
FN:50,(anonymous_6)
FN:57,(anonymous_7)
FN:58,(anonymous_8)
FN:73,(anonymous_9)
FN:80,(anonymous_10)
FN:87,(anonymous_11)
FNF:12
FNH:0
FNDA:0,(anonymous_0)
FNDA:0,(anonymous_1)
FNDA:0,(anonymous_2)
FNDA:0,(anonymous_3)
FNDA:0,(anonymous_4)
FNDA:0,(anonymous_5)
FNDA:0,(anonymous_6)
FNDA:0,(anonymous_7)
FNDA:0,(anonymous_8)
FNDA:0,(anonymous_9)
FNDA:0,(anonymous_10)
FNDA:0,(anonymous_11)
DA:6,0
DA:7,0
DA:8,0
DA:9,0
DA:10,0
DA:12,0
DA:13,0
DA:14,0
DA:19,0
DA:21,0
DA:25,0
DA:26,0
DA:29,0
DA:30,0
DA:31,0
DA:32,0
DA:37,0
DA:38,0
DA:40,0
DA:45,0
DA:46,0
DA:49,0
DA:50,0
DA:56,0
DA:57,0
DA:58,0
DA:59,0
DA:60,0
DA:63,0
DA:73,0
DA:81,0
DA:87,0
LF:32
LH:0
BRDA:30,0,0,0
BRDA:30,0,1,0
BRDA:76,1,0,0
BRDA:76,1,1,0
BRF:4
BRH:0
end_of_record
TN:
SF:src/pages/AdminLogin.jsx
FN:12,(anonymous_0)
FN:16,(anonymous_1)
FN:17,(anonymous_2)
FN:23,(anonymous_3)
FN:26,(anonymous_4)
FNF:5
FNH:0
FNDA:0,(anonymous_0)
FNDA:0,(anonymous_1)
FNDA:0,(anonymous_2)
FNDA:0,(anonymous_3)
FNDA:0,(anonymous_4)
DA:10,0
DA:12,0
DA:13,0
DA:14,0
DA:16,0
DA:17,0
DA:18,0
DA:19,0
DA:20,0
DA:23,0
DA:26,0
DA:27,0
DA:28,0
DA:29,0
DA:31,0
DA:33,0
DA:34,0
DA:36,0
DA:37,0
DA:44,0
DA:47,0
DA:48,0
DA:52,0
LF:23
LH:0
BRDA:18,0,0,0
BRDA:18,0,1,0
BRDA:18,1,0,0
BRDA:18,1,1,0
BRDA:31,2,0,0
BRDA:31,2,1,0
BRF:6
BRH:0
end_of_record
TN:
SF:src/pages/AdminLoginPage.jsx
FN:13,(anonymous_0)
FN:21,(anonymous_1)
FN:85,(anonymous_2)
FN:131,(anonymous_3)
FN:141,(anonymous_4)
FN:153,(anonymous_5)
FN:163,(anonymous_6)
FN:168,(anonymous_7)
FNF:8
FNH:0
FNDA:0,(anonymous_0)
FNDA:0,(anonymous_1)
FNDA:0,(anonymous_2)
FNDA:0,(anonymous_3)
FNDA:0,(anonymous_4)
FNDA:0,(anonymous_5)
FNDA:0,(anonymous_6)
FNDA:0,(anonymous_7)
DA:13,0
DA:14,0
DA:15,0
DA:16,0
DA:17,0
DA:18,0
DA:19,0
DA:21,0
DA:22,0
DA:23,0
DA:25,0
DA:27,0
DA:28,0
DA:31,0
DA:32,0
DA:33,0
DA:36,0
DA:40,0
DA:41,0
DA:42,0
DA:44,0
DA:59,0
DA:61,0
DA:62,0
DA:65,0
DA:66,0
DA:67,0
DA:68,0
DA:69,0
DA:70,0
DA:71,0
DA:72,0
DA:73,0
DA:74,0
DA:77,0
DA:81,0
DA:85,0
DA:86,0
DA:87,0
DA:90,0
DA:91,0
DA:92,0
DA:96,0
DA:97,0
DA:99,0
DA:100,0
DA:101,0
DA:102,0
DA:105,0
DA:111,0
DA:131,0
DA:142,0
DA:153,0
DA:163,0
DA:168,0
LF:55
LH:0
BRDA:31,0,0,0
BRDA:31,0,1,0
BRDA:65,1,0,0
BRDA:65,1,1,0
BRDA:67,2,0,0
BRDA:67,2,1,0
BRDA:69,3,0,0
BRDA:69,3,1,0
BRDA:71,4,0,0
BRDA:71,4,1,0
BRDA:73,5,0,0
BRDA:73,5,1,0
BRDA:86,6,0,0
BRDA:86,6,1,0
BRDA:99,7,0,0
BRDA:99,7,1,0
BRDA:101,8,0,0
BRDA:101,8,1,0
BRDA:159,9,0,0
BRDA:159,9,1,0
BRDA:171,10,0,0
BRDA:171,10,1,0
BRDA:190,11,0,0
BRDA:190,11,1,0
BRF:24
BRH:0
end_of_record
TN:
SF:src/pages/AdminLoginPage_bkp_04Aug2025_1215AM.jsx
FN:13,(anonymous_0)
FN:21,(anonymous_1)
FN:85,(anonymous_2)
FN:131,(anonymous_3)
FN:141,(anonymous_4)
FN:153,(anonymous_5)
FN:163,(anonymous_6)
FN:168,(anonymous_7)
FNF:8
FNH:0
FNDA:0,(anonymous_0)
FNDA:0,(anonymous_1)
FNDA:0,(anonymous_2)
FNDA:0,(anonymous_3)
FNDA:0,(anonymous_4)
FNDA:0,(anonymous_5)
FNDA:0,(anonymous_6)
FNDA:0,(anonymous_7)
DA:13,0
DA:14,0
DA:15,0
DA:16,0
DA:17,0
DA:18,0
DA:19,0
DA:21,0
DA:22,0
DA:23,0
DA:25,0
DA:27,0
DA:28,0
DA:31,0
DA:32,0
DA:33,0
DA:36,0
DA:40,0
DA:41,0
DA:42,0
DA:44,0
DA:59,0
DA:61,0
DA:62,0
DA:65,0
DA:66,0
DA:67,0
DA:68,0
DA:69,0
DA:70,0
DA:71,0
DA:72,0
DA:73,0
DA:74,0
DA:77,0
DA:81,0
DA:85,0
DA:86,0
DA:87,0
DA:90,0
DA:91,0
DA:92,0
DA:96,0
DA:97,0
DA:99,0
DA:100,0
DA:101,0
DA:102,0
DA:105,0
DA:111,0
DA:131,0
DA:142,0
DA:153,0
DA:163,0
DA:168,0
LF:55
LH:0
BRDA:31,0,0,0
BRDA:31,0,1,0
BRDA:65,1,0,0
BRDA:65,1,1,0
BRDA:67,2,0,0
BRDA:67,2,1,0
BRDA:69,3,0,0
BRDA:69,3,1,0
BRDA:71,4,0,0
BRDA:71,4,1,0
BRDA:73,5,0,0
BRDA:73,5,1,0
BRDA:86,6,0,0
BRDA:86,6,1,0
BRDA:99,7,0,0
BRDA:99,7,1,0
BRDA:101,8,0,0
BRDA:101,8,1,0
BRDA:159,9,0,0
BRDA:159,9,1,0
BRDA:171,10,0,0
BRDA:171,10,1,0
BRDA:190,11,0,0
BRDA:190,11,1,0
BRF:24
BRH:0
end_of_record
TN:
SF:src/pages/AdminLogin_bkp_04Aug2025_1214AM.jsx
FN:12,(anonymous_0)
FN:16,(anonymous_1)
FN:17,(anonymous_2)
FN:23,(anonymous_3)
FN:26,(anonymous_4)
FNF:5
FNH:0
FNDA:0,(anonymous_0)
FNDA:0,(anonymous_1)
FNDA:0,(anonymous_2)
FNDA:0,(anonymous_3)
FNDA:0,(anonymous_4)
DA:10,0
DA:12,0
DA:13,0
DA:14,0
DA:16,0
DA:17,0
DA:18,0
DA:19,0
DA:20,0
DA:23,0
DA:26,0
DA:27,0
DA:28,0
DA:29,0
DA:31,0
DA:33,0
DA:34,0
DA:36,0
DA:37,0
DA:44,0
DA:47,0
DA:48,0
DA:52,0
LF:23
LH:0
BRDA:18,0,0,0
BRDA:18,0,1,0
BRDA:18,1,0,0
BRDA:18,1,1,0
BRDA:31,2,0,0
BRDA:31,2,1,0
BRF:6
BRH:0
end_of_record
TN:
SF:src/pages/AdminPanel.jsx
FN:34,(anonymous_0)
FN:54,(anonymous_1)
FN:55,(anonymous_2)
FN:85,(anonymous_3)
FN:88,(anonymous_4)
FN:89,(anonymous_5)
FN:100,(anonymous_6)
FN:101,(anonymous_7)
FN:121,(anonymous_8)
FN:122,(anonymous_9)
FN:133,(anonymous_10)
FN:134,(anonymous_11)
FN:147,(anonymous_12)
FN:150,(anonymous_13)
FN:161,(anonymous_14)
FN:165,(anonymous_15)
FN:166,(anonymous_16)
FN:173,(anonymous_17)
FN:187,(anonymous_18)
FN:203,(anonymous_19)
FN:212,(anonymous_20)
FN:219,(anonymous_21)
FN:224,(anonymous_22)
FN:225,(anonymous_23)
FN:226,(anonymous_24)
FN:227,(anonymous_25)
FN:236,(anonymous_26)
FN:237,(anonymous_27)
FN:248,(anonymous_28)
FN:253,(anonymous_29)
FN:292,(anonymous_30)
FN:303,(anonymous_31)
FN:311,(anonymous_32)
FN:340,(anonymous_33)
FN:365,(anonymous_34)
FN:403,(anonymous_35)
FN:407,(anonymous_36)
FN:421,(anonymous_37)
FN:427,(anonymous_38)
FN:433,(anonymous_39)
FNF:40
FNH:0
FNDA:0,(anonymous_0)
FNDA:0,(anonymous_1)
FNDA:0,(anonymous_2)
FNDA:0,(anonymous_3)
FNDA:0,(anonymous_4)
FNDA:0,(anonymous_5)
FNDA:0,(anonymous_6)
FNDA:0,(anonymous_7)
FNDA:0,(anonymous_8)
FNDA:0,(anonymous_9)
FNDA:0,(anonymous_10)
FNDA:0,(anonymous_11)
FNDA:0,(anonymous_12)
FNDA:0,(anonymous_13)
FNDA:0,(anonymous_14)
FNDA:0,(anonymous_15)
FNDA:0,(anonymous_16)
FNDA:0,(anonymous_17)
FNDA:0,(anonymous_18)
FNDA:0,(anonymous_19)
FNDA:0,(anonymous_20)
FNDA:0,(anonymous_21)
FNDA:0,(anonymous_22)
FNDA:0,(anonymous_23)
FNDA:0,(anonymous_24)
FNDA:0,(anonymous_25)
FNDA:0,(anonymous_26)
FNDA:0,(anonymous_27)
FNDA:0,(anonymous_28)
FNDA:0,(anonymous_29)
FNDA:0,(anonymous_30)
FNDA:0,(anonymous_31)
FNDA:0,(anonymous_32)
FNDA:0,(anonymous_33)
FNDA:0,(anonymous_34)
FNDA:0,(anonymous_35)
FNDA:0,(anonymous_36)
FNDA:0,(anonymous_37)
FNDA:0,(anonymous_38)
FNDA:0,(anonymous_39)
DA:30,0
DA:32,0
DA:34,0
DA:35,0
DA:36,0
DA:37,0
DA:38,0
DA:39,0
DA:40,0
DA:41,0
DA:43,0
DA:44,0
DA:45,0
DA:46,0
DA:47,0
DA:48,0
DA:49,0
DA:50,0
DA:52,0
DA:54,0
DA:55,0
DA:56,0
DA:57,0
DA:58,0
DA:59,0
DA:60,0
DA:62,0
DA:64,0
DA:65,0
DA:66,0
DA:72,0
DA:73,0
DA:74,0
DA:77,0
DA:78,0
DA:79,0
DA:80,0
DA:85,0
DA:88,0
DA:89,0
DA:90,0
DA:91,0
DA:92,0
DA:94,0
DA:97,0
DA:100,0
DA:101,0
DA:102,0
DA:103,0
DA:111,0
DA:112,0
DA:113,0
DA:115,0
DA:118,0
DA:121,0
DA:122,0
DA:123,0
DA:124,0
DA:125,0
DA:127,0
DA:130,0
DA:133,0
DA:134,0
DA:135,0
DA:136,0
DA:137,0
DA:139,0
DA:143,0
DA:147,0
DA:150,0
DA:151,0
DA:152,0
DA:153,0
DA:154,0
DA:156,0
DA:161,0
DA:162,0
DA:163,0
DA:164,0
DA:165,0
DA:166,0
DA:169,0
DA:173,0
DA:174,0
DA:185,0
DA:186,0
DA:187,0
DA:188,0
DA:189,0
DA:194,0
DA:195,0
DA:196,0
DA:203,0
DA:204,0
DA:206,0
DA:207,0
DA:212,0
DA:213,0
DA:217,0
DA:219,0
DA:220,0
DA:221,0
DA:224,0
DA:225,0
DA:226,0
DA:227,0
DA:229,0
DA:230,0
DA:231,0
DA:233,0
DA:236,0
DA:237,0
DA:238,0
DA:240,0
DA:244,0
DA:248,0
DA:249,0
DA:250,0
DA:251,0
DA:253,0
DA:260,0
DA:264,0
DA:275,0
DA:289,0
DA:292,0
DA:293,0
DA:294,0
DA:295,0
DA:296,0
DA:297,0
DA:298,0
DA:299,0
DA:303,0
DA:304,0
DA:305,0
DA:306,0
DA:307,0
DA:311,0
DA:312,0
DA:313,0
DA:314,0
DA:316,0
DA:320,0
DA:341,0
DA:365,0
DA:404,0
DA:408,0
DA:421,0
DA:427,0
DA:433,0
LF:150
LH:0
BRDA:58,0,0,0
BRDA:58,0,1,0
BRDA:58,1,0,0
BRDA:58,1,1,0
BRDA:67,2,0,0
BRDA:67,2,1,0
BRDA:69,3,0,0
BRDA:69,3,1,0
BRDA:72,4,0,0
BRDA:72,4,1,0
BRDA:78,5,0,0
BRDA:78,5,1,0
BRDA:125,6,0,0
BRDA:125,6,1,0
BRDA:137,7,0,0
BRDA:137,7,1,0
BRDA:166,8,0,0
BRDA:166,8,1,0
BRDA:185,9,0,0
BRDA:185,9,1,0
BRDA:195,10,0,0
BRDA:195,10,1,0
BRDA:213,11,0,0
BRDA:213,11,1,0
BRDA:230,12,0,0
BRDA:230,12,1,0
BRDA:231,13,0,0
BRDA:231,13,1,0
BRDA:233,14,0,0
BRDA:233,14,1,0
BRDA:238,15,0,0
BRDA:238,15,1,0
BRDA:238,16,0,0
BRDA:238,16,1,0
BRDA:255,17,0,0
BRDA:255,17,1,0
BRDA:256,18,0,0
BRDA:256,18,1,0
BRDA:296,19,0,0
BRDA:296,19,1,0
BRDA:304,20,0,0
BRDA:304,20,1,0
BRDA:305,21,0,0
BRDA:305,21,1,0
BRDA:306,22,0,0
BRDA:306,22,1,0
BRDA:341,23,0,0
BRDA:341,23,1,0
BRDA:343,24,0,0
BRDA:343,24,1,0
BRDA:344,25,0,0
BRDA:344,25,1,0
BRDA:404,26,0,0
BRDA:404,26,1,0
BRDA:405,27,0,0
BRDA:405,27,1,0
BRDA:413,28,0,0
BRDA:413,28,1,0
BRDA:415,29,0,0
BRDA:415,29,1,0
BRDA:416,30,0,0
BRDA:416,30,1,0
BRF:62
BRH:0
end_of_record
TN:
SF:src/pages/AdminPanel_bkp_31July2025_0437AM.jsx
FN:23,(anonymous_0)
FN:41,(anonymous_1)
FN:42,(anonymous_2)
FN:56,(anonymous_3)
FN:59,(anonymous_4)
FN:60,(anonymous_5)
FN:71,(anonymous_6)
FN:72,(anonymous_7)
FN:92,(anonymous_8)
FN:95,(anonymous_9)
FN:102,(anonymous_10)
FN:114,(anonymous_11)
FN:117,(anonymous_12)
FN:139,(anonymous_13)
FN:158,(anonymous_14)
FN:172,(anonymous_15)
FN:175,(anonymous_16)
FN:179,(anonymous_17)
FN:191,(anonymous_18)
FN:194,(anonymous_19)
FN:211,(anonymous_20)
FN:225,(anonymous_21)
FN:241,(anonymous_22)
FN:256,(anonymous_23)
FN:261,(anonymous_24)
FN:318,(anonymous_25)
FN:349,(anonymous_26)
FN:356,(anonymous_27)
FN:379,(anonymous_28)
FN:383,(anonymous_29)
FN:396,(anonymous_30)
FN:402,(anonymous_31)
FN:416,(anonymous_32)
FN:429,(anonymous_33)
FN:432,(anonymous_34)
FN:448,(anonymous_35)
FN:451,(anonymous_36)
FNF:37
FNH:0
FNDA:0,(anonymous_0)
FNDA:0,(anonymous_1)
FNDA:0,(anonymous_2)
FNDA:0,(anonymous_3)
FNDA:0,(anonymous_4)
FNDA:0,(anonymous_5)
FNDA:0,(anonymous_6)
FNDA:0,(anonymous_7)
FNDA:0,(anonymous_8)
FNDA:0,(anonymous_9)
FNDA:0,(anonymous_10)
FNDA:0,(anonymous_11)
FNDA:0,(anonymous_12)
FNDA:0,(anonymous_13)
FNDA:0,(anonymous_14)
FNDA:0,(anonymous_15)
FNDA:0,(anonymous_16)
FNDA:0,(anonymous_17)
FNDA:0,(anonymous_18)
FNDA:0,(anonymous_19)
FNDA:0,(anonymous_20)
FNDA:0,(anonymous_21)
FNDA:0,(anonymous_22)
FNDA:0,(anonymous_23)
FNDA:0,(anonymous_24)
FNDA:0,(anonymous_25)
FNDA:0,(anonymous_26)
FNDA:0,(anonymous_27)
FNDA:0,(anonymous_28)
FNDA:0,(anonymous_29)
FNDA:0,(anonymous_30)
FNDA:0,(anonymous_31)
FNDA:0,(anonymous_32)
FNDA:0,(anonymous_33)
FNDA:0,(anonymous_34)
FNDA:0,(anonymous_35)
FNDA:0,(anonymous_36)
DA:21,0
DA:23,0
DA:24,0
DA:25,0
DA:26,0
DA:27,0
DA:28,0
DA:29,0
DA:30,0
DA:32,0
DA:33,0
DA:34,0
DA:36,0
DA:37,0
DA:38,0
DA:39,0
DA:41,0
DA:42,0
DA:43,0
DA:44,0
DA:45,0
DA:47,0
DA:48,0
DA:49,0
DA:56,0
DA:59,0
DA:60,0
DA:61,0
DA:62,0
DA:63,0
DA:65,0
DA:68,0
DA:71,0
DA:72,0
DA:73,0
DA:74,0
DA:82,0
DA:83,0
DA:84,0
DA:86,0
DA:89,0
DA:92,0
DA:93,0
DA:95,0
DA:102,0
DA:103,0
DA:104,0
DA:114,0
DA:115,0
DA:116,0
DA:117,0
DA:123,0
DA:128,0
DA:129,0
DA:139,0
DA:140,0
DA:150,0
DA:151,0
DA:152,0
DA:153,0
DA:154,0
DA:158,0
DA:161,0
DA:169,0
DA:172,0
DA:173,0
DA:175,0
DA:179,0
DA:180,0
DA:181,0
DA:191,0
DA:192,0
DA:193,0
DA:194,0
DA:195,0
DA:200,0
DA:201,0
DA:211,0
DA:212,0
DA:223,0
DA:224,0
DA:225,0
DA:226,0
DA:227,0
DA:232,0
DA:233,0
DA:234,0
DA:241,0
DA:242,0
DA:250,0
DA:251,0
DA:256,0
DA:257,0
DA:260,0
DA:261,0
DA:262,0
DA:263,0
DA:269,0
DA:270,0
DA:271,0
DA:273,0
DA:275,0
DA:318,0
DA:350,0
DA:356,0
DA:379,0
DA:383,0
DA:396,0
DA:402,0
DA:417,0
DA:430,0
DA:432,0
DA:449,0
DA:451,0
LF:114
LH:0
BRDA:44,0,0,0
BRDA:44,0,1,0
BRDA:44,1,0,0
BRDA:44,1,1,0
BRDA:50,2,0,0
BRDA:50,2,1,0
BRDA:52,3,0,0
BRDA:52,3,1,0
BRDA:96,4,0,0
BRDA:96,4,1,0
BRDA:118,5,0,0
BRDA:118,5,1,0
BRDA:150,6,0,0
BRDA:150,6,1,0
BRDA:223,7,0,0
BRDA:223,7,1,0
BRDA:233,8,0,0
BRDA:233,8,1,0
BRDA:257,9,0,0
BRDA:257,9,1,0
BRDA:270,10,0,0
BRDA:270,10,1,0
BRDA:271,11,0,0
BRDA:271,11,1,0
BRDA:273,12,0,0
BRDA:273,12,1,0
BRDA:365,13,0,0
BRDA:365,13,1,0
BRDA:418,14,0,0
BRDA:418,14,1,0
BRDA:433,15,0,0
BRDA:433,15,1,0
BRDA:452,16,0,0
BRDA:452,16,1,0
BRF:34
BRH:0
end_of_record
TN:
SF:src/pages/AdminUsersPanel.jsx
FN:9,(anonymous_0)
FN:13,(anonymous_1)
FN:25,(anonymous_2)
FN:29,(anonymous_3)
FN:54,(anonymous_4)
FN:70,(anonymous_5)
FN:129,(anonymous_6)
FN:135,(anonymous_7)
FN:141,(anonymous_8)
FN:160,(anonymous_9)
FN:163,(anonymous_10)
FNF:11
FNH:0
FNDA:0,(anonymous_0)
FNDA:0,(anonymous_1)
FNDA:0,(anonymous_2)
FNDA:0,(anonymous_3)
FNDA:0,(anonymous_4)
FNDA:0,(anonymous_5)
FNDA:0,(anonymous_6)
FNDA:0,(anonymous_7)
FNDA:0,(anonymous_8)
FNDA:0,(anonymous_9)
FNDA:0,(anonymous_10)
DA:7,0
DA:9,0
DA:10,0
DA:11,0
DA:13,0
DA:14,0
DA:15,0
DA:18,0
DA:20,0
DA:25,0
DA:26,0
DA:29,0
DA:30,0
DA:40,0
DA:42,0
DA:43,0
DA:47,0
DA:53,0
DA:54,0
DA:56,0
DA:57,0
DA:58,0
DA:65,0
DA:66,0
DA:70,0
DA:71,0
DA:80,0
DA:81,0
DA:82,0
DA:86,0
DA:92,0
DA:93,0
DA:95,0
DA:96,0
DA:97,0
DA:104,0
DA:105,0
DA:111,0
DA:112,0
DA:113,0
DA:115,0
DA:130,0
DA:135,0
DA:141,0
DA:161,0
DA:163,0
LF:46
LH:0
BRDA:18,0,0,0
BRDA:18,0,1,0
BRDA:26,1,0,0
BRDA:26,1,1,0
BRDA:40,2,0,0
BRDA:40,2,1,0
BRDA:57,3,0,0
BRDA:57,3,1,0
BRDA:75,4,0,0
BRDA:75,4,1,0
BRDA:80,5,0,0
BRDA:80,5,1,0
BRDA:80,6,0,0
BRDA:80,6,1,0
BRDA:96,7,0,0
BRDA:96,7,1,0
BRDA:131,8,0,0
BRDA:131,8,1,0
BRDA:149,9,0,0
BRDA:149,9,1,0
BRDA:164,10,0,0
BRDA:164,10,1,0
BRF:22
BRH:0
end_of_record
TN:
SF:src/pages/AuditLogsPanel.jsx
FN:7,(anonymous_0)
FN:13,(anonymous_1)
FN:16,(anonymous_2)
FN:24,(anonymous_3)
FN:28,(anonymous_4)
FN:32,(anonymous_5)
FN:38,(anonymous_6)
FN:40,(anonymous_7)
FN:43,(anonymous_8)
FN:61,(anonymous_9)
FN:61,(anonymous_10)
FN:75,(anonymous_11)
FN:84,(anonymous_12)
FN:91,(anonymous_13)
FNF:14
FNH:0
FNDA:0,(anonymous_0)
FNDA:0,(anonymous_1)
FNDA:0,(anonymous_2)
FNDA:0,(anonymous_3)
FNDA:0,(anonymous_4)
FNDA:0,(anonymous_5)
FNDA:0,(anonymous_6)
FNDA:0,(anonymous_7)
FNDA:0,(anonymous_8)
FNDA:0,(anonymous_9)
FNDA:0,(anonymous_10)
FNDA:0,(anonymous_11)
FNDA:0,(anonymous_12)
FNDA:0,(anonymous_13)
DA:7,0
DA:8,0
DA:9,0
DA:10,0
DA:11,0
DA:13,0
DA:14,0
DA:15,0
DA:16,0
DA:17,0
DA:18,0
DA:20,0
DA:24,0
DA:25,0
DA:26,0
DA:27,0
DA:28,0
DA:32,0
DA:33,0
DA:34,0
DA:38,0
DA:39,0
DA:40,0
DA:43,0
DA:44,0
DA:45,0
DA:46,0
DA:49,0
DA:61,0
DA:75,0
DA:84,0
DA:92,0
LF:32
LH:0
BRDA:18,0,0,0
BRDA:18,0,1,0
BRDA:26,1,0,0
BRDA:26,1,1,0
BRDA:34,2,0,0
BRDA:34,2,1,0
BRDA:34,2,2,0
BRDA:34,2,3,0
BRDA:105,3,0,0
BRDA:105,3,1,0
BRF:10
BRH:0
end_of_record
TN:
SF:src/pages/BottomToastNotification.jsx
FN:5,(anonymous_0)
FN:9,(anonymous_1)
FN:14,(anonymous_2)
FN:17,(anonymous_3)
FN:21,(anonymous_4)
FN:32,(anonymous_5)
FN:59,(anonymous_6)
FNF:7
FNH:0
FNDA:0,(anonymous_0)
FNDA:0,(anonymous_1)
FNDA:0,(anonymous_2)
FNDA:0,(anonymous_3)
FNDA:0,(anonymous_4)
FNDA:0,(anonymous_5)
FNDA:0,(anonymous_6)
DA:5,0
DA:6,0
DA:7,0
DA:9,0
DA:11,0
DA:14,0
DA:15,0
DA:17,0
DA:18,0
DA:21,0
DA:22,0
DA:23,0
DA:24,0
DA:26,0
DA:29,0
DA:30,0
DA:32,0
DA:35,0
DA:50,0
DA:51,0
DA:53,0
DA:58,0
DA:59,0
DA:62,0
LF:24
LH:0
BRDA:29,0,0,0
BRDA:29,0,1,0
BRDA:29,1,0,0
BRDA:29,1,1,0
BRDA:51,2,0,0
BRDA:51,2,1,0
BRDA:51,3,0,0
BRDA:51,3,1,0
BRF:8
BRH:0
end_of_record
TN:
SF:src/pages/Contact.jsx
FNF:0
FNH:0
DA:1,0
DA:3,0
DA:9,0
LF:3
LH:0
BRF:0
BRH:0
end_of_record
TN:
SF:src/pages/ContactPage.jsx
FN:8,(anonymous_0)
FN:13,(anonymous_1)
FN:14,(anonymous_2)
FN:20,(anonymous_3)
FN:46,(anonymous_4)
FNF:5
FNH:0
FNDA:0,(anonymous_0)
FNDA:0,(anonymous_1)
FNDA:0,(anonymous_2)
FNDA:0,(anonymous_3)
FNDA:0,(anonymous_4)
DA:8,0
DA:9,0
DA:10,0
DA:11,0
DA:13,0
DA:14,0
DA:20,0
DA:21,0
DA:22,0
DA:23,0
DA:25,0
DA:26,0
DA:32,0
DA:33,0
DA:46,0
DA:47,0
DA:48,0
DA:51,0
DA:54,0
DA:55,0
DA:56,0
DA:58,0
DA:62,0
LF:23
LH:0
BRDA:32,0,0,0
BRDA:32,0,1,0
BRDA:121,1,0,0
BRDA:121,1,1,0
BRDA:123,2,0,0
BRDA:123,2,1,0
BRF:6
BRH:0
end_of_record
TN:
SF:src/pages/DataDeletionPage.jsx
FN:3,(anonymous_0)
FNF:1
FNH:0
FNDA:0,(anonymous_0)
DA:3,0
DA:4,0
LF:2
LH:0
BRF:0
BRH:0
end_of_record
TN:
SF:src/pages/HomePage.jsx
FN:3,(anonymous_0)
FN:12,(anonymous_1)
FN:13,(anonymous_2)
FN:67,(anonymous_3)
FNF:4
FNH:0
FNDA:0,(anonymous_0)
FNDA:0,(anonymous_1)
FNDA:0,(anonymous_2)
FNDA:0,(anonymous_3)
DA:3,0
DA:4,0
DA:5,0
DA:6,0
DA:9,0
DA:10,0
DA:12,0
DA:13,0
DA:14,0
DA:15,0
DA:17,0
DA:20,0
DA:23,0
DA:24,0
DA:27,0
DA:29,0
DA:32,0
DA:33,0
DA:35,0
DA:38,0
DA:40,0
DA:45,0
DA:49,0
DA:52,0
DA:54,0
DA:68,0
LF:26
LH:0
BRDA:23,0,0,0
BRDA:23,0,1,0
BRDA:32,1,0,0
BRDA:32,1,1,0
BRDA:49,2,0,0
BRDA:49,2,1,0
BRDA:52,3,0,0
BRDA:52,3,1,0
BRDA:71,4,0,0
BRDA:71,4,1,0
BRF:10
BRH:0
end_of_record
TN:
SF:src/pages/LoginPage.jsx
FNF:0
FNH:0
LF:0
LH:0
BRF:0
BRH:0
end_of_record
TN:
SF:src/pages/LoginPage_bkp_03Aug2025_0459PM.jsx
FNF:0
FNH:0
LF:0
LH:0
BRF:0
BRH:0
end_of_record
TN:
SF:src/pages/LoginPages.jsx
FN:24,(anonymous_0)
FN:38,(anonymous_1)
FN:42,(anonymous_2)
FN:46,(anonymous_3)
FN:48,(anonymous_4)
FN:49,(anonymous_5)
FN:52,(anonymous_6)
FN:65,(anonymous_7)
FN:106,(anonymous_8)
FN:145,(anonymous_9)
FN:184,(anonymous_10)
FN:215,(anonymous_11)
FN:220,(anonymous_12)
FN:256,(anonymous_13)
FN:256,(anonymous_14)
FN:260,(anonymous_15)
FN:260,(anonymous_16)
FN:261,(anonymous_17)
FN:277,(anonymous_18)
FN:295,(anonymous_19)
FN:304,(anonymous_20)
FNF:21
FNH:0
FNDA:0,(anonymous_0)
FNDA:0,(anonymous_1)
FNDA:0,(anonymous_2)
FNDA:0,(anonymous_3)
FNDA:0,(anonymous_4)
FNDA:0,(anonymous_5)
FNDA:0,(anonymous_6)
FNDA:0,(anonymous_7)
FNDA:0,(anonymous_8)
FNDA:0,(anonymous_9)
FNDA:0,(anonymous_10)
FNDA:0,(anonymous_11)
FNDA:0,(anonymous_12)
FNDA:0,(anonymous_13)
FNDA:0,(anonymous_14)
FNDA:0,(anonymous_15)
FNDA:0,(anonymous_16)
FNDA:0,(anonymous_17)
FNDA:0,(anonymous_18)
FNDA:0,(anonymous_19)
FNDA:0,(anonymous_20)
DA:24,0
DA:25,0
DA:26,0
DA:27,0
DA:28,0
DA:29,0
DA:30,0
DA:31,0
DA:32,0
DA:34,0
DA:35,0
DA:36,0
DA:38,0
DA:39,0
DA:42,0
DA:43,0
DA:46,0
DA:48,0
DA:49,0
DA:52,0
DA:53,0
DA:54,0
DA:55,0
DA:56,0
DA:57,0
DA:58,0
DA:61,0
DA:65,0
DA:66,0
DA:67,0
DA:68,0
DA:70,0
DA:71,0
DA:72,0
DA:73,0
DA:74,0
DA:75,0
DA:76,0
DA:77,0
DA:78,0
DA:79,0
DA:80,0
DA:81,0
DA:82,0
DA:83,0
DA:84,0
DA:87,0
DA:88,0
DA:89,0
DA:90,0
DA:91,0
DA:94,0
DA:95,0
DA:96,0
DA:97,0
DA:99,0
DA:100,0
DA:102,0
DA:106,0
DA:107,0
DA:109,0
DA:110,0
DA:111,0
DA:112,0
DA:115,0
DA:116,0
DA:117,0
DA:118,0
DA:121,0
DA:122,0
DA:123,0
DA:124,0
DA:125,0
DA:126,0
DA:127,0
DA:128,0
DA:130,0
DA:135,0
DA:138,0
DA:139,0
DA:141,0
DA:145,0
DA:146,0
DA:147,0
DA:148,0
DA:149,0
DA:150,0
DA:153,0
DA:155,0
DA:156,0
DA:163,0
DA:169,0
DA:171,0
DA:173,0
DA:174,0
DA:176,0
DA:179,0
DA:180,0
DA:184,0
DA:185,0
DA:186,0
DA:187,0
DA:188,0
DA:189,0
DA:191,0
DA:192,0
DA:196,0
DA:215,0
DA:220,0
DA:256,0
DA:260,0
DA:261,0
DA:277,0
DA:295,0
DA:304,0
LF:115
LH:0
BRDA:36,0,0,0
BRDA:36,0,1,0
BRDA:53,1,0,0
BRDA:53,1,1,0
BRDA:53,2,0,0
BRDA:53,2,1,0
BRDA:56,3,0,0
BRDA:56,3,1,0
BRDA:70,4,0,0
BRDA:70,4,1,0
BRDA:70,5,0,0
BRDA:70,5,1,0
BRDA:75,6,0,0
BRDA:75,6,1,0
BRDA:80,7,0,0
BRDA:80,7,1,0
BRDA:87,8,0,0
BRDA:87,8,1,0
BRDA:109,9,0,0
BRDA:109,9,1,0
BRDA:115,10,0,0
BRDA:115,10,1,0
BRDA:123,11,0,0
BRDA:123,11,1,0
BRDA:123,12,0,0
BRDA:123,12,1,0
BRDA:125,13,0,0
BRDA:125,13,1,0
BRDA:130,14,0,0
BRDA:130,14,1,0
BRDA:132,15,0,0
BRDA:132,15,1,0
BRDA:153,16,0,0
BRDA:153,16,1,0
BRDA:155,17,0,0
BRDA:155,17,1,0
BRDA:173,18,0,0
BRDA:173,18,1,0
BRDA:260,19,0,0
BRDA:260,19,1,0
BRDA:262,20,0,0
BRDA:262,20,1,0
BRDA:266,21,0,0
BRDA:266,21,1,0
BRDA:267,22,0,0
BRDA:267,22,1,0
BRDA:283,23,0,0
BRDA:283,23,1,0
BRDA:295,24,0,0
BRDA:295,24,1,0
BRDA:297,25,0,0
BRDA:297,25,1,0
BRF:52
BRH:0
end_of_record
TN:
SF:src/pages/LoginPages_bkp_03Ag2025_0458PM.jsx
FN:24,(anonymous_0)
FN:38,(anonymous_1)
FN:42,(anonymous_2)
FN:46,(anonymous_3)
FN:48,(anonymous_4)
FN:49,(anonymous_5)
FN:52,(anonymous_6)
FN:65,(anonymous_7)
FN:106,(anonymous_8)
FN:145,(anonymous_9)
FN:184,(anonymous_10)
FN:215,(anonymous_11)
FN:220,(anonymous_12)
FN:254,(anonymous_13)
FN:254,(anonymous_14)
FN:258,(anonymous_15)
FN:258,(anonymous_16)
FN:259,(anonymous_17)
FN:275,(anonymous_18)
FN:292,(anonymous_19)
FN:301,(anonymous_20)
FNF:21
FNH:0
FNDA:0,(anonymous_0)
FNDA:0,(anonymous_1)
FNDA:0,(anonymous_2)
FNDA:0,(anonymous_3)
FNDA:0,(anonymous_4)
FNDA:0,(anonymous_5)
FNDA:0,(anonymous_6)
FNDA:0,(anonymous_7)
FNDA:0,(anonymous_8)
FNDA:0,(anonymous_9)
FNDA:0,(anonymous_10)
FNDA:0,(anonymous_11)
FNDA:0,(anonymous_12)
FNDA:0,(anonymous_13)
FNDA:0,(anonymous_14)
FNDA:0,(anonymous_15)
FNDA:0,(anonymous_16)
FNDA:0,(anonymous_17)
FNDA:0,(anonymous_18)
FNDA:0,(anonymous_19)
FNDA:0,(anonymous_20)
DA:24,0
DA:25,0
DA:26,0
DA:27,0
DA:28,0
DA:29,0
DA:30,0
DA:31,0
DA:32,0
DA:34,0
DA:35,0
DA:36,0
DA:38,0
DA:39,0
DA:42,0
DA:43,0
DA:46,0
DA:48,0
DA:49,0
DA:52,0
DA:53,0
DA:54,0
DA:55,0
DA:56,0
DA:57,0
DA:58,0
DA:61,0
DA:65,0
DA:66,0
DA:67,0
DA:68,0
DA:70,0
DA:71,0
DA:72,0
DA:73,0
DA:74,0
DA:75,0
DA:76,0
DA:77,0
DA:78,0
DA:79,0
DA:80,0
DA:81,0
DA:82,0
DA:83,0
DA:84,0
DA:87,0
DA:88,0
DA:89,0
DA:90,0
DA:91,0
DA:94,0
DA:95,0
DA:96,0
DA:97,0
DA:99,0
DA:100,0
DA:102,0
DA:106,0
DA:107,0
DA:109,0
DA:110,0
DA:111,0
DA:112,0
DA:115,0
DA:116,0
DA:117,0
DA:118,0
DA:121,0
DA:122,0
DA:123,0
DA:124,0
DA:125,0
DA:126,0
DA:127,0
DA:128,0
DA:130,0
DA:135,0
DA:138,0
DA:139,0
DA:141,0
DA:145,0
DA:146,0
DA:147,0
DA:148,0
DA:149,0
DA:150,0
DA:153,0
DA:155,0
DA:156,0
DA:163,0
DA:169,0
DA:171,0
DA:173,0
DA:174,0
DA:176,0
DA:179,0
DA:180,0
DA:184,0
DA:185,0
DA:186,0
DA:187,0
DA:188,0
DA:189,0
DA:191,0
DA:192,0
DA:196,0
DA:215,0
DA:220,0
DA:254,0
DA:258,0
DA:259,0
DA:275,0
DA:292,0
DA:301,0
LF:115
LH:0
BRDA:36,0,0,0
BRDA:36,0,1,0
BRDA:53,1,0,0
BRDA:53,1,1,0
BRDA:53,2,0,0
BRDA:53,2,1,0
BRDA:56,3,0,0
BRDA:56,3,1,0
BRDA:70,4,0,0
BRDA:70,4,1,0
BRDA:70,5,0,0
BRDA:70,5,1,0
BRDA:75,6,0,0
BRDA:75,6,1,0
BRDA:80,7,0,0
BRDA:80,7,1,0
BRDA:87,8,0,0
BRDA:87,8,1,0
BRDA:109,9,0,0
BRDA:109,9,1,0
BRDA:115,10,0,0
BRDA:115,10,1,0
BRDA:123,11,0,0
BRDA:123,11,1,0
BRDA:123,12,0,0
BRDA:123,12,1,0
BRDA:125,13,0,0
BRDA:125,13,1,0
BRDA:130,14,0,0
BRDA:130,14,1,0
BRDA:132,15,0,0
BRDA:132,15,1,0
BRDA:153,16,0,0
BRDA:153,16,1,0
BRDA:155,17,0,0
BRDA:155,17,1,0
BRDA:173,18,0,0
BRDA:173,18,1,0
BRDA:258,19,0,0
BRDA:258,19,1,0
BRDA:260,20,0,0
BRDA:260,20,1,0
BRDA:264,21,0,0
BRDA:264,21,1,0
BRDA:265,22,0,0
BRDA:265,22,1,0
BRDA:280,23,0,0
BRDA:280,23,1,0
BRDA:292,24,0,0
BRDA:292,24,1,0
BRDA:294,25,0,0
BRDA:294,25,1,0
BRF:52
BRH:0
end_of_record
TN:
SF:src/pages/NotFoundPage.jsx
FN:5,(anonymous_0)
FNF:1
FNH:0
FNDA:0,(anonymous_0)
DA:5,0
DA:6,0
LF:2
LH:0
BRF:0
BRH:0
end_of_record
TN:
SF:src/pages/PrivacyPolicy.jsx
FN:3,(anonymous_0)
FNF:1
FNH:0
FNDA:0,(anonymous_0)
DA:3,0
DA:4,0
LF:2
LH:0
BRF:0
BRH:0
end_of_record
TN:
SF:src/pages/ProfilePage.jsx
FN:15,(anonymous_0)
FN:30,(anonymous_1)
FN:38,(anonymous_2)
FN:60,(anonymous_3)
FN:66,(anonymous_4)
FN:70,(anonymous_5)
FN:78,(anonymous_6)
FN:85,(anonymous_7)
FN:90,(anonymous_8)
FN:94,(anonymous_9)
FN:100,(anonymous_10)
FN:103,(anonymous_11)
FN:107,(anonymous_12)
FN:144,(anonymous_13)
FN:177,(anonymous_14)
FN:188,(anonymous_15)
FN:195,(anonymous_16)
FN:215,(anonymous_17)
FN:226,(anonymous_18)
FN:237,(anonymous_19)
FN:246,(anonymous_20)
FN:254,(anonymous_21)
FNF:22
FNH:0
FNDA:0,(anonymous_0)
FNDA:0,(anonymous_1)
FNDA:0,(anonymous_2)
FNDA:0,(anonymous_3)
FNDA:0,(anonymous_4)
FNDA:0,(anonymous_5)
FNDA:0,(anonymous_6)
FNDA:0,(anonymous_7)
FNDA:0,(anonymous_8)
FNDA:0,(anonymous_9)
FNDA:0,(anonymous_10)
FNDA:0,(anonymous_11)
FNDA:0,(anonymous_12)
FNDA:0,(anonymous_13)
FNDA:0,(anonymous_14)
FNDA:0,(anonymous_15)
FNDA:0,(anonymous_16)
FNDA:0,(anonymous_17)
FNDA:0,(anonymous_18)
FNDA:0,(anonymous_19)
FNDA:0,(anonymous_20)
FNDA:0,(anonymous_21)
DA:13,0
DA:15,0
DA:16,0
DA:17,0
DA:18,0
DA:19,0
DA:20,0
DA:21,0
DA:22,0
DA:23,0
DA:24,0
DA:25,0
DA:26,0
DA:27,0
DA:28,0
DA:30,0
DA:31,0
DA:32,0
DA:38,0
DA:39,0
DA:40,0
DA:41,0
DA:42,0
DA:43,0
DA:45,0
DA:46,0
DA:47,0
DA:49,0
DA:50,0
DA:51,0
DA:53,0
DA:54,0
DA:56,0
DA:60,0
DA:61,0
DA:62,0
DA:63,0
DA:66,0
DA:67,0
DA:68,0
DA:69,0
DA:70,0
DA:71,0
DA:72,0
DA:74,0
DA:78,0
DA:79,0
DA:80,0
DA:81,0
DA:85,0
DA:86,0
DA:89,0
DA:91,0
DA:92,0
DA:95,0
DA:100,0
DA:101,0
DA:102,0
DA:104,0
DA:105,0
DA:108,0
DA:112,0
DA:113,0
DA:116,0
DA:117,0
DA:119,0
DA:144,0
DA:177,0
DA:188,0
DA:195,0
DA:215,0
DA:226,0
DA:237,0
DA:246,0
DA:254,0
LF:75
LH:0
BRDA:19,0,0,0
BRDA:19,0,1,0
BRDA:31,1,0,0
BRDA:31,1,1,0
BRDA:32,2,0,0
BRDA:32,2,1,0
BRDA:40,3,0,0
BRDA:40,3,1,0
BRDA:42,4,0,0
BRDA:42,4,1,0
BRDA:42,5,0,0
BRDA:42,5,1,0
BRDA:45,6,0,0
BRDA:45,6,1,0
BRDA:49,7,0,0
BRDA:49,7,1,0
BRDA:68,8,0,0
BRDA:68,8,1,0
BRDA:112,9,0,0
BRDA:112,9,1,0
BRDA:116,10,0,0
BRDA:116,10,1,0
BRDA:128,11,0,0
BRDA:128,11,1,0
BRDA:128,12,0,0
BRDA:128,12,1,0
BRDA:128,13,0,0
BRDA:128,13,1,0
BRDA:128,13,2,0
BRDA:133,14,0,0
BRDA:133,14,1,0
BRDA:138,15,0,0
BRDA:138,15,1,0
BRDA:141,16,0,0
BRDA:141,16,1,0
BRDA:142,17,0,0
BRDA:142,17,1,0
BRDA:153,18,0,0
BRDA:153,18,1,0
BRDA:155,19,0,0
BRDA:155,19,1,0
BRDA:176,20,0,0
BRDA:176,20,1,0
BRDA:178,21,0,0
BRDA:178,21,1,0
BRDA:203,22,0,0
BRDA:203,22,1,0
BRF:47
BRH:0
end_of_record
TN:
SF:src/pages/RegisterPage.jsx
FN:7,(anonymous_0)
FN:15,(anonymous_1)
FN:46,(anonymous_2)
FN:54,(anonymous_3)
FN:63,(anonymous_4)
FN:67,(anonymous_5)
FNF:6
FNH:0
FNDA:0,(anonymous_0)
FNDA:0,(anonymous_1)
FNDA:0,(anonymous_2)
FNDA:0,(anonymous_3)
FNDA:0,(anonymous_4)
FNDA:0,(anonymous_5)
DA:7,0
DA:8,0
DA:9,0
DA:10,0
DA:11,0
DA:12,0
DA:13,0
DA:15,0
DA:16,0
DA:17,0
DA:18,0
DA:21,0
DA:22,0
DA:23,0
DA:24,0
DA:26,0
DA:30,0
DA:46,0
DA:54,0
DA:63,0
DA:67,0
LF:21
LH:0
BRDA:16,0,0,0
BRDA:16,0,1,0
BRDA:16,1,0,0
BRDA:16,1,1,0
BRDA:16,1,2,0
BRDA:35,2,0,0
BRDA:35,2,1,0
BRDA:59,3,0,0
BRDA:59,3,1,0
BRDA:69,4,0,0
BRDA:69,4,1,0
BRF:11
BRH:0
end_of_record
TN:
SF:src/pages/ScrollProgressBar.jsx
FN:4,(anonymous_0)
FN:7,(anonymous_1)
FN:14,(anonymous_2)
FN:16,(anonymous_3)
FNF:4
FNH:0
FNDA:0,(anonymous_0)
FNDA:0,(anonymous_1)
FNDA:0,(anonymous_2)
FNDA:0,(anonymous_3)
DA:4,0
DA:5,0
DA:7,0
DA:8,0
DA:9,0
DA:10,0
DA:11,0
DA:14,0
DA:15,0
DA:16,0
DA:19,0
LF:11
LH:0
BRDA:8,0,0,0
BRDA:8,0,1,0
BRF:2
BRH:0
end_of_record
TN:
SF:src/pages/ScrollToTop.jsx
FN:5,(anonymous_0)
FN:8,(anonymous_1)
FN:9,(anonymous_2)
FN:16,(anonymous_3)
FN:19,(anonymous_4)
FNF:5
FNH:0
FNDA:0,(anonymous_0)
FNDA:0,(anonymous_1)
FNDA:0,(anonymous_2)
FNDA:0,(anonymous_3)
FNDA:0,(anonymous_4)
DA:5,0
DA:6,0
DA:8,0
DA:9,0
DA:10,0
DA:11,0
DA:12,0
DA:15,0
DA:16,0
DA:19,0
DA:20,0
DA:23,0
LF:12
LH:0
BRDA:26,0,0,0
BRDA:26,0,1,0
BRF:2
BRH:0
end_of_record
TN:
SF:src/pages/ScrollToTopButton.jsx
FNF:0
FNH:0
LF:0
LH:0
BRF:0
BRH:0
end_of_record
TN:
SF:src/pages/SettingsPage.jsx
FN:23,(anonymous_0)
FN:58,(anonymous_1)
FN:67,(anonymous_2)
FN:82,(anonymous_3)
FN:94,(anonymous_4)
FN:102,(anonymous_5)
FN:105,(anonymous_6)
FN:109,(anonymous_7)
FN:113,(anonymous_8)
FN:136,(anonymous_9)
FN:144,(anonymous_10)
FN:148,(anonymous_11)
FN:149,(anonymous_12)
FN:158,(anonymous_13)
FN:162,(anonymous_14)
FN:163,(anonymous_15)
FN:172,(anonymous_16)
FN:186,(anonymous_17)
FN:202,(anonymous_18)
FN:208,(anonymous_19)
FN:214,(anonymous_20)
FN:230,(anonymous_21)
FN:232,(anonymous_22)
FN:248,(anonymous_23)
FN:272,(anonymous_24)
FN:289,(anonymous_25)
FN:345,(anonymous_26)
FN:380,(anonymous_27)
FN:423,(anonymous_28)
FN:447,(anonymous_29)
FN:500,(anonymous_30)
FN:507,(anonymous_31)
FN:556,(anonymous_32)
FN:601,(anonymous_33)
FN:610,(anonymous_34)
FN:619,(anonymous_35)
FN:662,(anonymous_36)
FN:678,(anonymous_37)
FN:694,(anonymous_38)
FN:716,(anonymous_39)
FN:734,(anonymous_40)
FN:750,(anonymous_41)
FN:775,(anonymous_42)
FN:788,(anonymous_43)
FN:805,(anonymous_44)
FN:930,(anonymous_45)
FN:979,(anonymous_46)
FN:1002,(anonymous_47)
FN:1031,(anonymous_48)
FN:1052,(anonymous_49)
FN:1074,(anonymous_50)
FNF:51
FNH:0
FNDA:0,(anonymous_0)
FNDA:0,(anonymous_1)
FNDA:0,(anonymous_2)
FNDA:0,(anonymous_3)
FNDA:0,(anonymous_4)
FNDA:0,(anonymous_5)
FNDA:0,(anonymous_6)
FNDA:0,(anonymous_7)
FNDA:0,(anonymous_8)
FNDA:0,(anonymous_9)
FNDA:0,(anonymous_10)
FNDA:0,(anonymous_11)
FNDA:0,(anonymous_12)
FNDA:0,(anonymous_13)
FNDA:0,(anonymous_14)
FNDA:0,(anonymous_15)
FNDA:0,(anonymous_16)
FNDA:0,(anonymous_17)
FNDA:0,(anonymous_18)
FNDA:0,(anonymous_19)
FNDA:0,(anonymous_20)
FNDA:0,(anonymous_21)
FNDA:0,(anonymous_22)
FNDA:0,(anonymous_23)
FNDA:0,(anonymous_24)
FNDA:0,(anonymous_25)
FNDA:0,(anonymous_26)
FNDA:0,(anonymous_27)
FNDA:0,(anonymous_28)
FNDA:0,(anonymous_29)
FNDA:0,(anonymous_30)
FNDA:0,(anonymous_31)
FNDA:0,(anonymous_32)
FNDA:0,(anonymous_33)
FNDA:0,(anonymous_34)
FNDA:0,(anonymous_35)
FNDA:0,(anonymous_36)
FNDA:0,(anonymous_37)
FNDA:0,(anonymous_38)
FNDA:0,(anonymous_39)
FNDA:0,(anonymous_40)
FNDA:0,(anonymous_41)
FNDA:0,(anonymous_42)
FNDA:0,(anonymous_43)
FNDA:0,(anonymous_44)
FNDA:0,(anonymous_45)
FNDA:0,(anonymous_46)
FNDA:0,(anonymous_47)
FNDA:0,(anonymous_48)
FNDA:0,(anonymous_49)
FNDA:0,(anonymous_50)
DA:21,0
DA:23,0
DA:24,0
DA:26,0
DA:27,0
DA:28,0
DA:29,0
DA:46,0
DA:47,0
DA:48,0
DA:49,0
DA:50,0
DA:51,0
DA:52,0
DA:53,0
DA:54,0
DA:56,0
DA:58,0
DA:59,0
DA:60,0
DA:61,0
DA:64,0
DA:65,0
DA:67,0
DA:68,0
DA:73,0
DA:74,0
DA:75,0
DA:76,0
DA:78,0
DA:79,0
DA:82,0
DA:83,0
DA:84,0
DA:85,0
DA:86,0
DA:87,0
DA:88,0
DA:89,0
DA:90,0
DA:94,0
DA:97,0
DA:98,0
DA:102,0
DA:103,0
DA:104,0
DA:105,0
DA:109,0
DA:110,0
DA:113,0
DA:114,0
DA:116,0
DA:117,0
DA:118,0
DA:121,0
DA:122,0
DA:123,0
DA:124,0
DA:125,0
DA:126,0
DA:128,0
DA:136,0
DA:137,0
DA:138,0
DA:139,0
DA:144,0
DA:145,0
DA:148,0
DA:149,0
DA:151,0
DA:153,0
DA:158,0
DA:159,0
DA:162,0
DA:163,0
DA:166,0
DA:168,0
DA:172,0
DA:173,0
DA:174,0
DA:181,0
DA:184,0
DA:185,0
DA:186,0
DA:190,0
DA:193,0
DA:203,0
DA:208,0
DA:209,0
DA:212,0
DA:213,0
DA:214,0
DA:218,0
DA:221,0
DA:231,0
DA:233,0
DA:238,0
DA:248,0
DA:249,0
DA:250,0
DA:251,0
DA:261,0
DA:262,0
DA:263,0
DA:264,0
DA:267,0
DA:272,0
DA:273,0
DA:274,0
DA:275,0
DA:276,0
DA:277,0
DA:278,0
DA:279,0
DA:281,0
DA:290,0
DA:291,0
DA:292,0
DA:294,0
DA:295,0
DA:296,0
DA:299,0
DA:300,0
DA:301,0
DA:304,0
DA:305,0
DA:306,0
DA:309,0
DA:315,0
DA:317,0
DA:318,0
DA:321,0
DA:323,0
DA:332,0
DA:333,0
DA:334,0
DA:335,0
DA:337,0
DA:340,0
DA:345,0
DA:346,0
DA:347,0
DA:357,0
DA:358,0
DA:359,0
DA:360,0
DA:361,0
DA:362,0
DA:364,0
DA:365,0
DA:372,0
DA:375,0
DA:380,0
DA:381,0
DA:382,0
DA:383,0
DA:384,0
DA:385,0
DA:386,0
DA:387,0
DA:390,0
DA:391,0
DA:392,0
DA:393,0
DA:395,0
DA:396,0
DA:397,0
DA:400,0
DA:411,0
DA:412,0
DA:424,0
DA:425,0
DA:429,0
DA:430,0
DA:431,0
DA:432,0
DA:433,0
DA:434,0
DA:435,0
DA:436,0
DA:440,0
DA:442,0
DA:447,0
DA:448,0
DA:450,0
DA:451,0
DA:461,0
DA:462,0
DA:463,0
DA:465,0
DA:466,0
DA:467,0
DA:468,0
DA:469,0
DA:470,0
DA:471,0
DA:473,0
DA:481,0
DA:482,0
DA:487,0
DA:495,0
DA:496,0
DA:497,0
DA:500,0
DA:501,0
DA:502,0
DA:508,0
DA:509,0
DA:510,0
DA:511,0
DA:512,0
DA:514,0
DA:515,0
DA:516,0
DA:518,0
DA:519,0
DA:520,0
DA:522,0
DA:531,0
DA:532,0
DA:533,0
DA:534,0
DA:535,0
DA:536,0
DA:539,0
DA:540,0
DA:541,0
DA:542,0
DA:544,0
DA:549,0
DA:550,0
DA:556,0
DA:566,0
DA:567,0
DA:577,0
DA:579,0
DA:602,0
DA:603,0
DA:611,0
DA:612,0
DA:620,0
DA:621,0
DA:662,0
DA:678,0
DA:694,0
DA:716,0
DA:734,0
DA:750,0
DA:775,0
DA:788,0
DA:805,0
DA:930,0
DA:979,0
DA:1002,0
DA:1032,0
DA:1033,0
DA:1034,0
DA:1035,0
DA:1052,0
DA:1074,0
LF:260
LH:0
BRDA:54,0,0,0
BRDA:54,0,1,0
BRDA:54,0,2,0
BRDA:64,1,0,0
BRDA:64,1,1,0
BRDA:73,2,0,0
BRDA:73,2,1,0
BRDA:76,3,0,0
BRDA:76,3,1,0
BRDA:84,4,0,0
BRDA:84,4,1,0
BRDA:84,5,0,0
BRDA:84,5,1,0
BRDA:88,6,0,0
BRDA:88,6,1,0
BRDA:103,7,0,0
BRDA:103,7,1,0
BRDA:105,8,0,0
BRDA:105,8,1,0
BRDA:109,9,0,0
BRDA:109,9,1,0
BRDA:109,10,0,0
BRDA:109,10,1,0
BRDA:114,11,0,0
BRDA:114,11,1,0
BRDA:116,12,0,0
BRDA:116,12,1,0
BRDA:122,13,0,0
BRDA:122,13,1,0
BRDA:137,14,0,0
BRDA:137,14,1,0
BRDA:145,15,0,0
BRDA:145,15,1,0
BRDA:146,16,0,0
BRDA:146,16,1,0
BRDA:146,16,2,0
BRDA:146,16,3,0
BRDA:159,17,0,0
BRDA:159,17,1,0
BRDA:160,18,0,0
BRDA:160,18,1,0
BRDA:160,18,2,0
BRDA:160,18,3,0
BRDA:160,18,4,0
BRDA:184,19,0,0
BRDA:184,19,1,0
BRDA:212,20,0,0
BRDA:212,20,1,0
BRDA:252,21,0,0
BRDA:252,21,1,0
BRDA:253,22,0,0
BRDA:253,22,1,0
BRDA:254,23,0,0
BRDA:254,23,1,0
BRDA:256,24,0,0
BRDA:256,24,1,0
BRDA:261,25,0,0
BRDA:261,25,1,0
BRDA:264,26,0,0
BRDA:264,26,1,0
BRDA:275,27,0,0
BRDA:275,27,1,0
BRDA:294,28,0,0
BRDA:294,28,1,0
BRDA:294,29,0,0
BRDA:294,29,1,0
BRDA:294,29,2,0
BRDA:299,30,0,0
BRDA:299,30,1,0
BRDA:304,31,0,0
BRDA:304,31,1,0
BRDA:315,32,0,0
BRDA:315,32,1,0
BRDA:332,33,0,0
BRDA:332,33,1,0
BRDA:334,34,0,0
BRDA:334,34,1,0
BRDA:337,35,0,0
BRDA:337,35,1,0
BRDA:357,36,0,0
BRDA:357,36,1,0
BRDA:358,37,0,0
BRDA:358,37,1,0
BRDA:375,38,0,0
BRDA:375,38,1,0
BRDA:383,39,0,0
BRDA:383,39,1,0
BRDA:390,40,0,0
BRDA:390,40,1,0
BRDA:411,41,0,0
BRDA:411,41,1,0
BRDA:424,42,0,0
BRDA:424,42,1,0
BRDA:429,43,0,0
BRDA:429,43,1,0
BRDA:440,44,0,0
BRDA:440,44,1,0
BRDA:458,45,0,0
BRDA:458,45,1,0
BRDA:487,46,0,0
BRDA:487,46,1,0
BRDA:510,47,0,0
BRDA:510,47,1,0
BRDA:510,48,0,0
BRDA:510,48,1,0
BRDA:514,49,0,0
BRDA:514,49,1,0
BRDA:518,50,0,0
BRDA:518,50,1,0
BRDA:531,51,0,0
BRDA:531,51,1,0
BRDA:539,52,0,0
BRDA:539,52,1,0
BRDA:541,53,0,0
BRDA:541,53,1,0
BRDA:544,54,0,0
BRDA:544,54,1,0
BRDA:549,55,0,0
BRDA:549,55,1,0
BRDA:566,56,0,0
BRDA:566,56,1,0
BRDA:630,57,0,0
BRDA:630,57,1,0
BRDA:637,58,0,0
BRDA:637,58,1,0
BRDA:829,59,0,0
BRDA:829,59,1,0
BRDA:833,60,0,0
BRDA:833,60,1,0
BRDA:837,61,0,0
BRDA:837,61,1,0
BRDA:845,62,0,0
BRDA:845,62,1,0
BRDA:857,63,0,0
BRDA:857,63,1,0
BRDA:882,64,0,0
BRDA:882,64,1,0
BRDA:884,65,0,0
BRDA:884,65,1,0
BRDA:884,66,0,0
BRDA:884,66,1,0
BRDA:884,67,0,0
BRDA:884,67,1,0
BRDA:895,68,0,0
BRDA:895,68,1,0
BRDA:896,69,0,0
BRDA:896,69,1,0
BRDA:909,70,0,0
BRDA:909,70,1,0
BRDA:969,71,0,0
BRDA:969,71,1,0
BRDA:989,72,0,0
BRDA:989,72,1,0
BRDA:1013,73,0,0
BRDA:1013,73,1,0
BRDA:1017,74,0,0
BRDA:1017,74,1,0
BRDA:1021,75,0,0
BRDA:1021,75,1,0
BRDA:1047,76,0,0
BRDA:1047,76,1,0
BRDA:1069,77,0,0
BRDA:1069,77,1,0
BRDA:1080,78,0,0
BRDA:1080,78,1,0
BRF:165
BRH:0
end_of_record
TN:
SF:src/pages/TermsPage.jsx
FN:5,(anonymous_0)
FNF:1
FNH:0
FNDA:0,(anonymous_0)
DA:5,0
DA:6,0
LF:2
LH:0
BRF:0
BRH:0
end_of_record
TN:
SF:src/pages/ThankYouPage.jsx
FN:4,(anonymous_0)
FNF:1
FNH:0
FNDA:0,(anonymous_0)
DA:4,0
DA:5,0
LF:2
LH:0
BRF:0
BRH:0
end_of_record
TN:
SF:src/pages/admin/ActivityFeed.js
FN:5,(anonymous_0)
FN:8,(anonymous_1)
FN:11,(anonymous_2)
FN:12,(anonymous_3)
FN:19,(anonymous_4)
FNF:5
FNH:0
FNDA:0,(anonymous_0)
FNDA:0,(anonymous_1)
FNDA:0,(anonymous_2)
FNDA:0,(anonymous_3)
FNDA:0,(anonymous_4)
DA:5,0
DA:6,0
DA:8,0
DA:9,0
DA:11,0
DA:12,0
DA:15,0
DA:20,0
LF:8
LH:0
BRDA:25,0,0,0
BRDA:25,0,1,0
BRF:2
BRH:0
end_of_record
TN:
SF:src/pages/admin/AuditLogs.js
FN:4,(anonymous_0)
FN:7,(anonymous_1)
FN:10,(anonymous_2)
FN:28,(anonymous_3)
FNF:4
FNH:0
FNDA:0,(anonymous_0)
FNDA:0,(anonymous_1)
FNDA:0,(anonymous_2)
FNDA:0,(anonymous_3)
DA:4,0
DA:5,0
DA:7,0
DA:8,0
DA:10,0
DA:14,0
DA:29,0
LF:7
LH:0
BRF:0
BRH:0
end_of_record
TN:
SF:src/pages/admin/ExportLogs.js
FN:6,(anonymous_0)
FN:7,(anonymous_1)
FN:14,(anonymous_2)
FN:17,(anonymous_3)
FNF:4
FNH:0
FNDA:0,(anonymous_0)
FNDA:0,(anonymous_1)
FNDA:0,(anonymous_2)
FNDA:0,(anonymous_3)
DA:6,0
DA:7,0
DA:8,0
DA:11,0
DA:14,0
DA:17,0
LF:6
LH:0
BRF:0
BRH:0
end_of_record
TN:
SF:src/pages/admin/LoginLogsPanel.jsx
FN:8,(anonymous_0)
FN:13,(anonymous_1)
FN:26,(anonymous_2)
FN:32,(anonymous_3)
FN:56,(anonymous_4)
FN:68,(anonymous_5)
FN:68,(anonymous_6)
FN:74,(anonymous_7)
FN:74,(anonymous_8)
FN:85,(anonymous_9)
FN:86,(anonymous_10)
FN:107,(anonymous_11)
FN:107,(anonymous_12)
FNF:13
FNH:0
FNDA:0,(anonymous_0)
FNDA:0,(anonymous_1)
FNDA:0,(anonymous_2)
FNDA:0,(anonymous_3)
FNDA:0,(anonymous_4)
FNDA:0,(anonymous_5)
FNDA:0,(anonymous_6)
FNDA:0,(anonymous_7)
FNDA:0,(anonymous_8)
FNDA:0,(anonymous_9)
FNDA:0,(anonymous_10)
FNDA:0,(anonymous_11)
FNDA:0,(anonymous_12)
DA:6,0
DA:8,0
DA:9,0
DA:10,0
DA:11,0
DA:13,0
DA:14,0
DA:15,0
DA:25,0
DA:26,0
DA:28,0
DA:32,0
DA:33,0
DA:36,0
DA:56,0
DA:60,0
DA:68,0
DA:74,0
DA:86,0
DA:107,0
LF:20
LH:0
BRDA:73,0,0,0
BRDA:73,0,1,0
BRDA:88,1,0,0
BRDA:88,1,1,0
BRF:4
BRH:0
end_of_record
TN:
SF:src/pages/admin/LoginLogsStats.jsx
FN:7,(anonymous_0)
FN:10,(anonymous_1)
FN:12,(anonymous_2)
FN:13,(anonymous_3)
FN:41,(anonymous_4)
FNF:5
FNH:0
FNDA:0,(anonymous_0)
FNDA:0,(anonymous_1)
FNDA:0,(anonymous_2)
FNDA:0,(anonymous_3)
FNDA:0,(anonymous_4)
DA:7,0
DA:8,0
DA:10,0
DA:11,0
DA:12,0
DA:13,0
DA:16,0
DA:18,0
DA:42,0
LF:9
LH:0
BRDA:16,0,0,0
BRDA:16,0,1,0
BRF:2
BRH:0
end_of_record
TN:
SF:src/pages/admin/Users.js
FN:6,(anonymous_0)
FNF:1
FNH:0
FNDA:0,(anonymous_0)
DA:6,0
DA:7,0
DA:8,0
DA:9,0
DA:11,0
LF:5
LH:0
BRF:0
BRH:0
end_of_record
TN:
SF:src/routes/ProtectedAdminRoute.jsx
FN:6,(anonymous_0)
FNF:1
FNH:1
FNDA:2,(anonymous_0)
DA:6,1
DA:7,2
DA:8,2
DA:10,2
DA:11,0
DA:22,2
DA:23,1
DA:26,1
LF:8
LH:7
BRDA:10,0,0,0
BRDA:10,0,1,2
BRDA:22,1,0,1
BRDA:22,1,1,1
BRF:4
BRH:3
end_of_record
TN:
SF:src/routes/ProtectedRoute.js
FN:7,(anonymous_0)
FN:12,(anonymous_1)
FNF:2
FNH:0
FNDA:0,(anonymous_0)
FNDA:0,(anonymous_1)
DA:7,0
DA:8,0
DA:9,0
DA:10,0
DA:12,0
DA:14,0
DA:15,0
DA:19,0
DA:20,0
DA:27,0
DA:28,0
DA:31,0
DA:32,0
DA:35,0
LF:14
LH:0
BRDA:7,0,0,0
BRDA:14,1,0,0
BRDA:14,1,1,0
BRDA:19,2,0,0
BRDA:19,2,1,0
BRDA:27,3,0,0
BRDA:27,3,1,0
BRDA:27,4,0,0
BRDA:27,4,1,0
BRDA:31,5,0,0
BRDA:31,5,1,0
BRDA:31,6,0,0
BRDA:31,6,1,0
BRF:13
BRH:0
end_of_record
TN:
SF:src/services/adminService.js
FN:15,(anonymous_0)
FN:33,(anonymous_1)
FN:62,(anonymous_2)
FN:90,(anonymous_3)
FN:118,(anonymous_4)
FN:140,(anonymous_5)
FN:161,(anonymous_6)
FN:182,(anonymous_7)
FN:210,(anonymous_8)
FNF:9
FNH:0
FNDA:0,(anonymous_0)
FNDA:0,(anonymous_1)
FNDA:0,(anonymous_2)
FNDA:0,(anonymous_3)
FNDA:0,(anonymous_4)
FNDA:0,(anonymous_5)
FNDA:0,(anonymous_6)
FNDA:0,(anonymous_7)
FNDA:0,(anonymous_8)
DA:10,0
DA:15,0
DA:16,0
DA:17,0
DA:18,0
DA:21,0
DA:22,0
DA:33,0
DA:34,0
DA:35,0
DA:37,0
DA:43,0
DA:45,0
DA:46,0
DA:49,0
DA:50,0
DA:52,0
DA:53,0
DA:62,0
DA:63,0
DA:64,0
DA:66,0
DA:72,0
DA:74,0
DA:75,0
DA:78,0
DA:79,0
DA:81,0
DA:82,0
DA:90,0
DA:91,0
DA:92,0
DA:94,0
DA:99,0
DA:101,0
DA:102,0
DA:105,0
DA:106,0
DA:108,0
DA:109,0
DA:118,0
DA:119,0
DA:120,0
DA:121,0
DA:122,0
DA:126,0
DA:128,0
DA:129,0
DA:131,0
DA:132,0
DA:140,0
DA:141,0
DA:142,0
DA:143,0
DA:144,0
DA:147,0
DA:148,0
DA:150,0
DA:152,0
DA:153,0
DA:161,0
DA:162,0
DA:163,0
DA:164,0
DA:165,0
DA:168,0
DA:169,0
DA:171,0
DA:173,0
DA:174,0
DA:182,0
DA:183,0
DA:184,0
DA:186,0
DA:194,0
DA:195,0
DA:196,0
DA:199,0
DA:201,0
DA:202,0
DA:210,0
DA:211,0
DA:212,0
DA:214,0
DA:222,0
DA:223,0
DA:224,0
DA:227,0
DA:229,0
DA:230,0
LF:90
LH:0
BRDA:10,0,0,0
BRDA:10,0,1,0
BRDA:17,1,0,0
BRDA:17,1,1,0
BRDA:45,2,0,0
BRDA:45,2,1,0
BRDA:46,3,0,0
BRDA:46,3,1,0
BRDA:74,4,0,0
BRDA:74,4,1,0
BRDA:75,5,0,0
BRDA:75,5,1,0
BRDA:101,6,0,0
BRDA:101,6,1,0
BRDA:102,7,0,0
BRDA:102,7,1,0
BRDA:121,8,0,0
BRDA:121,8,1,0
BRDA:143,9,0,0
BRDA:143,9,1,0
BRDA:148,10,0,0
BRDA:148,10,1,0
BRDA:164,11,0,0
BRDA:164,11,1,0
BRDA:169,12,0,0
BRDA:169,12,1,0
BRDA:171,13,0,0
BRDA:171,13,1,0
BRDA:194,14,0,0
BRDA:194,14,1,0
BRDA:196,15,0,0
BRDA:196,15,1,0
BRDA:222,16,0,0
BRDA:222,16,1,0
BRDA:224,17,0,0
BRDA:224,17,1,0
BRF:36
BRH:0
end_of_record
TN:
SF:src/utils/analytics.js
FN:3,(anonymous_0)
FN:7,(anonymous_1)
FN:11,(anonymous_2)
FNF:3
FNH:0
FNDA:0,(anonymous_0)
FNDA:0,(anonymous_1)
FNDA:0,(anonymous_2)
DA:3,0
DA:4,0
DA:7,0
DA:8,0
DA:11,0
DA:12,0
LF:6
LH:0
BRF:0
BRH:0
end_of_record
TN:
SF:src/utils/checkAdminRoles.js
FN:23,(anonymous_0)
FNF:1
FNH:0
FNDA:0,(anonymous_0)
DA:23,0
DA:24,0
DA:25,0
DA:32,0
DA:33,0
DA:35,0
DA:36,0
LF:7
LH:0
BRF:0
BRH:0
end_of_record
TN:
SF:src/utils/exportToPDF.js
FN:4,(anonymous_0)
FN:6,(anonymous_1)
FNF:2
FNH:0
FNDA:0,(anonymous_0)
FNDA:0,(anonymous_1)
DA:4,0
DA:5,0
DA:6,0
DA:13,0
DA:14,0
DA:20,0
LF:6
LH:0
BRF:0
BRH:0
end_of_record
TN:
SF:src/utils/googlePlaces.jsx
FN:6,(anonymous_0)
FNF:1
FNH:0
FNDA:0,(anonymous_0)
DA:4,0
DA:6,0
DA:7,0
DA:8,0
DA:15,0
DA:17,0
DA:18,0
LF:7
LH:0
BRF:0
BRH:0
end_of_record
TN:
SF:src/utils/logLogin.jsx
FN:3,(anonymous_0)
FNF:1
FNH:0
FNDA:0,(anonymous_0)
DA:3,0
DA:4,0
DA:5,0
DA:17,0
LF:4
LH:0
BRDA:7,0,0,0
BRDA:7,0,1,0
BRDA:8,1,0,0
BRDA:8,1,1,0
BRDA:9,2,0,0
BRDA:9,2,1,0
BRDA:10,3,0,0
BRDA:10,3,1,0
BRDA:11,4,0,0
BRDA:11,4,1,0
BRDA:12,5,0,0
BRDA:12,5,1,0
BRDA:13,6,0,0
BRDA:13,6,1,0
BRF:14
BRH:0
end_of_record
