{"/Users/atuldhakad/Documents/Projects/New Coaching FInder/Coaching_Finder-main/backend/controllers/adminController.js": {"path":"/Users/atuldhakad/Documents/Projects/New Coaching FInder/Coaching_Finder-main/backend/controllers/adminController.js","statementMap":{"0":{"start":{"line":2,"column":14},"end":{"line":2,"column":39}},"1":{"start":{"line":3,"column":13},"end":{"line":3,"column":38}},"2":{"start":{"line":5,"column":15},"end":{"line":5,"column":41}},"3":{"start":{"line":8,"column":17},"end":{"line":8,"column":46}},"4":{"start":{"line":10,"column":27},"end":{"line":21,"column":1}},"5":{"start":{"line":12,"column":4},"end":{"line":15,"column":8}},"6":{"start":{"line":17,"column":20},"end":{"line":17,"column":53}},"7":{"start":{"line":18,"column":22},"end":{"line":18,"column":65}},"8":{"start":{"line":20,"column":2},"end":{"line":20,"column":40}},"9":{"start":{"line":23,"column":24},"end":{"line":62,"column":1}},"10":{"start":{"line":24,"column":18},"end":{"line":24,"column":26}},"11":{"start":{"line":25,"column":19},"end":{"line":25,"column":32}},"12":{"start":{"line":27,"column":2},"end":{"line":29,"column":3}},"13":{"start":{"line":28,"column":4},"end":{"line":28,"column":68}},"14":{"start":{"line":31,"column":2},"end":{"line":33,"column":3}},"15":{"start":{"line":32,"column":4},"end":{"line":32,"column":91}},"16":{"start":{"line":35,"column":2},"end":{"line":61,"column":3}},"17":{"start":{"line":36,"column":20},"end":{"line":36,"column":47}},"18":{"start":{"line":37,"column":4},"end":{"line":39,"column":5}},"19":{"start":{"line":38,"column":6},"end":{"line":38,"column":69}},"20":{"start":{"line":41,"column":4},"end":{"line":41,"column":65}},"21":{"start":{"line":42,"column":4},"end":{"line":42,"column":70}},"22":{"start":{"line":44,"column":24},"end":{"line":44,"column":47}},"23":{"start":{"line":45,"column":4},"end":{"line":55,"column":7}},"24":{"start":{"line":57,"column":4},"end":{"line":57,"column":83}},"25":{"start":{"line":59,"column":4},"end":{"line":59,"column":66}},"26":{"start":{"line":60,"column":4},"end":{"line":60,"column":74}},"27":{"start":{"line":64,"column":24},"end":{"line":104,"column":1}},"28":{"start":{"line":65,"column":18},"end":{"line":65,"column":26}},"29":{"start":{"line":66,"column":19},"end":{"line":66,"column":32}},"30":{"start":{"line":68,"column":2},"end":{"line":70,"column":3}},"31":{"start":{"line":69,"column":4},"end":{"line":69,"column":68}},"32":{"start":{"line":72,"column":2},"end":{"line":74,"column":3}},"33":{"start":{"line":73,"column":4},"end":{"line":73,"column":91}},"34":{"start":{"line":76,"column":2},"end":{"line":103,"column":3}},"35":{"start":{"line":77,"column":20},"end":{"line":77,"column":47}},"36":{"start":{"line":78,"column":4},"end":{"line":80,"column":5}},"37":{"start":{"line":79,"column":6},"end":{"line":79,"column":69}},"38":{"start":{"line":82,"column":4},"end":{"line":82,"column":66}},"39":{"start":{"line":83,"column":4},"end":{"line":83,"column":69}},"40":{"start":{"line":85,"column":24},"end":{"line":85,"column":47}},"41":{"start":{"line":86,"column":4},"end":{"line":97,"column":7}},"42":{"start":{"line":99,"column":4},"end":{"line":99,"column":83}},"43":{"start":{"line":101,"column":4},"end":{"line":101,"column":66}},"44":{"start":{"line":102,"column":4},"end":{"line":102,"column":74}},"45":{"start":{"line":107,"column":24},"end":{"line":132,"column":1}},"46":{"start":{"line":108,"column":15},"end":{"line":108,"column":46}},"47":{"start":{"line":109,"column":16},"end":{"line":109,"column":49}},"48":{"start":{"line":111,"column":2},"end":{"line":131,"column":3}},"49":{"start":{"line":112,"column":17},"end":{"line":115,"column":19}},"50":{"start":{"line":117,"column":18},"end":{"line":117,"column":49}},"51":{"start":{"line":119,"column":4},"end":{"line":127,"column":7}},"52":{"start":{"line":129,"column":4},"end":{"line":129,"column":68}},"53":{"start":{"line":130,"column":4},"end":{"line":130,"column":69}},"54":{"start":{"line":134,"column":0},"end":{"line":138,"column":2}},"55":{"start":{"line":140,"column":0},"end":{"line":140,"column":55}}},"fnMap":{"0":{"name":"(anonymous_0)","decl":{"start":{"line":10,"column":27},"end":{"line":10,"column":28}},"loc":{"start":{"line":10,"column":36},"end":{"line":21,"column":1}},"line":10},"1":{"name":"(anonymous_1)","decl":{"start":{"line":23,"column":24},"end":{"line":23,"column":25}},"loc":{"start":{"line":23,"column":44},"end":{"line":62,"column":1}},"line":23},"2":{"name":"(anonymous_2)","decl":{"start":{"line":64,"column":24},"end":{"line":64,"column":25}},"loc":{"start":{"line":64,"column":44},"end":{"line":104,"column":1}},"line":64},"3":{"name":"(anonymous_3)","decl":{"start":{"line":107,"column":24},"end":{"line":107,"column":25}},"loc":{"start":{"line":107,"column":44},"end":{"line":132,"column":1}},"line":107}},"branchMap":{"0":{"loc":{"start":{"line":12,"column":4},"end":{"line":15,"column":8}},"type":"binary-expr","locations":[{"start":{"line":12,"column":4},"end":{"line":12,"column":57}},{"start":{"line":13,"column":4},"end":{"line":13,"column":33}},{"start":{"line":14,"column":4},"end":{"line":14,"column":29}},{"start":{"line":15,"column":4},"end":{"line":15,"column":8}}],"line":12},"1":{"loc":{"start":{"line":17,"column":20},"end":{"line":17,"column":53}},"type":"binary-expr","locations":[{"start":{"line":17,"column":20},"end":{"line":17,"column":45}},{"start":{"line":17,"column":49},"end":{"line":17,"column":53}}],"line":17},"2":{"loc":{"start":{"line":18,"column":22},"end":{"line":18,"column":65}},"type":"binary-expr","locations":[{"start":{"line":18,"column":22},"end":{"line":18,"column":57}},{"start":{"line":18,"column":61},"end":{"line":18,"column":65}}],"line":18},"3":{"loc":{"start":{"line":27,"column":2},"end":{"line":29,"column":3}},"type":"if","locations":[{"start":{"line":27,"column":2},"end":{"line":29,"column":3}},{"start":{},"end":{}}],"line":27},"4":{"loc":{"start":{"line":27,"column":6},"end":{"line":27,"column":56}},"type":"binary-expr","locations":[{"start":{"line":27,"column":6},"end":{"line":27,"column":10}},{"start":{"line":27,"column":14},"end":{"line":27,"column":37}},{"start":{"line":27,"column":41},"end":{"line":27,"column":56}}],"line":27},"5":{"loc":{"start":{"line":31,"column":2},"end":{"line":33,"column":3}},"type":"if","locations":[{"start":{"line":31,"column":2},"end":{"line":33,"column":3}},{"start":{},"end":{}}],"line":31},"6":{"loc":{"start":{"line":31,"column":6},"end":{"line":31,"column":47}},"type":"binary-expr","locations":[{"start":{"line":31,"column":6},"end":{"line":31,"column":15}},{"start":{"line":31,"column":19},"end":{"line":31,"column":47}}],"line":31},"7":{"loc":{"start":{"line":37,"column":4},"end":{"line":39,"column":5}},"type":"if","locations":[{"start":{"line":37,"column":4},"end":{"line":39,"column":5}},{"start":{},"end":{}}],"line":37},"8":{"loc":{"start":{"line":68,"column":2},"end":{"line":70,"column":3}},"type":"if","locations":[{"start":{"line":68,"column":2},"end":{"line":70,"column":3}},{"start":{},"end":{}}],"line":68},"9":{"loc":{"start":{"line":68,"column":6},"end":{"line":68,"column":56}},"type":"binary-expr","locations":[{"start":{"line":68,"column":6},"end":{"line":68,"column":10}},{"start":{"line":68,"column":14},"end":{"line":68,"column":37}},{"start":{"line":68,"column":41},"end":{"line":68,"column":56}}],"line":68},"10":{"loc":{"start":{"line":72,"column":2},"end":{"line":74,"column":3}},"type":"if","locations":[{"start":{"line":72,"column":2},"end":{"line":74,"column":3}},{"start":{},"end":{}}],"line":72},"11":{"loc":{"start":{"line":72,"column":6},"end":{"line":72,"column":47}},"type":"binary-expr","locations":[{"start":{"line":72,"column":6},"end":{"line":72,"column":15}},{"start":{"line":72,"column":19},"end":{"line":72,"column":47}}],"line":72},"12":{"loc":{"start":{"line":78,"column":4},"end":{"line":80,"column":5}},"type":"if","locations":[{"start":{"line":78,"column":4},"end":{"line":80,"column":5}},{"start":{},"end":{}}],"line":78},"13":{"loc":{"start":{"line":108,"column":24},"end":{"line":108,"column":45}},"type":"binary-expr","locations":[{"start":{"line":108,"column":24},"end":{"line":108,"column":38}},{"start":{"line":108,"column":42},"end":{"line":108,"column":45}}],"line":108},"14":{"loc":{"start":{"line":109,"column":25},"end":{"line":109,"column":48}},"type":"binary-expr","locations":[{"start":{"line":109,"column":25},"end":{"line":109,"column":40}},{"start":{"line":109,"column":44},"end":{"line":109,"column":48}}],"line":109}},"s":{"0":1,"1":1,"2":1,"3":1,"4":1,"5":3,"6":3,"7":3,"8":3,"9":1,"10":2,"11":2,"12":2,"13":0,"14":2,"15":1,"16":1,"17":1,"18":1,"19":0,"20":1,"21":1,"22":1,"23":1,"24":1,"25":0,"26":0,"27":1,"28":2,"29":2,"30":2,"31":1,"32":1,"33":0,"34":1,"35":1,"36":1,"37":0,"38":1,"39":1,"40":1,"41":1,"42":1,"43":0,"44":0,"45":1,"46":1,"47":1,"48":1,"49":1,"50":1,"51":1,"52":0,"53":0,"54":1,"55":1},"f":{"0":3,"1":2,"2":2,"3":1},"b":{"0":[3,3,2,2],"1":[3,0],"2":[3,2],"3":[0,2],"4":[2,2,2],"5":[1,1],"6":[2,2],"7":[0,1],"8":[1,1],"9":[2,2,2],"10":[0,1],"11":[1,1],"12":[0,1],"13":[1,0],"14":[1,0]},"_coverageSchema":"1a1c01bbd47fc00a2c39e90264f33305004495a9","hash":"1fd945bf480c98f35c548a039a32b0ce58441438"}
,"/Users/atuldhakad/Documents/Projects/New Coaching FInder/Coaching_Finder-main/backend/controllers/roleController.js": {"path":"/Users/atuldhakad/Documents/Projects/New Coaching FInder/Coaching_Finder-main/backend/controllers/roleController.js","statementMap":{"0":{"start":{"line":2,"column":14},"end":{"line":2,"column":39}},"1":{"start":{"line":3,"column":13},"end":{"line":3,"column":38}},"2":{"start":{"line":4,"column":17},"end":{"line":4,"column":46}},"3":{"start":{"line":5,"column":34},"end":{"line":5,"column":59}},"4":{"start":{"line":6,"column":15},"end":{"line":6,"column":41}},"5":{"start":{"line":7,"column":31},"end":{"line":7,"column":59}},"6":{"start":{"line":11,"column":24},"end":{"line":11,"column":32}},"7":{"start":{"line":12,"column":19},"end":{"line":12,"column":32}},"8":{"start":{"line":14,"column":2},"end":{"line":16,"column":3}},"9":{"start":{"line":15,"column":4},"end":{"line":15,"column":68}},"10":{"start":{"line":17,"column":2},"end":{"line":19,"column":3}},"11":{"start":{"line":18,"column":4},"end":{"line":18,"column":59}},"12":{"start":{"line":20,"column":2},"end":{"line":22,"column":3}},"13":{"start":{"line":21,"column":4},"end":{"line":21,"column":88}},"14":{"start":{"line":24,"column":2},"end":{"line":49,"column":3}},"15":{"start":{"line":25,"column":20},"end":{"line":25,"column":47}},"16":{"start":{"line":26,"column":4},"end":{"line":28,"column":5}},"17":{"start":{"line":27,"column":6},"end":{"line":27,"column":69}},"18":{"start":{"line":30,"column":19},"end":{"line":30,"column":21}},"19":{"start":{"line":31,"column":4},"end":{"line":31,"column":56}},"20":{"start":{"line":31,"column":34},"end":{"line":31,"column":52}},"21":{"start":{"line":32,"column":4},"end":{"line":32,"column":24}},"22":{"start":{"line":33,"column":4},"end":{"line":33,"column":56}},"23":{"start":{"line":34,"column":4},"end":{"line":34,"column":61}},"24":{"start":{"line":36,"column":24},"end":{"line":36,"column":47}},"25":{"start":{"line":37,"column":4},"end":{"line":44,"column":7}},"26":{"start":{"line":45,"column":4},"end":{"line":45,"column":87}},"27":{"start":{"line":47,"column":4},"end":{"line":47,"column":57}},"28":{"start":{"line":48,"column":4},"end":{"line":48,"column":65}},"29":{"start":{"line":52,"column":0},"end":{"line":52,"column":30}}},"fnMap":{"0":{"name":"setRoles","decl":{"start":{"line":10,"column":15},"end":{"line":10,"column":23}},"loc":{"start":{"line":10,"column":34},"end":{"line":50,"column":1}},"line":10},"1":{"name":"(anonymous_1)","decl":{"start":{"line":31,"column":27},"end":{"line":31,"column":28}},"loc":{"start":{"line":31,"column":32},"end":{"line":31,"column":54}},"line":31}},"branchMap":{"0":{"loc":{"start":{"line":14,"column":2},"end":{"line":16,"column":3}},"type":"if","locations":[{"start":{"line":14,"column":2},"end":{"line":16,"column":3}},{"start":{},"end":{}}],"line":14},"1":{"loc":{"start":{"line":14,"column":6},"end":{"line":14,"column":56}},"type":"binary-expr","locations":[{"start":{"line":14,"column":6},"end":{"line":14,"column":10}},{"start":{"line":14,"column":14},"end":{"line":14,"column":37}},{"start":{"line":14,"column":41},"end":{"line":14,"column":56}}],"line":14},"2":{"loc":{"start":{"line":17,"column":2},"end":{"line":19,"column":3}},"type":"if","locations":[{"start":{"line":17,"column":2},"end":{"line":19,"column":3}},{"start":{},"end":{}}],"line":17},"3":{"loc":{"start":{"line":17,"column":6},"end":{"line":17,"column":45}},"type":"binary-expr","locations":[{"start":{"line":17,"column":6},"end":{"line":17,"column":11}},{"start":{"line":17,"column":15},"end":{"line":17,"column":45}}],"line":17},"4":{"loc":{"start":{"line":20,"column":2},"end":{"line":22,"column":3}},"type":"if","locations":[{"start":{"line":20,"column":2},"end":{"line":22,"column":3}},{"start":{},"end":{}}],"line":20},"5":{"loc":{"start":{"line":20,"column":6},"end":{"line":20,"column":53}},"type":"binary-expr","locations":[{"start":{"line":20,"column":6},"end":{"line":20,"column":15}},{"start":{"line":20,"column":19},"end":{"line":20,"column":53}}],"line":20},"6":{"loc":{"start":{"line":26,"column":4},"end":{"line":28,"column":5}},"type":"if","locations":[{"start":{"line":26,"column":4},"end":{"line":28,"column":5}},{"start":{},"end":{}}],"line":26}},"s":{"0":1,"1":1,"2":1,"3":1,"4":1,"5":1,"6":6,"7":6,"8":6,"9":1,"10":5,"11":1,"12":4,"13":1,"14":3,"15":3,"16":2,"17":1,"18":1,"19":1,"20":4,"21":1,"22":1,"23":1,"24":1,"25":1,"26":1,"27":1,"28":1,"29":1},"f":{"0":6,"1":4},"b":{"0":[1,5],"1":[6,6,6],"2":[1,4],"3":[5,5],"4":[1,3],"5":[4,4],"6":[1,1]},"_coverageSchema":"1a1c01bbd47fc00a2c39e90264f33305004495a9","hash":"49709ab01309c1af08df595119e2c9371c3b72b1"}
,"/Users/atuldhakad/Documents/Projects/New Coaching FInder/Coaching_Finder-main/backend/utils/logger.js": {"path":"/Users/atuldhakad/Documents/Projects/New Coaching FInder/Coaching_Finder-main/backend/utils/logger.js","statementMap":{"0":{"start":{"line":2,"column":45},"end":{"line":2,"column":63}},"1":{"start":{"line":4,"column":15},"end":{"line":20,"column":2}},"2":{"start":{"line":10,"column":6},"end":{"line":12,"column":62}},"3":{"start":{"line":22,"column":0},"end":{"line":22,"column":24}}},"fnMap":{"0":{"name":"(anonymous_0)","decl":{"start":{"line":9,"column":18},"end":{"line":9,"column":19}},"loc":{"start":{"line":9,"column":60},"end":{"line":13,"column":5}},"line":9}},"branchMap":{"0":{"loc":{"start":{"line":10,"column":13},"end":{"line":12,"column":61}},"type":"cond-expr","locations":[{"start":{"line":11,"column":10},"end":{"line":11,"column":79}},{"start":{"line":12,"column":10},"end":{"line":12,"column":61}}],"line":10}},"s":{"0":1,"1":1,"2":1,"3":1},"f":{"0":1},"b":{"0":[0,1]},"_coverageSchema":"1a1c01bbd47fc00a2c39e90264f33305004495a9","hash":"3c1f40e3e0c05748985c2c9d09400b98a38a6625"}
,"/Users/atuldhakad/Documents/Projects/New Coaching FInder/Coaching_Finder-main/backend/utils/roles.js": {"path":"/Users/atuldhakad/Documents/Projects/New Coaching FInder/Coaching_Finder-main/backend/utils/roles.js","statementMap":{"0":{"start":{"line":3,"column":14},"end":{"line":8,"column":1}},"1":{"start":{"line":10,"column":23},"end":{"line":10,"column":83}},"2":{"start":{"line":13,"column":2},"end":{"line":13,"column":36}},"3":{"start":{"line":17,"column":2},"end":{"line":17,"column":43}},"4":{"start":{"line":21,"column":2},"end":{"line":21,"column":40}},"5":{"start":{"line":21,"column":27},"end":{"line":21,"column":40}},"6":{"start":{"line":22,"column":18},"end":{"line":22,"column":51}},"7":{"start":{"line":23,"column":20},"end":{"line":23,"column":54}},"8":{"start":{"line":24,"column":2},"end":{"line":24,"column":64}},"9":{"start":{"line":27,"column":0},"end":{"line":33,"column":2}}},"fnMap":{"0":{"name":"hasRole","decl":{"start":{"line":12,"column":9},"end":{"line":12,"column":16}},"loc":{"start":{"line":12,"column":29},"end":{"line":14,"column":1}},"line":12},"1":{"name":"hasAnyRole","decl":{"start":{"line":16,"column":9},"end":{"line":16,"column":19}},"loc":{"start":{"line":16,"column":33},"end":{"line":18,"column":1}},"line":16},"2":{"name":"roleGreaterOrEqual","decl":{"start":{"line":20,"column":9},"end":{"line":20,"column":27}},"loc":{"start":{"line":20,"column":46},"end":{"line":25,"column":1}},"line":20}},"branchMap":{"0":{"loc":{"start":{"line":13,"column":9},"end":{"line":13,"column":35}},"type":"binary-expr","locations":[{"start":{"line":13,"column":9},"end":{"line":13,"column":13}},{"start":{"line":13,"column":17},"end":{"line":13,"column":35}}],"line":13},"1":{"loc":{"start":{"line":17,"column":9},"end":{"line":17,"column":42}},"type":"binary-expr","locations":[{"start":{"line":17,"column":9},"end":{"line":17,"column":13}},{"start":{"line":17,"column":17},"end":{"line":17,"column":42}}],"line":17},"2":{"loc":{"start":{"line":21,"column":2},"end":{"line":21,"column":40}},"type":"if","locations":[{"start":{"line":21,"column":2},"end":{"line":21,"column":40}},{"start":{},"end":{}}],"line":21},"3":{"loc":{"start":{"line":21,"column":6},"end":{"line":21,"column":25}},"type":"binary-expr","locations":[{"start":{"line":21,"column":6},"end":{"line":21,"column":11}},{"start":{"line":21,"column":15},"end":{"line":21,"column":25}}],"line":21},"4":{"loc":{"start":{"line":24,"column":9},"end":{"line":24,"column":63}},"type":"binary-expr","locations":[{"start":{"line":24,"column":9},"end":{"line":24,"column":21}},{"start":{"line":24,"column":25},"end":{"line":24,"column":39}},{"start":{"line":24,"column":43},"end":{"line":24,"column":63}}],"line":24}},"s":{"0":1,"1":1,"2":0,"3":0,"4":0,"5":0,"6":0,"7":0,"8":0,"9":1},"f":{"0":0,"1":0,"2":0},"b":{"0":[0,0],"1":[0,0],"2":[0,0],"3":[0,0],"4":[0,0,0]},"_coverageSchema":"1a1c01bbd47fc00a2c39e90264f33305004495a9","hash":"d334c23a5b4811e36a6382c714cfebfa39923c0a"}
}
