TN:
SF:controllers/adminController.js
FN:10,(anonymous_0)
FN:23,(anonymous_1)
FN:64,(anonymous_2)
FN:107,(anonymous_3)
FNF:4
FNH:4
FNDA:3,(anonymous_0)
FNDA:2,(anonymous_1)
FNDA:2,(anonymous_2)
FNDA:1,(anonymous_3)
DA:2,1
DA:3,1
DA:5,1
DA:8,1
DA:10,1
DA:12,3
DA:17,3
DA:18,3
DA:20,3
DA:23,1
DA:24,2
DA:25,2
DA:27,2
DA:28,0
DA:31,2
DA:32,1
DA:35,1
DA:36,1
DA:37,1
DA:38,0
DA:41,1
DA:42,1
DA:44,1
DA:45,1
DA:57,1
DA:59,0
DA:60,0
DA:64,1
DA:65,2
DA:66,2
DA:68,2
DA:69,1
DA:72,1
DA:73,0
DA:76,1
DA:77,1
DA:78,1
DA:79,0
DA:82,1
DA:83,1
DA:85,1
DA:86,1
DA:99,1
DA:101,0
DA:102,0
DA:107,1
DA:108,1
DA:109,1
DA:111,1
DA:112,1
DA:117,1
DA:119,1
DA:129,0
DA:130,0
DA:134,1
DA:140,1
LF:56
LH:46
BRDA:12,0,0,3
BRDA:12,0,1,3
BRDA:12,0,2,2
BRDA:12,0,3,2
BRDA:17,1,0,3
BRDA:17,1,1,0
BRDA:18,2,0,3
BRDA:18,2,1,2
BRDA:27,3,0,0
BRDA:27,3,1,2
BRDA:27,4,0,2
BRDA:27,4,1,2
BRDA:27,4,2,2
BRDA:31,5,0,1
BRDA:31,5,1,1
BRDA:31,6,0,2
BRDA:31,6,1,2
BRDA:37,7,0,0
BRDA:37,7,1,1
BRDA:68,8,0,1
BRDA:68,8,1,1
BRDA:68,9,0,2
BRDA:68,9,1,2
BRDA:68,9,2,2
BRDA:72,10,0,0
BRDA:72,10,1,1
BRDA:72,11,0,1
BRDA:72,11,1,1
BRDA:78,12,0,0
BRDA:78,12,1,1
BRDA:108,13,0,1
BRDA:108,13,1,0
BRDA:109,14,0,1
BRDA:109,14,1,0
BRF:34
BRH:27
end_of_record
TN:
SF:controllers/roleController.js
FN:10,setRoles
FN:31,(anonymous_1)
FNF:2
FNH:2
FNDA:6,setRoles
FNDA:4,(anonymous_1)
DA:2,1
DA:3,1
DA:4,1
DA:5,1
DA:6,1
DA:7,1
DA:11,6
DA:12,6
DA:14,6
DA:15,1
DA:17,5
DA:18,1
DA:20,4
DA:21,1
DA:24,3
DA:25,3
DA:26,2
DA:27,1
DA:30,1
DA:31,4
DA:32,1
DA:33,1
DA:34,1
DA:36,1
DA:37,1
DA:45,1
DA:47,1
DA:48,1
DA:52,1
LF:29
LH:29
BRDA:14,0,0,1
BRDA:14,0,1,5
BRDA:14,1,0,6
BRDA:14,1,1,6
BRDA:14,1,2,6
BRDA:17,2,0,1
BRDA:17,2,1,4
BRDA:17,3,0,5
BRDA:17,3,1,5
BRDA:20,4,0,1
BRDA:20,4,1,3
BRDA:20,5,0,4
BRDA:20,5,1,4
BRDA:26,6,0,1
BRDA:26,6,1,1
BRF:15
BRH:15
end_of_record
TN:
SF:utils/logger.js
FN:9,(anonymous_0)
FNF:1
FNH:1
FNDA:1,(anonymous_0)
DA:2,1
DA:4,1
DA:10,1
DA:22,1
LF:4
LH:4
BRDA:10,0,0,0
BRDA:10,0,1,1
BRF:2
BRH:1
end_of_record
TN:
SF:utils/roles.js
FN:12,hasRole
FN:16,hasAnyRole
FN:20,roleGreaterOrEqual
FNF:3
FNH:0
FNDA:0,hasRole
FNDA:0,hasAnyRole
FNDA:0,roleGreaterOrEqual
DA:3,1
DA:10,1
DA:13,0
DA:17,0
DA:21,0
DA:22,0
DA:23,0
DA:24,0
DA:27,1
LF:9
LH:3
BRDA:13,0,0,0
BRDA:13,0,1,0
BRDA:17,1,0,0
BRDA:17,1,1,0
BRDA:21,2,0,0
BRDA:21,2,1,0
BRDA:21,3,0,0
BRDA:21,3,1,0
BRDA:24,4,0,0
BRDA:24,4,1,0
BRDA:24,4,2,0
BRF:11
BRH:0
end_of_record
